In clock cycle: 0
Register Write to Reg: 0x08 Val: 0x00000001
In clock cycle: 1
Register Write to Reg: 0x10 Val: 0x10010000
In clock cycle: 2
Memory Write to Addr: 0x10010000 Val: 0x00000001
In clock cycle: 3
Register Write to Reg: 0x09 Val: 0x00000002
In clock cycle: 4
Memory Write to Addr: 0x10010004 Val: 0x00000002
In clock cycle: 5
Register Write to Reg: 0x0A Val: 0x00000003
In clock cycle: 6
Memory Write to Addr: 0x10010008 Val: 0x00000003
In clock cycle: 7
Register Write to Reg: 0x0B Val: 0x00000004
In clock cycle: 8
Memory Write to Addr: 0x1001000C Val: 0x00000004
In clock cycle: 9
Register Write to Reg: 0x0C Val: 0x00000005
In clock cycle: 10
Memory Write to Addr: 0x10010000 Val: 0x00000005
In clock cycle: 11
Register Write to Reg: 0x0D Val: 0x00000006
In clock cycle: 12
Memory Write to Addr: 0x10010FFC Val: 0x00000006
Execution is stopping! Clock Cycle: 13
