QuestaSim-64 vcom 2023.2_2 Compiler 2023.06 Jun  9 2023
Start time: 17:45:54 on Mar 27,2024
vcom -2008 -work internal/ModelSimContainer/work proj/src/MIPS_types.vhd internal/testpy/tb.vhd proj/src/MIPS_types.vhd proj/src/TopLevel/MIPS_Processor.vhd proj/src/TopLevel/nBitNor.vhd proj/src/TopLevel/setLessThan.vhd proj/src/TopLevel/Nbit_reg.vhd proj/src/TopLevel/nBitAdder.vhd proj/src/TopLevel/nBitAddSub.vhd proj/src/TopLevel/mem.vhd proj/src/TopLevel/tb_shift.vhd proj/src/TopLevel/mux2t1_dataflow.vhd proj/src/TopLevel/dffg_PC.vhd proj/src/TopLevel/extendSign.vhd proj/src/TopLevel/andg2N.vhd proj/src/TopLevel/jump.vhd proj/src/TopLevel/andg2.vhd proj/src/TopLevel/tb_branch.vhd proj/src/TopLevel/tb_jump.vhd proj/src/TopLevel/decoder.vhd proj/src/TopLevel/nBitXor.vhd proj/src/TopLevel/dffg_set.vhd proj/src/TopLevel/Barrel_Shifter.vhd proj/src/TopLevel/fetchLogic.vhd proj/src/TopLevel/pcRegister.vhd proj/src/TopLevel/org2.vhd proj/src/TopLevel/mux2t1_5bit.vhd proj/src/TopLevel/dffg.vhd proj/src/TopLevel/fullAdder.vhd proj/src/TopLevel/nBitOr.vhd proj/src/TopLevel/MIPSregister.vhd proj/src/TopLevel/mux2t1_N.vhd proj/src/TopLevel/addToStart.vhd proj/src/TopLevel/selectOperation.vhd proj/src/TopLevel/tb_fetchLogic.vhd proj/src/TopLevel/tb_alu.vhd proj/src/TopLevel/branch.vhd proj/src/TopLevel/alu.vhd proj/src/TopLevel/addToEnd.vhd proj/src/TopLevel/xorg2.vhd proj/src/TopLevel/Extender.vhd proj/src/TopLevel/invg.vhd proj/src/TopLevel/tb_control.vhd proj/src/TopLevel/my_32t1_mux.vhd proj/src/TopLevel/mux2t1.vhd proj/src/TopLevel/onesComp.vhd proj/src/TopLevel/Nbit_reg_PC.vhd proj/src/TopLevel/tb_MIPS_Processor.vhd proj/src/TopLevel/branchALU.vhd proj/src/TopLevel/nBitAnd.vhd proj/src/TopLevel/Control.vhd proj/src/TopLevel/shift.vhd 
-- Loading package STANDARD
-- Loading package TEXTIO
-- Loading package std_logic_1164
-- Compiling package MIPS_types
-- Compiling package body MIPS_types
-- Loading package MIPS_types
-- Loading package std_logic_textio
-- Loading package ENV
-- Compiling entity tb
-- Compiling architecture mixed of tb
** Warning: proj/src/MIPS_types.vhd(15): (vcom-1615) Existing package 'MIPS_types' at line 15 will be overwritten.
-- Compiling package MIPS_types
** Warning: proj/src/MIPS_types.vhd(31): (vcom-1615) Existing package body 'MIPS_types(body)' at line 31 will be overwritten.
-- Compiling package body MIPS_types
-- Loading package MIPS_types
-- Loading package MIPS_types
-- Compiling entity MIPS_Processor
-- Compiling architecture structure of MIPS_Processor
** Error: proj/src/TopLevel/MIPS_Processor.vhd(331): (vcom-1484) Unknown formal identifier "o_extendBy".
** Error: proj/src/TopLevel/MIPS_Processor.vhd(349): (vcom-1484) Unknown formal identifier "i_S".
** Note: proj/src/TopLevel/MIPS_Processor.vhd(403): VHDL Compiler exiting
End time: 17:45:54 on Mar 27,2024, Elapsed time: 0:00:00
Errors: 2, Warnings: 2
