In clock cycle: 0
Register Write to Reg: 0x01 Val: 0x10010000
In clock cycle: 1
Register Write to Reg: 0x08 Val: 0x10010000
In clock cycle: 2
Register Write to Reg: 0x01 Val: 0xFFFF0000
In clock cycle: 3
Register Write to Reg: 0x01 Val: 0xFFFF0000
In clock cycle: 4
Register Write to Reg: 0x09 Val: 0xFFFF0000
In clock cycle: 5
Memory Write to Addr: 0x10010004 Val: 0xFFFF0000
In clock cycle: 6
Register Write to Reg: 0x01 Val: 0x00000000
In clock cycle: 7
Register Write to Reg: 0x01 Val: 0x0000FFFF
In clock cycle: 8
Register Write to Reg: 0x09 Val: 0x0000FFFF
In clock cycle: 9
Memory Write to Addr: 0x10010004 Val: 0x0000FFFF
Execution is stopping! Clock Cycle: 10
