Info: *******************************************************************
Info: Running Quartus Prime Analysis & Synthesis
    Info: Version 20.1.1 Build 720 11/11/2020 SJ Standard Edition
    Info: Copyright (C) 2020  Intel Corporation. All rights reserved.
    Info: Your use of Intel Corporation's design tools, logic functions 
    Info: and other software and tools, and any partner logic 
    Info: functions, and any output files from any of the foregoing 
    Info: (including device programming or simulation files), and any 
    Info: associated documentation or information are expressly subject 
    Info: to the terms and conditions of the Intel Program License 
    Info: Subscription Agreement, the Intel Quartus Prime License Agreement,
    Info: the Intel FPGA IP License Agreement, or other applicable license
    Info: agreement, including, without limitation, that your use is for
    Info: the sole purpose of programming logic devices manufactured by
    Info: Intel and sold by Intel or its authorized distributors.  Please
    Info: refer to the applicable agreement for further details, at
    Info: https://fpgasoftware.intel.com/eula.
    Info: Processing started: Wed Apr 24 10:19:38 2024
Info: Command: quartus_map --read_settings_files=on --write_settings_files=off toolflow -c toolflow
Warning (18236): Number of processors has not been specified which may cause overloading on shared machines.  Set the global assignment NUM_PARALLEL_PROCESSORS in your QSF to an appropriate value for best performance.
Info (20030): Parallel compilation is enabled and will use 4 of the 4 processors detected
Info (12021): Found 2 design units, including 0 entities, in source file /home/abrahimt/CPR E 381/Project 1/cpr-e-381/proj/src/MIPS_types.vhd
    Info (12022): Found design unit 1: MIPS_types File: /home/abrahimt/CPR E 381/Project 1/cpr-e-381/proj/src/MIPS_types.vhd Line: 15
    Info (12022): Found design unit 2: MIPS_types-body File: /home/abrahimt/CPR E 381/Project 1/cpr-e-381/proj/src/MIPS_types.vhd Line: 31
Info (12021): Found 2 design units, including 1 entities, in source file /home/abrahimt/CPR E 381/Project 1/cpr-e-381/proj/src/TopLevel/5bit_dffg.vhd
    Info (12022): Found design unit 1: Fivebit_dffg-mixed File: /home/abrahimt/CPR E 381/Project 1/cpr-e-381/proj/src/TopLevel/5bit_dffg.vhd Line: 16
    Info (12023): Found entity 1: Fivebit_dffg File: /home/abrahimt/CPR E 381/Project 1/cpr-e-381/proj/src/TopLevel/5bit_dffg.vhd Line: 6
Info (12021): Found 2 design units, including 1 entities, in source file /home/abrahimt/CPR E 381/Project 1/cpr-e-381/proj/src/TopLevel/Barrel_Shifter.vhd
    Info (12022): Found design unit 1: Barrel_Shifter-structural File: /home/abrahimt/CPR E 381/Project 1/cpr-e-381/proj/src/TopLevel/Barrel_Shifter.vhd Line: 21
    Info (12023): Found entity 1: Barrel_Shifter File: /home/abrahimt/CPR E 381/Project 1/cpr-e-381/proj/src/TopLevel/Barrel_Shifter.vhd Line: 11
Info (12021): Found 2 design units, including 1 entities, in source file /home/abrahimt/CPR E 381/Project 1/cpr-e-381/proj/src/TopLevel/Control.vhd
    Info (12022): Found design unit 1: control-behavioral File: /home/abrahimt/CPR E 381/Project 1/cpr-e-381/proj/src/TopLevel/Control.vhd Line: 40
    Info (12023): Found entity 1: control File: /home/abrahimt/CPR E 381/Project 1/cpr-e-381/proj/src/TopLevel/Control.vhd Line: 14
Info (12021): Found 2 design units, including 1 entities, in source file /home/abrahimt/CPR E 381/Project 1/cpr-e-381/proj/src/TopLevel/Decode_Execute_Reg.vhd
    Info (12022): Found design unit 1: Decode_Execute_Reg-structure File: /home/abrahimt/CPR E 381/Project 1/cpr-e-381/proj/src/TopLevel/Decode_Execute_Reg.vhd Line: 68
    Info (12023): Found entity 1: Decode_Execute_Reg File: /home/abrahimt/CPR E 381/Project 1/cpr-e-381/proj/src/TopLevel/Decode_Execute_Reg.vhd Line: 6
Info (12021): Found 2 design units, including 1 entities, in source file /home/abrahimt/CPR E 381/Project 1/cpr-e-381/proj/src/TopLevel/Execute_Memory_Reg.vhd
    Info (12022): Found design unit 1: Execute_Memory_Reg-structure File: /home/abrahimt/CPR E 381/Project 1/cpr-e-381/proj/src/TopLevel/Execute_Memory_Reg.vhd Line: 42
    Info (12023): Found entity 1: Execute_Memory_Reg File: /home/abrahimt/CPR E 381/Project 1/cpr-e-381/proj/src/TopLevel/Execute_Memory_Reg.vhd Line: 6
Info (12021): Found 2 design units, including 1 entities, in source file /home/abrahimt/CPR E 381/Project 1/cpr-e-381/proj/src/TopLevel/Extender.vhd
    Info (12022): Found design unit 1: Extender-behavior File: /home/abrahimt/CPR E 381/Project 1/cpr-e-381/proj/src/TopLevel/Extender.vhd Line: 21
    Info (12023): Found entity 1: Extender File: /home/abrahimt/CPR E 381/Project 1/cpr-e-381/proj/src/TopLevel/Extender.vhd Line: 14
Info (12021): Found 2 design units, including 1 entities, in source file /home/abrahimt/CPR E 381/Project 1/cpr-e-381/proj/src/TopLevel/FOURbit_dffg.vhd
    Info (12022): Found design unit 1: FOURbit_dffg-mixed File: /home/abrahimt/CPR E 381/Project 1/cpr-e-381/proj/src/TopLevel/FOURbit_dffg.vhd Line: 16
    Info (12023): Found entity 1: FOURbit_dffg File: /home/abrahimt/CPR E 381/Project 1/cpr-e-381/proj/src/TopLevel/FOURbit_dffg.vhd Line: 6
Info (12021): Found 2 design units, including 1 entities, in source file /home/abrahimt/CPR E 381/Project 1/cpr-e-381/proj/src/TopLevel/Fetch_Decode_Reg.vhd
    Info (12022): Found design unit 1: Fetch_Decode_Reg-structure File: /home/abrahimt/CPR E 381/Project 1/cpr-e-381/proj/src/TopLevel/Fetch_Decode_Reg.vhd Line: 22
    Info (12023): Found entity 1: Fetch_Decode_Reg File: /home/abrahimt/CPR E 381/Project 1/cpr-e-381/proj/src/TopLevel/Fetch_Decode_Reg.vhd Line: 6
Info (12021): Found 2 design units, including 1 entities, in source file /home/abrahimt/CPR E 381/Project 1/cpr-e-381/proj/src/TopLevel/ForwardingUnit.vhd
    Info (12022): Found design unit 1: ForwardingUnit-structure File: /home/abrahimt/CPR E 381/Project 1/cpr-e-381/proj/src/TopLevel/ForwardingUnit.vhd Line: 19
    Info (12023): Found entity 1: ForwardingUnit File: /home/abrahimt/CPR E 381/Project 1/cpr-e-381/proj/src/TopLevel/ForwardingUnit.vhd Line: 6
Info (12021): Found 2 design units, including 1 entities, in source file /home/abrahimt/CPR E 381/Project 1/cpr-e-381/proj/src/TopLevel/MIPS_Processor.vhd
    Info (12022): Found design unit 1: MIPS_Processor-structure File: /home/abrahimt/CPR E 381/Project 1/cpr-e-381/proj/src/TopLevel/MIPS_Processor.vhd Line: 34
    Info (12023): Found entity 1: MIPS_Processor File: /home/abrahimt/CPR E 381/Project 1/cpr-e-381/proj/src/TopLevel/MIPS_Processor.vhd Line: 19
Info (12021): Found 2 design units, including 1 entities, in source file /home/abrahimt/CPR E 381/Project 1/cpr-e-381/proj/src/TopLevel/MIPSregister.vhd
    Info (12022): Found design unit 1: MIPSregister-structural File: /home/abrahimt/CPR E 381/Project 1/cpr-e-381/proj/src/TopLevel/MIPSregister.vhd Line: 20
    Info (12023): Found entity 1: MIPSregister File: /home/abrahimt/CPR E 381/Project 1/cpr-e-381/proj/src/TopLevel/MIPSregister.vhd Line: 7
Info (12021): Found 2 design units, including 1 entities, in source file /home/abrahimt/CPR E 381/Project 1/cpr-e-381/proj/src/TopLevel/Memory_WriteBack_Reg.vhd
    Info (12022): Found design unit 1: Memory_WriteBack_Reg-structure File: /home/abrahimt/CPR E 381/Project 1/cpr-e-381/proj/src/TopLevel/Memory_WriteBack_Reg.vhd Line: 40
    Info (12023): Found entity 1: Memory_WriteBack_Reg File: /home/abrahimt/CPR E 381/Project 1/cpr-e-381/proj/src/TopLevel/Memory_WriteBack_Reg.vhd Line: 6
Info (12021): Found 2 design units, including 1 entities, in source file /home/abrahimt/CPR E 381/Project 1/cpr-e-381/proj/src/TopLevel/Nbit_dffg.vhd
    Info (12022): Found design unit 1: Nbit_dffg-mixed File: /home/abrahimt/CPR E 381/Project 1/cpr-e-381/proj/src/TopLevel/Nbit_dffg.vhd Line: 14
    Info (12023): Found entity 1: Nbit_dffg File: /home/abrahimt/CPR E 381/Project 1/cpr-e-381/proj/src/TopLevel/Nbit_dffg.vhd Line: 4
Info (12021): Found 2 design units, including 1 entities, in source file /home/abrahimt/CPR E 381/Project 1/cpr-e-381/proj/src/TopLevel/Nbit_reg.vhd
    Info (12022): Found design unit 1: Nbit_reg-structural File: /home/abrahimt/CPR E 381/Project 1/cpr-e-381/proj/src/TopLevel/Nbit_reg.vhd Line: 17
    Info (12023): Found entity 1: Nbit_reg File: /home/abrahimt/CPR E 381/Project 1/cpr-e-381/proj/src/TopLevel/Nbit_reg.vhd Line: 7
Info (12021): Found 2 design units, including 1 entities, in source file /home/abrahimt/CPR E 381/Project 1/cpr-e-381/proj/src/TopLevel/Nbit_reg_PC.vhd
    Info (12022): Found design unit 1: Nbit_reg_PC-structural File: /home/abrahimt/CPR E 381/Project 1/cpr-e-381/proj/src/TopLevel/Nbit_reg_PC.vhd Line: 17
    Info (12023): Found entity 1: Nbit_reg_PC File: /home/abrahimt/CPR E 381/Project 1/cpr-e-381/proj/src/TopLevel/Nbit_reg_PC.vhd Line: 7
Info (12021): Found 2 design units, including 1 entities, in source file /home/abrahimt/CPR E 381/Project 1/cpr-e-381/proj/src/TopLevel/addToEnd.vhd
    Info (12022): Found design unit 1: addToEnd-behavioral File: /home/abrahimt/CPR E 381/Project 1/cpr-e-381/proj/src/TopLevel/addToEnd.vhd Line: 19
    Info (12023): Found entity 1: addToEnd File: /home/abrahimt/CPR E 381/Project 1/cpr-e-381/proj/src/TopLevel/addToEnd.vhd Line: 14
Info (12021): Found 2 design units, including 1 entities, in source file /home/abrahimt/CPR E 381/Project 1/cpr-e-381/proj/src/TopLevel/addToStart.vhd
    Info (12022): Found design unit 1: addToStart-behavioral File: /home/abrahimt/CPR E 381/Project 1/cpr-e-381/proj/src/TopLevel/addToStart.vhd Line: 20
    Info (12023): Found entity 1: addToStart File: /home/abrahimt/CPR E 381/Project 1/cpr-e-381/proj/src/TopLevel/addToStart.vhd Line: 14
Info (12021): Found 2 design units, including 1 entities, in source file /home/abrahimt/CPR E 381/Project 1/cpr-e-381/proj/src/TopLevel/alu.vhd
    Info (12022): Found design unit 1: alu-structure File: /home/abrahimt/CPR E 381/Project 1/cpr-e-381/proj/src/TopLevel/alu.vhd Line: 31
    Info (12023): Found entity 1: alu File: /home/abrahimt/CPR E 381/Project 1/cpr-e-381/proj/src/TopLevel/alu.vhd Line: 11
Info (12021): Found 2 design units, including 1 entities, in source file /home/abrahimt/CPR E 381/Project 1/cpr-e-381/proj/src/TopLevel/andg2.vhd
    Info (12022): Found design unit 1: andg2-dataflow File: /home/abrahimt/CPR E 381/Project 1/cpr-e-381/proj/src/TopLevel/andg2.vhd Line: 31
    Info (12023): Found entity 1: andg2 File: /home/abrahimt/CPR E 381/Project 1/cpr-e-381/proj/src/TopLevel/andg2.vhd Line: 23
Info (12021): Found 2 design units, including 1 entities, in source file /home/abrahimt/CPR E 381/Project 1/cpr-e-381/proj/src/TopLevel/andg2N.vhd
    Info (12022): Found design unit 1: andg2N-structural File: /home/abrahimt/CPR E 381/Project 1/cpr-e-381/proj/src/TopLevel/andg2N.vhd Line: 23
    Info (12023): Found entity 1: andg2N File: /home/abrahimt/CPR E 381/Project 1/cpr-e-381/proj/src/TopLevel/andg2N.vhd Line: 16
Info (12021): Found 2 design units, including 1 entities, in source file /home/abrahimt/CPR E 381/Project 1/cpr-e-381/proj/src/TopLevel/branch.vhd
    Info (12022): Found design unit 1: branch-structural File: /home/abrahimt/CPR E 381/Project 1/cpr-e-381/proj/src/TopLevel/branch.vhd Line: 23
    Info (12023): Found entity 1: branch File: /home/abrahimt/CPR E 381/Project 1/cpr-e-381/proj/src/TopLevel/branch.vhd Line: 15
Info (12021): Found 2 design units, including 1 entities, in source file /home/abrahimt/CPR E 381/Project 1/cpr-e-381/proj/src/TopLevel/branchALU.vhd
    Info (12022): Found design unit 1: branchALU-dataflow File: /home/abrahimt/CPR E 381/Project 1/cpr-e-381/proj/src/TopLevel/branchALU.vhd Line: 21
    Info (12023): Found entity 1: branchALU File: /home/abrahimt/CPR E 381/Project 1/cpr-e-381/proj/src/TopLevel/branchALU.vhd Line: 11
Info (12021): Found 2 design units, including 1 entities, in source file /home/abrahimt/CPR E 381/Project 1/cpr-e-381/proj/src/TopLevel/decoder.vhd
    Info (12022): Found design unit 1: decoder-decode File: /home/abrahimt/CPR E 381/Project 1/cpr-e-381/proj/src/TopLevel/decoder.vhd Line: 11
    Info (12023): Found entity 1: decoder File: /home/abrahimt/CPR E 381/Project 1/cpr-e-381/proj/src/TopLevel/decoder.vhd Line: 6
Info (12021): Found 2 design units, including 1 entities, in source file /home/abrahimt/CPR E 381/Project 1/cpr-e-381/proj/src/TopLevel/dffg.vhd
    Info (12022): Found design unit 1: dffg-mixed File: /home/abrahimt/CPR E 381/Project 1/cpr-e-381/proj/src/TopLevel/dffg.vhd Line: 14
    Info (12023): Found entity 1: dffg File: /home/abrahimt/CPR E 381/Project 1/cpr-e-381/proj/src/TopLevel/dffg.vhd Line: 4
Info (12021): Found 2 design units, including 1 entities, in source file /home/abrahimt/CPR E 381/Project 1/cpr-e-381/proj/src/TopLevel/dffg_PC.vhd
    Info (12022): Found design unit 1: dffg_PC-mixed File: /home/abrahimt/CPR E 381/Project 1/cpr-e-381/proj/src/TopLevel/dffg_PC.vhd Line: 15
    Info (12023): Found entity 1: dffg_PC File: /home/abrahimt/CPR E 381/Project 1/cpr-e-381/proj/src/TopLevel/dffg_PC.vhd Line: 4
Info (12021): Found 2 design units, including 1 entities, in source file /home/abrahimt/CPR E 381/Project 1/cpr-e-381/proj/src/TopLevel/dffg_set.vhd
    Info (12022): Found design unit 1: dffg_set-mixed File: /home/abrahimt/CPR E 381/Project 1/cpr-e-381/proj/src/TopLevel/dffg_set.vhd Line: 16
    Info (12023): Found entity 1: dffg_set File: /home/abrahimt/CPR E 381/Project 1/cpr-e-381/proj/src/TopLevel/dffg_set.vhd Line: 5
Info (12021): Found 2 design units, including 1 entities, in source file /home/abrahimt/CPR E 381/Project 1/cpr-e-381/proj/src/TopLevel/extendSign.vhd
    Info (12022): Found design unit 1: extendSign-behavioral File: /home/abrahimt/CPR E 381/Project 1/cpr-e-381/proj/src/TopLevel/extendSign.vhd Line: 19
    Info (12023): Found entity 1: extendSign File: /home/abrahimt/CPR E 381/Project 1/cpr-e-381/proj/src/TopLevel/extendSign.vhd Line: 14
Info (12021): Found 2 design units, including 1 entities, in source file /home/abrahimt/CPR E 381/Project 1/cpr-e-381/proj/src/TopLevel/fetchLogic.vhd
    Info (12022): Found design unit 1: fetchLogic-structural File: /home/abrahimt/CPR E 381/Project 1/cpr-e-381/proj/src/TopLevel/fetchLogic.vhd Line: 44
    Info (12023): Found entity 1: fetchLogic File: /home/abrahimt/CPR E 381/Project 1/cpr-e-381/proj/src/TopLevel/fetchLogic.vhd Line: 28
Info (12021): Found 2 design units, including 1 entities, in source file /home/abrahimt/CPR E 381/Project 1/cpr-e-381/proj/src/TopLevel/fullAdder.vhd
    Info (12022): Found design unit 1: fullAdder-structure File: /home/abrahimt/CPR E 381/Project 1/cpr-e-381/proj/src/TopLevel/fullAdder.vhd Line: 19
    Info (12023): Found entity 1: fullAdder File: /home/abrahimt/CPR E 381/Project 1/cpr-e-381/proj/src/TopLevel/fullAdder.vhd Line: 11
Info (12021): Found 2 design units, including 1 entities, in source file /home/abrahimt/CPR E 381/Project 1/cpr-e-381/proj/src/TopLevel/invg.vhd
    Info (12022): Found design unit 1: invg-dataflow File: /home/abrahimt/CPR E 381/Project 1/cpr-e-381/proj/src/TopLevel/invg.vhd Line: 30
    Info (12023): Found entity 1: invg File: /home/abrahimt/CPR E 381/Project 1/cpr-e-381/proj/src/TopLevel/invg.vhd Line: 23
Info (12021): Found 2 design units, including 1 entities, in source file /home/abrahimt/CPR E 381/Project 1/cpr-e-381/proj/src/TopLevel/jump.vhd
    Info (12022): Found design unit 1: jump-structural File: /home/abrahimt/CPR E 381/Project 1/cpr-e-381/proj/src/TopLevel/jump.vhd Line: 25
    Info (12023): Found entity 1: jump File: /home/abrahimt/CPR E 381/Project 1/cpr-e-381/proj/src/TopLevel/jump.vhd Line: 15
Info (12021): Found 2 design units, including 1 entities, in source file /home/abrahimt/CPR E 381/Project 1/cpr-e-381/proj/src/TopLevel/mem.vhd
    Info (12022): Found design unit 1: mem-rtl File: /home/abrahimt/CPR E 381/Project 1/cpr-e-381/proj/src/TopLevel/mem.vhd Line: 27
    Info (12023): Found entity 1: mem File: /home/abrahimt/CPR E 381/Project 1/cpr-e-381/proj/src/TopLevel/mem.vhd Line: 8
Info (12021): Found 2 design units, including 1 entities, in source file /home/abrahimt/CPR E 381/Project 1/cpr-e-381/proj/src/TopLevel/mux2t1.vhd
    Info (12022): Found design unit 1: mux2t1-structural File: /home/abrahimt/CPR E 381/Project 1/cpr-e-381/proj/src/TopLevel/mux2t1.vhd Line: 15
    Info (12023): Found entity 1: mux2t1 File: /home/abrahimt/CPR E 381/Project 1/cpr-e-381/proj/src/TopLevel/mux2t1.vhd Line: 6
Info (12021): Found 2 design units, including 1 entities, in source file /home/abrahimt/CPR E 381/Project 1/cpr-e-381/proj/src/TopLevel/mux2t1_5bit.vhd
    Info (12022): Found design unit 1: mux2t1_5bit-structural File: /home/abrahimt/CPR E 381/Project 1/cpr-e-381/proj/src/TopLevel/mux2t1_5bit.vhd Line: 28
    Info (12023): Found entity 1: mux2t1_5bit File: /home/abrahimt/CPR E 381/Project 1/cpr-e-381/proj/src/TopLevel/mux2t1_5bit.vhd Line: 19
Info (12021): Found 2 design units, including 1 entities, in source file /home/abrahimt/CPR E 381/Project 1/cpr-e-381/proj/src/TopLevel/mux2t1_N.vhd
    Info (12022): Found design unit 1: mux2t1_N-structural File: /home/abrahimt/CPR E 381/Project 1/cpr-e-381/proj/src/TopLevel/mux2t1_N.vhd Line: 30
    Info (12023): Found entity 1: mux2t1_N File: /home/abrahimt/CPR E 381/Project 1/cpr-e-381/proj/src/TopLevel/mux2t1_N.vhd Line: 21
Info (12021): Found 2 design units, including 1 entities, in source file /home/abrahimt/CPR E 381/Project 1/cpr-e-381/proj/src/TopLevel/mux2t1_dataflow.vhd
    Info (12022): Found design unit 1: mux2t1_dataflow-dataflow File: /home/abrahimt/CPR E 381/Project 1/cpr-e-381/proj/src/TopLevel/mux2t1_dataflow.vhd Line: 28
    Info (12023): Found entity 1: mux2t1_dataflow File: /home/abrahimt/CPR E 381/Project 1/cpr-e-381/proj/src/TopLevel/mux2t1_dataflow.vhd Line: 22
Info (12021): Found 2 design units, including 1 entities, in source file /home/abrahimt/CPR E 381/Project 1/cpr-e-381/proj/src/TopLevel/my_32t1_mux.vhd
    Info (12022): Found design unit 1: my_32t1_mux-mux32t1 File: /home/abrahimt/CPR E 381/Project 1/cpr-e-381/proj/src/TopLevel/my_32t1_mux.vhd Line: 11
    Info (12023): Found entity 1: my_32t1_mux File: /home/abrahimt/CPR E 381/Project 1/cpr-e-381/proj/src/TopLevel/my_32t1_mux.vhd Line: 5
Info (12021): Found 2 design units, including 1 entities, in source file /home/abrahimt/CPR E 381/Project 1/cpr-e-381/proj/src/TopLevel/nBitAddSub.vhd
    Info (12022): Found design unit 1: nBitAddSub-structure File: /home/abrahimt/CPR E 381/Project 1/cpr-e-381/proj/src/TopLevel/nBitAddSub.vhd Line: 25
    Info (12023): Found entity 1: nBitAddSub File: /home/abrahimt/CPR E 381/Project 1/cpr-e-381/proj/src/TopLevel/nBitAddSub.vhd Line: 11
Info (12021): Found 2 design units, including 1 entities, in source file /home/abrahimt/CPR E 381/Project 1/cpr-e-381/proj/src/TopLevel/nBitAdder.vhd
    Info (12022): Found design unit 1: nBitAdder-structure File: /home/abrahimt/CPR E 381/Project 1/cpr-e-381/proj/src/TopLevel/nBitAdder.vhd Line: 26
    Info (12023): Found entity 1: nBitAdder File: /home/abrahimt/CPR E 381/Project 1/cpr-e-381/proj/src/TopLevel/nBitAdder.vhd Line: 11
Info (12021): Found 2 design units, including 1 entities, in source file /home/abrahimt/CPR E 381/Project 1/cpr-e-381/proj/src/TopLevel/nBitAnd.vhd
    Info (12022): Found design unit 1: nBitAnd-structure File: /home/abrahimt/CPR E 381/Project 1/cpr-e-381/proj/src/TopLevel/nBitAnd.vhd Line: 18
    Info (12023): Found entity 1: nBitAnd File: /home/abrahimt/CPR E 381/Project 1/cpr-e-381/proj/src/TopLevel/nBitAnd.vhd Line: 11
Info (12021): Found 2 design units, including 1 entities, in source file /home/abrahimt/CPR E 381/Project 1/cpr-e-381/proj/src/TopLevel/nBitNor.vhd
    Info (12022): Found design unit 1: nBitNor-dataflow File: /home/abrahimt/CPR E 381/Project 1/cpr-e-381/proj/src/TopLevel/nBitNor.vhd Line: 19
    Info (12023): Found entity 1: nBitNor File: /home/abrahimt/CPR E 381/Project 1/cpr-e-381/proj/src/TopLevel/nBitNor.vhd Line: 11
Info (12021): Found 2 design units, including 1 entities, in source file /home/abrahimt/CPR E 381/Project 1/cpr-e-381/proj/src/TopLevel/nBitOr.vhd
    Info (12022): Found design unit 1: nBitOr-structure File: /home/abrahimt/CPR E 381/Project 1/cpr-e-381/proj/src/TopLevel/nBitOr.vhd Line: 20
    Info (12023): Found entity 1: nBitOr File: /home/abrahimt/CPR E 381/Project 1/cpr-e-381/proj/src/TopLevel/nBitOr.vhd Line: 11
Info (12021): Found 2 design units, including 1 entities, in source file /home/abrahimt/CPR E 381/Project 1/cpr-e-381/proj/src/TopLevel/nBitXor.vhd
    Info (12022): Found design unit 1: nBitXor-structure File: /home/abrahimt/CPR E 381/Project 1/cpr-e-381/proj/src/TopLevel/nBitXor.vhd Line: 20
    Info (12023): Found entity 1: nBitXor File: /home/abrahimt/CPR E 381/Project 1/cpr-e-381/proj/src/TopLevel/nBitXor.vhd Line: 11
Info (12021): Found 2 design units, including 1 entities, in source file /home/abrahimt/CPR E 381/Project 1/cpr-e-381/proj/src/TopLevel/onesComp.vhd
    Info (12022): Found design unit 1: onesComp-structure File: /home/abrahimt/CPR E 381/Project 1/cpr-e-381/proj/src/TopLevel/onesComp.vhd Line: 21
    Info (12023): Found entity 1: onesComp File: /home/abrahimt/CPR E 381/Project 1/cpr-e-381/proj/src/TopLevel/onesComp.vhd Line: 11
Info (12021): Found 2 design units, including 1 entities, in source file /home/abrahimt/CPR E 381/Project 1/cpr-e-381/proj/src/TopLevel/org2.vhd
    Info (12022): Found design unit 1: org2-dataflow File: /home/abrahimt/CPR E 381/Project 1/cpr-e-381/proj/src/TopLevel/org2.vhd Line: 31
    Info (12023): Found entity 1: org2 File: /home/abrahimt/CPR E 381/Project 1/cpr-e-381/proj/src/TopLevel/org2.vhd Line: 23
Info (12021): Found 2 design units, including 1 entities, in source file /home/abrahimt/CPR E 381/Project 1/cpr-e-381/proj/src/TopLevel/pcRegister.vhd
    Info (12022): Found design unit 1: pcRegister-structure File: /home/abrahimt/CPR E 381/Project 1/cpr-e-381/proj/src/TopLevel/pcRegister.vhd Line: 28
    Info (12023): Found entity 1: pcRegister File: /home/abrahimt/CPR E 381/Project 1/cpr-e-381/proj/src/TopLevel/pcRegister.vhd Line: 15
Info (12021): Found 2 design units, including 1 entities, in source file /home/abrahimt/CPR E 381/Project 1/cpr-e-381/proj/src/TopLevel/prediction.vhd
    Info (12022): Found design unit 1: prediction-structure File: /home/abrahimt/CPR E 381/Project 1/cpr-e-381/proj/src/TopLevel/prediction.vhd Line: 12
    Info (12023): Found entity 1: prediction File: /home/abrahimt/CPR E 381/Project 1/cpr-e-381/proj/src/TopLevel/prediction.vhd Line: 6
Info (12021): Found 2 design units, including 1 entities, in source file /home/abrahimt/CPR E 381/Project 1/cpr-e-381/proj/src/TopLevel/selectOperation.vhd
    Info (12022): Found design unit 1: selectOperation-dataflow File: /home/abrahimt/CPR E 381/Project 1/cpr-e-381/proj/src/TopLevel/selectOperation.vhd Line: 25
    Info (12023): Found entity 1: selectOperation File: /home/abrahimt/CPR E 381/Project 1/cpr-e-381/proj/src/TopLevel/selectOperation.vhd Line: 11
Info (12021): Found 2 design units, including 1 entities, in source file /home/abrahimt/CPR E 381/Project 1/cpr-e-381/proj/src/TopLevel/setLessThan.vhd
    Info (12022): Found design unit 1: setLessThan-dataflow File: /home/abrahimt/CPR E 381/Project 1/cpr-e-381/proj/src/TopLevel/setLessThan.vhd Line: 21
    Info (12023): Found entity 1: setLessThan File: /home/abrahimt/CPR E 381/Project 1/cpr-e-381/proj/src/TopLevel/setLessThan.vhd Line: 13
Info (12021): Found 2 design units, including 1 entities, in source file /home/abrahimt/CPR E 381/Project 1/cpr-e-381/proj/src/TopLevel/shift.vhd
    Info (12022): Found design unit 1: shift-behavioral File: /home/abrahimt/CPR E 381/Project 1/cpr-e-381/proj/src/TopLevel/shift.vhd Line: 19
    Info (12023): Found entity 1: shift File: /home/abrahimt/CPR E 381/Project 1/cpr-e-381/proj/src/TopLevel/shift.vhd Line: 14
Info (12021): Found 2 design units, including 1 entities, in source file /home/abrahimt/CPR E 381/Project 1/cpr-e-381/proj/src/TopLevel/xorg2.vhd
    Info (12022): Found design unit 1: xorg2-dataflow File: /home/abrahimt/CPR E 381/Project 1/cpr-e-381/proj/src/TopLevel/xorg2.vhd Line: 31
    Info (12023): Found entity 1: xorg2 File: /home/abrahimt/CPR E 381/Project 1/cpr-e-381/proj/src/TopLevel/xorg2.vhd Line: 23
Info (12127): Elaborating entity "MIPS_Processor" for the top level hierarchy
Warning (10036): Verilog HDL or VHDL warning at MIPS_Processor.vhd(363): object "s_Halt" assigned a value but never read File: /home/abrahimt/CPR E 381/Project 1/cpr-e-381/proj/src/TopLevel/MIPS_Processor.vhd Line: 363
Warning (10036): Verilog HDL or VHDL warning at MIPS_Processor.vhd(366): object "s_Ovfl" assigned a value but never read File: /home/abrahimt/CPR E 381/Project 1/cpr-e-381/proj/src/TopLevel/MIPS_Processor.vhd Line: 366
Warning (10036): Verilog HDL or VHDL warning at MIPS_Processor.vhd(379): object "s_j" assigned a value but never read File: /home/abrahimt/CPR E 381/Project 1/cpr-e-381/proj/src/TopLevel/MIPS_Processor.vhd Line: 379
Warning (10036): Verilog HDL or VHDL warning at MIPS_Processor.vhd(394): object "s_ctlExt" assigned a value but never read File: /home/abrahimt/CPR E 381/Project 1/cpr-e-381/proj/src/TopLevel/MIPS_Processor.vhd Line: 394
Warning (10036): Verilog HDL or VHDL warning at MIPS_Processor.vhd(427): object "s_rsEx" assigned a value but never read File: /home/abrahimt/CPR E 381/Project 1/cpr-e-381/proj/src/TopLevel/MIPS_Processor.vhd Line: 427
Warning (10036): Verilog HDL or VHDL warning at MIPS_Processor.vhd(446): object "s_rtMem" assigned a value but never read File: /home/abrahimt/CPR E 381/Project 1/cpr-e-381/proj/src/TopLevel/MIPS_Processor.vhd Line: 446
Warning (10036): Verilog HDL or VHDL warning at MIPS_Processor.vhd(447): object "s_rdMem" assigned a value but never read File: /home/abrahimt/CPR E 381/Project 1/cpr-e-381/proj/src/TopLevel/MIPS_Processor.vhd Line: 447
Info (12128): Elaborating entity "mem" for hierarchy "mem:IMem" File: /home/abrahimt/CPR E 381/Project 1/cpr-e-381/proj/src/TopLevel/MIPS_Processor.vhd Line: 501
Info (12128): Elaborating entity "pcRegister" for hierarchy "pcRegister:PC_REG" File: /home/abrahimt/CPR E 381/Project 1/cpr-e-381/proj/src/TopLevel/MIPS_Processor.vhd Line: 529
Warning (10036): Verilog HDL or VHDL warning at pcRegister.vhd(41): object "s_two" assigned a value but never read File: /home/abrahimt/CPR E 381/Project 1/cpr-e-381/proj/src/TopLevel/pcRegister.vhd Line: 41
Info (12128): Elaborating entity "Nbit_reg_PC" for hierarchy "pcRegister:PC_REG|Nbit_reg_PC:REG" File: /home/abrahimt/CPR E 381/Project 1/cpr-e-381/proj/src/TopLevel/pcRegister.vhd Line: 49
Warning (10540): VHDL Signal Declaration warning at Nbit_reg_PC.vhd(28): used explicit default value for signal "s_R" because signal was never assigned a value File: /home/abrahimt/CPR E 381/Project 1/cpr-e-381/proj/src/TopLevel/Nbit_reg_PC.vhd Line: 28
Info (12128): Elaborating entity "dffg_PC" for hierarchy "pcRegister:PC_REG|Nbit_reg_PC:REG|dffg_PC:\G_NBit_Reg:0:REG" File: /home/abrahimt/CPR E 381/Project 1/cpr-e-381/proj/src/TopLevel/Nbit_reg_PC.vhd Line: 34
Warning (10492): VHDL Process Statement warning at dffg_PC.vhd(44): signal "i_RST" is read inside the Process Statement but isn't in the Process Statement's sensitivity list File: /home/abrahimt/CPR E 381/Project 1/cpr-e-381/proj/src/TopLevel/dffg_PC.vhd Line: 44
Warning (10492): VHDL Process Statement warning at dffg_PC.vhd(45): signal "r_D" is read inside the Process Statement but isn't in the Process Statement's sensitivity list File: /home/abrahimt/CPR E 381/Project 1/cpr-e-381/proj/src/TopLevel/dffg_PC.vhd Line: 45
Info (12128): Elaborating entity "nBitAdder" for hierarchy "nBitAdder:INCREMENT_PC" File: /home/abrahimt/CPR E 381/Project 1/cpr-e-381/proj/src/TopLevel/MIPS_Processor.vhd Line: 541
Info (12128): Elaborating entity "fullAdder" for hierarchy "nBitAdder:INCREMENT_PC|fullAdder:ADDI" File: /home/abrahimt/CPR E 381/Project 1/cpr-e-381/proj/src/TopLevel/nBitAdder.vhd Line: 47
Info (12128): Elaborating entity "xorg2" for hierarchy "nBitAdder:INCREMENT_PC|fullAdder:ADDI|xorg2:XOR1" File: /home/abrahimt/CPR E 381/Project 1/cpr-e-381/proj/src/TopLevel/fullAdder.vhd Line: 51
Info (12128): Elaborating entity "andg2" for hierarchy "nBitAdder:INCREMENT_PC|fullAdder:ADDI|andg2:AND1" File: /home/abrahimt/CPR E 381/Project 1/cpr-e-381/proj/src/TopLevel/fullAdder.vhd Line: 64
Info (12128): Elaborating entity "org2" for hierarchy "nBitAdder:INCREMENT_PC|fullAdder:ADDI|org2:OR1" File: /home/abrahimt/CPR E 381/Project 1/cpr-e-381/proj/src/TopLevel/fullAdder.vhd Line: 76
Info (12128): Elaborating entity "Fetch_Decode_Reg" for hierarchy "Fetch_Decode_Reg:IF_D" File: /home/abrahimt/CPR E 381/Project 1/cpr-e-381/proj/src/TopLevel/MIPS_Processor.vhd Line: 549
Info (12128): Elaborating entity "Fivebit_dffg" for hierarchy "Fetch_Decode_Reg:IF_D|Fivebit_dffg:REG_INST1" File: /home/abrahimt/CPR E 381/Project 1/cpr-e-381/proj/src/TopLevel/Fetch_Decode_Reg.vhd Line: 56
Warning (10492): VHDL Process Statement warning at 5bit_dffg.vhd(37): signal "i_RST" is read inside the Process Statement but isn't in the Process Statement's sensitivity list File: /home/abrahimt/CPR E 381/Project 1/cpr-e-381/proj/src/TopLevel/5bit_dffg.vhd Line: 37
Info (12128): Elaborating entity "Nbit_dffg" for hierarchy "Fetch_Decode_Reg:IF_D|Nbit_dffg:REG1" File: /home/abrahimt/CPR E 381/Project 1/cpr-e-381/proj/src/TopLevel/Fetch_Decode_Reg.vhd Line: 72
Warning (10492): VHDL Process Statement warning at Nbit_dffg.vhd(35): signal "i_RST" is read inside the Process Statement but isn't in the Process Statement's sensitivity list File: /home/abrahimt/CPR E 381/Project 1/cpr-e-381/proj/src/TopLevel/Nbit_dffg.vhd Line: 35
Info (12128): Elaborating entity "mux2t1_5bit" for hierarchy "mux2t1_5bit:G_MUX_REGDST" File: /home/abrahimt/CPR E 381/Project 1/cpr-e-381/proj/src/TopLevel/MIPS_Processor.vhd Line: 571
Info (12128): Elaborating entity "mux2t1_dataflow" for hierarchy "mux2t1_5bit:G_MUX_REGDST|mux2t1_dataflow:\G_NBit_MUX:0:MUXI" File: /home/abrahimt/CPR E 381/Project 1/cpr-e-381/proj/src/TopLevel/mux2t1_5bit.vhd Line: 42
Info (12128): Elaborating entity "MIPSregister" for hierarchy "MIPSregister:G_REG" File: /home/abrahimt/CPR E 381/Project 1/cpr-e-381/proj/src/TopLevel/MIPS_Processor.vhd Line: 585
Info (12128): Elaborating entity "decoder" for hierarchy "MIPSregister:G_REG|decoder:dec1" File: /home/abrahimt/CPR E 381/Project 1/cpr-e-381/proj/src/TopLevel/MIPSregister.vhd Line: 62
Info (12128): Elaborating entity "andg2N" for hierarchy "MIPSregister:G_REG|andg2N:and1" File: /home/abrahimt/CPR E 381/Project 1/cpr-e-381/proj/src/TopLevel/MIPSregister.vhd Line: 66
Info (12128): Elaborating entity "Nbit_reg" for hierarchy "MIPSregister:G_REG|Nbit_reg:reg0" File: /home/abrahimt/CPR E 381/Project 1/cpr-e-381/proj/src/TopLevel/MIPSregister.vhd Line: 76
Info (12128): Elaborating entity "dffg" for hierarchy "MIPSregister:G_REG|Nbit_reg:reg0|dffg:\G_NBit_Reg:0:REG" File: /home/abrahimt/CPR E 381/Project 1/cpr-e-381/proj/src/TopLevel/Nbit_reg.vhd Line: 31
Warning (10492): VHDL Process Statement warning at dffg.vhd(34): signal "i_RST" is read inside the Process Statement but isn't in the Process Statement's sensitivity list File: /home/abrahimt/CPR E 381/Project 1/cpr-e-381/proj/src/TopLevel/dffg.vhd Line: 34
Info (12128): Elaborating entity "my_32t1_mux" for hierarchy "MIPSregister:G_REG|my_32t1_mux:mux1" File: /home/abrahimt/CPR E 381/Project 1/cpr-e-381/proj/src/TopLevel/MIPSregister.vhd Line: 96
Info (12128): Elaborating entity "Extender" for hierarchy "Extender:EXTEND" File: /home/abrahimt/CPR E 381/Project 1/cpr-e-381/proj/src/TopLevel/MIPS_Processor.vhd Line: 598
Info (12128): Elaborating entity "control" for hierarchy "control:G_CTL" File: /home/abrahimt/CPR E 381/Project 1/cpr-e-381/proj/src/TopLevel/MIPS_Processor.vhd Line: 604
Info (12128): Elaborating entity "Decode_Execute_Reg" for hierarchy "Decode_Execute_Reg:D_EX" File: /home/abrahimt/CPR E 381/Project 1/cpr-e-381/proj/src/TopLevel/MIPS_Processor.vhd Line: 629
Info (12128): Elaborating entity "FOURbit_dffg" for hierarchy "Decode_Execute_Reg:D_EX|FOURbit_dffg:REG_Op" File: /home/abrahimt/CPR E 381/Project 1/cpr-e-381/proj/src/TopLevel/Decode_Execute_Reg.vhd Line: 183
Warning (10492): VHDL Process Statement warning at FOURbit_dffg.vhd(37): signal "i_RST" is read inside the Process Statement but isn't in the Process Statement's sensitivity list File: /home/abrahimt/CPR E 381/Project 1/cpr-e-381/proj/src/TopLevel/FOURbit_dffg.vhd Line: 37
Info (12128): Elaborating entity "fetchLogic" for hierarchy "fetchLogic:G_FETCHLOGIC" File: /home/abrahimt/CPR E 381/Project 1/cpr-e-381/proj/src/TopLevel/MIPS_Processor.vhd Line: 711
Info (12128): Elaborating entity "jump" for hierarchy "fetchLogic:G_FETCHLOGIC|jump:JUMP1" File: /home/abrahimt/CPR E 381/Project 1/cpr-e-381/proj/src/TopLevel/fetchLogic.vhd Line: 121
Info (12128): Elaborating entity "Barrel_Shifter" for hierarchy "fetchLogic:G_FETCHLOGIC|jump:JUMP1|Barrel_Shifter:G_LEFT_SHIFT" File: /home/abrahimt/CPR E 381/Project 1/cpr-e-381/proj/src/TopLevel/jump.vhd Line: 72
Info (12128): Elaborating entity "mux2t1_N" for hierarchy "fetchLogic:G_FETCHLOGIC|jump:JUMP1|Barrel_Shifter:G_LEFT_SHIFT|mux2t1_N:G_INPUT_MUX" File: /home/abrahimt/CPR E 381/Project 1/cpr-e-381/proj/src/TopLevel/Barrel_Shifter.vhd Line: 59
Info (12128): Elaborating entity "mux2t1" for hierarchy "fetchLogic:G_FETCHLOGIC|jump:JUMP1|Barrel_Shifter:G_LEFT_SHIFT|mux2t1:\G_MUX_1_SHIFT:0:MUXI" File: /home/abrahimt/CPR E 381/Project 1/cpr-e-381/proj/src/TopLevel/Barrel_Shifter.vhd Line: 70
Info (12128): Elaborating entity "invg" for hierarchy "fetchLogic:G_FETCHLOGIC|jump:JUMP1|Barrel_Shifter:G_LEFT_SHIFT|mux2t1:\G_MUX_1_SHIFT:0:MUXI|invg:g_Not" File: /home/abrahimt/CPR E 381/Project 1/cpr-e-381/proj/src/TopLevel/mux2t1.vhd Line: 44
Info (12128): Elaborating entity "mux2t1_N" for hierarchy "fetchLogic:G_FETCHLOGIC|jump:JUMP1|mux2t1_N:G_MUX" File: /home/abrahimt/CPR E 381/Project 1/cpr-e-381/proj/src/TopLevel/jump.vhd Line: 120
Info (12128): Elaborating entity "branch" for hierarchy "fetchLogic:G_FETCHLOGIC|branch:G_BRANCH" File: /home/abrahimt/CPR E 381/Project 1/cpr-e-381/proj/src/TopLevel/fetchLogic.vhd Line: 140
Warning (10036): Verilog HDL or VHDL warning at branch.vhd(59): object "carry1" assigned a value but never read File: /home/abrahimt/CPR E 381/Project 1/cpr-e-381/proj/src/TopLevel/branch.vhd Line: 59
Warning (10036): Verilog HDL or VHDL warning at branch.vhd(60): object "carry2" assigned a value but never read File: /home/abrahimt/CPR E 381/Project 1/cpr-e-381/proj/src/TopLevel/branch.vhd Line: 60
Info (12128): Elaborating entity "shift" for hierarchy "fetchLogic:G_FETCHLOGIC|branch:G_BRANCH|shift:G_SHIFT" File: /home/abrahimt/CPR E 381/Project 1/cpr-e-381/proj/src/TopLevel/branch.vhd Line: 78
Info (12128): Elaborating entity "alu" for hierarchy "alu:G_ALU" File: /home/abrahimt/CPR E 381/Project 1/cpr-e-381/proj/src/TopLevel/MIPS_Processor.vhd Line: 726
Warning (10036): Verilog HDL or VHDL warning at alu.vhd(145): object "s_addSubCarry" assigned a value but never read File: /home/abrahimt/CPR E 381/Project 1/cpr-e-381/proj/src/TopLevel/alu.vhd Line: 145
Warning (10036): Verilog HDL or VHDL warning at alu.vhd(149): object "s_MSB" assigned a value but never read File: /home/abrahimt/CPR E 381/Project 1/cpr-e-381/proj/src/TopLevel/alu.vhd Line: 149
Warning (10540): VHDL Signal Declaration warning at alu.vhd(151): used explicit default value for signal "s_constShamt" because signal was never assigned a value File: /home/abrahimt/CPR E 381/Project 1/cpr-e-381/proj/src/TopLevel/alu.vhd Line: 151
Info (12128): Elaborating entity "nBitOr" for hierarchy "alu:G_ALU|nBitOr:G_OR" File: /home/abrahimt/CPR E 381/Project 1/cpr-e-381/proj/src/TopLevel/alu.vhd Line: 180
Info (12128): Elaborating entity "nBitAnd" for hierarchy "alu:G_ALU|nBitAnd:G_AND" File: /home/abrahimt/CPR E 381/Project 1/cpr-e-381/proj/src/TopLevel/alu.vhd Line: 186
Info (12128): Elaborating entity "nBitXor" for hierarchy "alu:G_ALU|nBitXor:G_XOR" File: /home/abrahimt/CPR E 381/Project 1/cpr-e-381/proj/src/TopLevel/alu.vhd Line: 192
Info (12128): Elaborating entity "nBitNor" for hierarchy "alu:G_ALU|nBitNor:G_NOR" File: /home/abrahimt/CPR E 381/Project 1/cpr-e-381/proj/src/TopLevel/alu.vhd Line: 198
Info (12128): Elaborating entity "setLessThan" for hierarchy "alu:G_ALU|setLessThan:G_SLT" File: /home/abrahimt/CPR E 381/Project 1/cpr-e-381/proj/src/TopLevel/alu.vhd Line: 204
Info (12128): Elaborating entity "nBitAddSub" for hierarchy "alu:G_ALU|nBitAddSub:G_ADDSUB" File: /home/abrahimt/CPR E 381/Project 1/cpr-e-381/proj/src/TopLevel/alu.vhd Line: 210
Info (12128): Elaborating entity "onesComp" for hierarchy "alu:G_ALU|nBitAddSub:G_ADDSUB|onesComp:N_Bit_Inv" File: /home/abrahimt/CPR E 381/Project 1/cpr-e-381/proj/src/TopLevel/nBitAddSub.vhd Line: 67
Info (12128): Elaborating entity "nBitAdder" for hierarchy "alu:G_ALU|nBitAddSub:G_ADDSUB|nBitAdder:N_Bit_Adder" File: /home/abrahimt/CPR E 381/Project 1/cpr-e-381/proj/src/TopLevel/nBitAddSub.vhd Line: 82
Info (12128): Elaborating entity "branchALU" for hierarchy "alu:G_ALU|branchALU:G_BRANCH" File: /home/abrahimt/CPR E 381/Project 1/cpr-e-381/proj/src/TopLevel/alu.vhd Line: 233
Info (12128): Elaborating entity "selectOperation" for hierarchy "alu:G_ALU|selectOperation:G_SELECT" File: /home/abrahimt/CPR E 381/Project 1/cpr-e-381/proj/src/TopLevel/alu.vhd Line: 241
Info (12128): Elaborating entity "Execute_Memory_Reg" for hierarchy "Execute_Memory_Reg:EX_MEM" File: /home/abrahimt/CPR E 381/Project 1/cpr-e-381/proj/src/TopLevel/MIPS_Processor.vhd Line: 747
Info (12128): Elaborating entity "Memory_WriteBack_Reg" for hierarchy "Memory_WriteBack_Reg:MEM_WB" File: /home/abrahimt/CPR E 381/Project 1/cpr-e-381/proj/src/TopLevel/MIPS_Processor.vhd Line: 787
Info (19000): Inferred 2 megafunctions from design logic
    Info (276029): Inferred altsyncram megafunction from the following design logic: "mem:IMem|ram_rtl_0" 
        Info (286033): Parameter OPERATION_MODE set to SINGLE_PORT
        Info (286033): Parameter WIDTH_A set to 32
        Info (286033): Parameter WIDTHAD_A set to 10
        Info (286033): Parameter NUMWORDS_A set to 1024
        Info (286033): Parameter OUTDATA_REG_A set to UNREGISTERED
        Info (286033): Parameter ADDRESS_ACLR_A set to NONE
        Info (286033): Parameter OUTDATA_ACLR_A set to NONE
        Info (286033): Parameter READ_DURING_WRITE_MODE_PORT_A set to OLD_DATA
        Info (286033): Parameter INDATA_ACLR_A set to NONE
        Info (286033): Parameter WRCONTROL_ACLR_A set to NONE
    Info (276029): Inferred altsyncram megafunction from the following design logic: "mem:DMem|ram_rtl_0" 
        Info (286033): Parameter OPERATION_MODE set to SINGLE_PORT
        Info (286033): Parameter WIDTH_A set to 32
        Info (286033): Parameter WIDTHAD_A set to 10
        Info (286033): Parameter NUMWORDS_A set to 1024
        Info (286033): Parameter OUTDATA_REG_A set to UNREGISTERED
        Info (286033): Parameter ADDRESS_ACLR_A set to NONE
        Info (286033): Parameter OUTDATA_ACLR_A set to NONE
        Info (286033): Parameter READ_DURING_WRITE_MODE_PORT_A set to OLD_DATA
        Info (286033): Parameter INDATA_ACLR_A set to NONE
        Info (286033): Parameter WRCONTROL_ACLR_A set to NONE
Info (12130): Elaborated megafunction instantiation "mem:IMem|altsyncram:ram_rtl_0"
Info (12133): Instantiated megafunction "mem:IMem|altsyncram:ram_rtl_0" with the following parameter:
    Info (12134): Parameter "OPERATION_MODE" = "SINGLE_PORT"
    Info (12134): Parameter "WIDTH_A" = "32"
    Info (12134): Parameter "WIDTHAD_A" = "10"
    Info (12134): Parameter "NUMWORDS_A" = "1024"
    Info (12134): Parameter "OUTDATA_REG_A" = "UNREGISTERED"
    Info (12134): Parameter "ADDRESS_ACLR_A" = "NONE"
    Info (12134): Parameter "OUTDATA_ACLR_A" = "NONE"
    Info (12134): Parameter "READ_DURING_WRITE_MODE_PORT_A" = "OLD_DATA"
    Info (12134): Parameter "INDATA_ACLR_A" = "NONE"
    Info (12134): Parameter "WRCONTROL_ACLR_A" = "NONE"
Info (12021): Found 1 design units, including 1 entities, in source file db/altsyncram_eg81.tdf
    Info (12023): Found entity 1: altsyncram_eg81 File: /home/abrahimt/CPR E 381/Project 1/cpr-e-381/internal/QuartusWork/db/altsyncram_eg81.tdf Line: 28
Warning (12241): 7 hierarchies have connectivity warnings - see the Connectivity Checks report folder
Info (13000): Registers with preset signals will power-up high File: /home/abrahimt/CPR E 381/Project 1/cpr-e-381/proj/src/TopLevel/dffg_PC.vhd Line: 44
Info (13003): DEV_CLRn pin will set, and not reset, register with preset signal due to NOT Gate Push-Back
Info (286030): Timing-Driven Synthesis is running
Info (17049): 6 registers lost all their fanouts during netlist optimizations.
Info (16010): Generating hard_block partition "hard_block:auto_generated_inst"
    Info (16011): Adding 0 node(s), including 0 DDIO, 0 PLL, 0 transceiver and 0 LCELL
Warning (21074): Design contains 22 input pin(s) that do not drive logic
    Warning (15610): No output dependent on input pin "iInstAddr[0]" File: /home/abrahimt/CPR E 381/Project 1/cpr-e-381/proj/src/TopLevel/MIPS_Processor.vhd Line: 25
    Warning (15610): No output dependent on input pin "iInstAddr[1]" File: /home/abrahimt/CPR E 381/Project 1/cpr-e-381/proj/src/TopLevel/MIPS_Processor.vhd Line: 25
    Warning (15610): No output dependent on input pin "iInstAddr[12]" File: /home/abrahimt/CPR E 381/Project 1/cpr-e-381/proj/src/TopLevel/MIPS_Processor.vhd Line: 25
    Warning (15610): No output dependent on input pin "iInstAddr[13]" File: /home/abrahimt/CPR E 381/Project 1/cpr-e-381/proj/src/TopLevel/MIPS_Processor.vhd Line: 25
    Warning (15610): No output dependent on input pin "iInstAddr[14]" File: /home/abrahimt/CPR E 381/Project 1/cpr-e-381/proj/src/TopLevel/MIPS_Processor.vhd Line: 25
    Warning (15610): No output dependent on input pin "iInstAddr[15]" File: /home/abrahimt/CPR E 381/Project 1/cpr-e-381/proj/src/TopLevel/MIPS_Processor.vhd Line: 25
    Warning (15610): No output dependent on input pin "iInstAddr[16]" File: /home/abrahimt/CPR E 381/Project 1/cpr-e-381/proj/src/TopLevel/MIPS_Processor.vhd Line: 25
    Warning (15610): No output dependent on input pin "iInstAddr[17]" File: /home/abrahimt/CPR E 381/Project 1/cpr-e-381/proj/src/TopLevel/MIPS_Processor.vhd Line: 25
    Warning (15610): No output dependent on input pin "iInstAddr[18]" File: /home/abrahimt/CPR E 381/Project 1/cpr-e-381/proj/src/TopLevel/MIPS_Processor.vhd Line: 25
    Warning (15610): No output dependent on input pin "iInstAddr[19]" File: /home/abrahimt/CPR E 381/Project 1/cpr-e-381/proj/src/TopLevel/MIPS_Processor.vhd Line: 25
    Warning (15610): No output dependent on input pin "iInstAddr[20]" File: /home/abrahimt/CPR E 381/Project 1/cpr-e-381/proj/src/TopLevel/MIPS_Processor.vhd Line: 25
    Warning (15610): No output dependent on input pin "iInstAddr[21]" File: /home/abrahimt/CPR E 381/Project 1/cpr-e-381/proj/src/TopLevel/MIPS_Processor.vhd Line: 25
    Warning (15610): No output dependent on input pin "iInstAddr[22]" File: /home/abrahimt/CPR E 381/Project 1/cpr-e-381/proj/src/TopLevel/MIPS_Processor.vhd Line: 25
    Warning (15610): No output dependent on input pin "iInstAddr[23]" File: /home/abrahimt/CPR E 381/Project 1/cpr-e-381/proj/src/TopLevel/MIPS_Processor.vhd Line: 25
    Warning (15610): No output dependent on input pin "iInstAddr[24]" File: /home/abrahimt/CPR E 381/Project 1/cpr-e-381/proj/src/TopLevel/MIPS_Processor.vhd Line: 25
    Warning (15610): No output dependent on input pin "iInstAddr[25]" File: /home/abrahimt/CPR E 381/Project 1/cpr-e-381/proj/src/TopLevel/MIPS_Processor.vhd Line: 25
    Warning (15610): No output dependent on input pin "iInstAddr[26]" File: /home/abrahimt/CPR E 381/Project 1/cpr-e-381/proj/src/TopLevel/MIPS_Processor.vhd Line: 25
    Warning (15610): No output dependent on input pin "iInstAddr[27]" File: /home/abrahimt/CPR E 381/Project 1/cpr-e-381/proj/src/TopLevel/MIPS_Processor.vhd Line: 25
    Warning (15610): No output dependent on input pin "iInstAddr[28]" File: /home/abrahimt/CPR E 381/Project 1/cpr-e-381/proj/src/TopLevel/MIPS_Processor.vhd Line: 25
    Warning (15610): No output dependent on input pin "iInstAddr[29]" File: /home/abrahimt/CPR E 381/Project 1/cpr-e-381/proj/src/TopLevel/MIPS_Processor.vhd Line: 25
    Warning (15610): No output dependent on input pin "iInstAddr[30]" File: /home/abrahimt/CPR E 381/Project 1/cpr-e-381/proj/src/TopLevel/MIPS_Processor.vhd Line: 25
    Warning (15610): No output dependent on input pin "iInstAddr[31]" File: /home/abrahimt/CPR E 381/Project 1/cpr-e-381/proj/src/TopLevel/MIPS_Processor.vhd Line: 25
Info (21057): Implemented 3938 device resources after synthesis - the final resource count might be different
    Info (21058): Implemented 67 input pins
    Info (21059): Implemented 32 output pins
    Info (21061): Implemented 3775 logic cells
    Info (21064): Implemented 64 RAM segments
Info: Quartus Prime Analysis & Synthesis was successful. 0 errors, 45 warnings
    Info: Peak virtual memory: 750 megabytes
    Info: Processing ended: Wed Apr 24 10:20:13 2024
    Info: Elapsed time: 00:00:35
    Info: Total CPU time (on all processors): 00:00:38
Info: *******************************************************************
Info: Running Quartus Prime Fitter
    Info: Version 20.1.1 Build 720 11/11/2020 SJ Standard Edition
    Info: Copyright (C) 2020  Intel Corporation. All rights reserved.
    Info: Your use of Intel Corporation's design tools, logic functions 
    Info: and other software and tools, and any partner logic 
    Info: functions, and any output files from any of the foregoing 
    Info: (including device programming or simulation files), and any 
    Info: associated documentation or information are expressly subject 
    Info: to the terms and conditions of the Intel Program License 
    Info: Subscription Agreement, the Intel Quartus Prime License Agreement,
    Info: the Intel FPGA IP License Agreement, or other applicable license
    Info: agreement, including, without limitation, that your use is for
    Info: the sole purpose of programming logic devices manufactured by
    Info: Intel and sold by Intel or its authorized distributors.  Please
    Info: refer to the applicable agreement for further details, at
    Info: https://fpgasoftware.intel.com/eula.
    Info: Processing started: Wed Apr 24 10:20:14 2024
Info: Command: quartus_fit --read_settings_files=on --write_settings_files=off toolflow -c toolflow
Info: qfit2_default_script.tcl version: #1
Info: Project  = toolflow
Info: Revision = toolflow
Warning (18236): Number of processors has not been specified which may cause overloading on shared machines.  Set the global assignment NUM_PARALLEL_PROCESSORS in your QSF to an appropriate value for best performance.
Info (20030): Parallel compilation is enabled and will use 4 of the 4 processors detected
Info (119006): Selected device EP4CE115F29C7 for design "toolflow"
Info (21076): High junction temperature operating condition is not set. Assuming a default value of '85'.
Info (21076): Low junction temperature operating condition is not set. Assuming a default value of '0'.
Info (171003): Fitter is performing an Auto Fit compilation, which may decrease Fitter effort to reduce compilation time
Info (176444): Device migration not selected. If you intend to use device migration later, you may need to change the pin assignments as they may be incompatible with other devices
    Info (176445): Device EP4CE40F29C7 is compatible
    Info (176445): Device EP4CE40F29I7 is compatible
    Info (176445): Device EP4CE30F29C7 is compatible
    Info (176445): Device EP4CE30F29I7 is compatible
    Info (176445): Device EP4CE55F29C7 is compatible
    Info (176445): Device EP4CE55F29I7 is compatible
    Info (176445): Device EP4CE75F29C7 is compatible
    Info (176445): Device EP4CE75F29I7 is compatible
    Info (176445): Device EP4CE115F29I7 is compatible
Info (169124): Fitter converted 5 user pins into dedicated programming pins
    Info (169125): Pin ~ALTERA_ASDO_DATA1~ is reserved at location F4
    Info (169125): Pin ~ALTERA_FLASH_nCE_nCSO~ is reserved at location E2
    Info (169125): Pin ~ALTERA_DCLK~ is reserved at location P3
    Info (169125): Pin ~ALTERA_DATA0~ is reserved at location N7
    Info (169125): Pin ~ALTERA_nCEO~ is reserved at location P28
Warning (15714): Some pins have incomplete I/O assignments. Refer to the I/O Assignment Warnings report for details
Info (176045): Design uses memory blocks. Violating setup or hold times of memory block address registers for either read or write operations could cause memory contents to be corrupted. Make sure that all memory block address registers meet the setup and hold time requirements.
Critical Warning (169085): No exact pin location assignment(s) for 99 pins of 99 total pins. For the list of pins please refer to the I/O Assignment Warnings table in the fitter report.
Info (332104): Reading SDC File: 'toolflow.sdc'
Warning (332125): Found combinational loop of 8 nodes File: /home/abrahimt/CPR E 381/Project 1/cpr-e-381/proj/src/TopLevel/andg2.vhd Line: 27
    Warning (332126): Node "G_FETCHLOGIC|JUMP1|G_ADD|\G_NBit_Adder:27:ADDI1|AND2|o_F~2|combout"
    Warning (332126): Node "G_FETCHLOGIC|JUMP1|G_ADD|\G_NBit_Adder:27:ADDI1|AND2|o_F~8|datab"
    Warning (332126): Node "G_FETCHLOGIC|JUMP1|G_ADD|\G_NBit_Adder:27:ADDI1|AND2|o_F~8|combout"
    Warning (332126): Node "G_FETCHLOGIC|JUMP1|G_ADD|\G_NBit_Adder:30:ADDI1|AND2|o_F|datac"
    Warning (332126): Node "G_FETCHLOGIC|JUMP1|G_ADD|\G_NBit_Adder:30:ADDI1|AND2|o_F|combout"
    Warning (332126): Node "G_FETCHLOGIC|JUMP1|G_ADD|\G_NBit_Adder:1:ADDI1|AND2|o_F~0|datad"
    Warning (332126): Node "G_FETCHLOGIC|JUMP1|G_ADD|\G_NBit_Adder:1:ADDI1|AND2|o_F~0|combout"
    Warning (332126): Node "G_FETCHLOGIC|JUMP1|G_ADD|\G_NBit_Adder:27:ADDI1|AND2|o_F~2|datad"
Warning (332125): Found combinational loop of 22 nodes File: /home/abrahimt/CPR E 381/Project 1/cpr-e-381/proj/src/TopLevel/andg2.vhd Line: 27
    Warning (332126): Node "G_FETCHLOGIC|G_RA|\G_NBit_Adder:1:ADDI1|AND2|o_F|combout"
    Warning (332126): Node "G_FETCHLOGIC|G_RA|\G_NBit_Adder:4:ADDI1|AND2|o_F|datad"
    Warning (332126): Node "G_FETCHLOGIC|G_RA|\G_NBit_Adder:4:ADDI1|AND2|o_F|combout"
    Warning (332126): Node "G_FETCHLOGIC|G_RA|\G_NBit_Adder:7:ADDI1|AND2|o_F|datad"
    Warning (332126): Node "G_FETCHLOGIC|G_RA|\G_NBit_Adder:7:ADDI1|AND2|o_F|combout"
    Warning (332126): Node "G_FETCHLOGIC|G_RA|\G_NBit_Adder:10:ADDI1|AND2|o_F|datad"
    Warning (332126): Node "G_FETCHLOGIC|G_RA|\G_NBit_Adder:10:ADDI1|AND2|o_F|combout"
    Warning (332126): Node "G_FETCHLOGIC|G_RA|\G_NBit_Adder:13:ADDI1|AND2|o_F|datad"
    Warning (332126): Node "G_FETCHLOGIC|G_RA|\G_NBit_Adder:13:ADDI1|AND2|o_F|combout"
    Warning (332126): Node "G_FETCHLOGIC|G_RA|\G_NBit_Adder:16:ADDI1|AND2|o_F|datad"
    Warning (332126): Node "G_FETCHLOGIC|G_RA|\G_NBit_Adder:16:ADDI1|AND2|o_F|combout"
    Warning (332126): Node "G_FETCHLOGIC|G_RA|\G_NBit_Adder:19:ADDI1|AND2|o_F|datad"
    Warning (332126): Node "G_FETCHLOGIC|G_RA|\G_NBit_Adder:19:ADDI1|AND2|o_F|combout"
    Warning (332126): Node "G_FETCHLOGIC|G_RA|\G_NBit_Adder:22:ADDI1|AND2|o_F|datad"
    Warning (332126): Node "G_FETCHLOGIC|G_RA|\G_NBit_Adder:22:ADDI1|AND2|o_F|combout"
    Warning (332126): Node "G_FETCHLOGIC|G_RA|\G_NBit_Adder:25:ADDI1|AND2|o_F|datad"
    Warning (332126): Node "G_FETCHLOGIC|G_RA|\G_NBit_Adder:25:ADDI1|AND2|o_F|combout"
    Warning (332126): Node "G_FETCHLOGIC|G_RA|\G_NBit_Adder:28:ADDI1|AND2|o_F|datad"
    Warning (332126): Node "G_FETCHLOGIC|G_RA|\G_NBit_Adder:28:ADDI1|AND2|o_F|combout"
    Warning (332126): Node "G_FETCHLOGIC|G_RA|\G_NBit_Adder:30:ADDI1|AND2|o_F|datac"
    Warning (332126): Node "G_FETCHLOGIC|G_RA|\G_NBit_Adder:30:ADDI1|AND2|o_F|combout"
    Warning (332126): Node "G_FETCHLOGIC|G_RA|\G_NBit_Adder:1:ADDI1|AND2|o_F|datab"
Warning (332125): Found combinational loop of 22 nodes File: /home/abrahimt/CPR E 381/Project 1/cpr-e-381/proj/src/TopLevel/andg2.vhd Line: 27
    Warning (332126): Node "G_FETCHLOGIC|INCREMENT_PC|\G_NBit_Adder:7:ADDI1|AND2|o_F|combout"
    Warning (332126): Node "G_FETCHLOGIC|INCREMENT_PC|\G_NBit_Adder:10:ADDI1|AND2|o_F|datab"
    Warning (332126): Node "G_FETCHLOGIC|INCREMENT_PC|\G_NBit_Adder:10:ADDI1|AND2|o_F|combout"
    Warning (332126): Node "G_FETCHLOGIC|INCREMENT_PC|\G_NBit_Adder:13:ADDI1|AND2|o_F|datab"
    Warning (332126): Node "G_FETCHLOGIC|INCREMENT_PC|\G_NBit_Adder:13:ADDI1|AND2|o_F|combout"
    Warning (332126): Node "G_FETCHLOGIC|INCREMENT_PC|\G_NBit_Adder:16:ADDI1|AND2|o_F|datad"
    Warning (332126): Node "G_FETCHLOGIC|INCREMENT_PC|\G_NBit_Adder:16:ADDI1|AND2|o_F|combout"
    Warning (332126): Node "G_FETCHLOGIC|INCREMENT_PC|\G_NBit_Adder:19:ADDI1|AND2|o_F|datad"
    Warning (332126): Node "G_FETCHLOGIC|INCREMENT_PC|\G_NBit_Adder:19:ADDI1|AND2|o_F|combout"
    Warning (332126): Node "G_FETCHLOGIC|INCREMENT_PC|\G_NBit_Adder:22:ADDI1|AND2|o_F|datad"
    Warning (332126): Node "G_FETCHLOGIC|INCREMENT_PC|\G_NBit_Adder:22:ADDI1|AND2|o_F|combout"
    Warning (332126): Node "G_FETCHLOGIC|INCREMENT_PC|\G_NBit_Adder:25:ADDI1|AND2|o_F|datad"
    Warning (332126): Node "G_FETCHLOGIC|INCREMENT_PC|\G_NBit_Adder:25:ADDI1|AND2|o_F|combout"
    Warning (332126): Node "G_FETCHLOGIC|INCREMENT_PC|\G_NBit_Adder:28:ADDI1|AND2|o_F|datad"
    Warning (332126): Node "G_FETCHLOGIC|INCREMENT_PC|\G_NBit_Adder:28:ADDI1|AND2|o_F|combout"
    Warning (332126): Node "G_FETCHLOGIC|INCREMENT_PC|ADDI2|AND2|o_F|datad"
    Warning (332126): Node "G_FETCHLOGIC|INCREMENT_PC|ADDI2|AND2|o_F|combout"
    Warning (332126): Node "G_FETCHLOGIC|INCREMENT_PC|\G_NBit_Adder:1:ADDI1|AND2|o_F|datac"
    Warning (332126): Node "G_FETCHLOGIC|INCREMENT_PC|\G_NBit_Adder:1:ADDI1|AND2|o_F|combout"
    Warning (332126): Node "G_FETCHLOGIC|INCREMENT_PC|\G_NBit_Adder:4:ADDI1|AND2|o_F|datad"
    Warning (332126): Node "G_FETCHLOGIC|INCREMENT_PC|\G_NBit_Adder:4:ADDI1|AND2|o_F|combout"
    Warning (332126): Node "G_FETCHLOGIC|INCREMENT_PC|\G_NBit_Adder:7:ADDI1|AND2|o_F|datab"
Warning (332125): Found combinational loop of 22 nodes File: /home/abrahimt/CPR E 381/Project 1/cpr-e-381/proj/src/TopLevel/andg2.vhd Line: 27
    Warning (332126): Node "INCREMENT_PC|\G_NBit_Adder:7:ADDI1|AND2|o_F|combout"
    Warning (332126): Node "INCREMENT_PC|\G_NBit_Adder:10:ADDI1|AND2|o_F|datad"
    Warning (332126): Node "INCREMENT_PC|\G_NBit_Adder:10:ADDI1|AND2|o_F|combout"
    Warning (332126): Node "INCREMENT_PC|\G_NBit_Adder:13:ADDI1|AND2|o_F|datab"
    Warning (332126): Node "INCREMENT_PC|\G_NBit_Adder:13:ADDI1|AND2|o_F|combout"
    Warning (332126): Node "INCREMENT_PC|\G_NBit_Adder:16:ADDI1|AND2|o_F|dataa"
    Warning (332126): Node "INCREMENT_PC|\G_NBit_Adder:16:ADDI1|AND2|o_F|combout"
    Warning (332126): Node "INCREMENT_PC|\G_NBit_Adder:19:ADDI1|AND2|o_F|dataa"
    Warning (332126): Node "INCREMENT_PC|\G_NBit_Adder:19:ADDI1|AND2|o_F|combout"
    Warning (332126): Node "INCREMENT_PC|\G_NBit_Adder:22:ADDI1|AND2|o_F|dataa"
    Warning (332126): Node "INCREMENT_PC|\G_NBit_Adder:22:ADDI1|AND2|o_F|combout"
    Warning (332126): Node "INCREMENT_PC|\G_NBit_Adder:25:ADDI1|AND2|o_F|dataa"
    Warning (332126): Node "INCREMENT_PC|\G_NBit_Adder:25:ADDI1|AND2|o_F|combout"
    Warning (332126): Node "INCREMENT_PC|\G_NBit_Adder:28:ADDI1|AND2|o_F|dataa"
    Warning (332126): Node "INCREMENT_PC|\G_NBit_Adder:28:ADDI1|AND2|o_F|combout"
    Warning (332126): Node "INCREMENT_PC|ADDI2|AND2|o_F|dataa"
    Warning (332126): Node "INCREMENT_PC|ADDI2|AND2|o_F|combout"
    Warning (332126): Node "INCREMENT_PC|\G_NBit_Adder:1:ADDI1|AND2|o_F|dataa"
    Warning (332126): Node "INCREMENT_PC|\G_NBit_Adder:1:ADDI1|AND2|o_F|combout"
    Warning (332126): Node "INCREMENT_PC|\G_NBit_Adder:4:ADDI1|AND2|o_F|datad"
    Warning (332126): Node "INCREMENT_PC|\G_NBit_Adder:4:ADDI1|AND2|o_F|combout"
    Warning (332126): Node "INCREMENT_PC|\G_NBit_Adder:7:ADDI1|AND2|o_F|datad"
Info (332129): Detected timing requirements -- optimizing circuit to achieve only the specified requirements
Info (332111): Found 1 clocks
    Info (332111):   Period   Clock Name
    Info (332111): ======== ============
    Info (332111):   20.000         iCLK
Info (176353): Automatically promoted node iCLK~input (placed in PIN J1 (CLK1, DIFFCLK_0n)) File: /home/abrahimt/CPR E 381/Project 1/cpr-e-381/proj/src/TopLevel/MIPS_Processor.vhd Line: 22
    Info (176355): Automatically promoted destinations to use location or clock signal Global Clock CLKCTRL_G2
Info (176353): Automatically promoted node iRST~input (placed in PIN Y2 (CLK2, DIFFCLK_1p)) File: /home/abrahimt/CPR E 381/Project 1/cpr-e-381/proj/src/TopLevel/MIPS_Processor.vhd Line: 23
    Info (176355): Automatically promoted destinations to use location or clock signal Global Clock CLKCTRL_G4
Info (176233): Starting register packing
Info (176235): Finished register packing
    Extra Info (176219): No registers were packed into other blocks
Info (176214): Statistics of I/O pins that need to be placed that use the same VCCIO and VREF, before I/O pin placement
    Info (176211): Number of I/O pins in group: 97 (unused VREF, 2.5V VCCIO, 65 input, 32 output, 0 bidirectional)
        Info (176212): I/O standards used: 2.5 V.
Info (176215): I/O bank details before I/O pin placement
    Info (176214): Statistics of I/O banks
        Info (176213): I/O bank number 1 does not use VREF pins and has undetermined VCCIO pins. 5 total pin(s) used --  51 pins available
        Info (176213): I/O bank number 2 does not use VREF pins and has undetermined VCCIO pins. 1 total pin(s) used --  62 pins available
        Info (176213): I/O bank number 3 does not use VREF pins and has undetermined VCCIO pins. 0 total pin(s) used --  73 pins available
        Info (176213): I/O bank number 4 does not use VREF pins and has undetermined VCCIO pins. 0 total pin(s) used --  71 pins available
        Info (176213): I/O bank number 5 does not use VREF pins and has undetermined VCCIO pins. 0 total pin(s) used --  65 pins available
        Info (176213): I/O bank number 6 does not use VREF pins and has undetermined VCCIO pins. 1 total pin(s) used --  57 pins available
        Info (176213): I/O bank number 7 does not use VREF pins and has undetermined VCCIO pins. 0 total pin(s) used --  72 pins available
        Info (176213): I/O bank number 8 does not use VREF pins and has undetermined VCCIO pins. 0 total pin(s) used --  71 pins available
Info (171121): Fitter preparation operations ending: elapsed time is 00:00:05
Info (14896): Fitter has disabled Advanced Physical Optimization because it is not supported for the current family.
Info (170189): Fitter placement preparation operations beginning
Info (170190): Fitter placement preparation operations ending: elapsed time is 00:00:01
Info (170191): Fitter placement operations beginning
Info (170137): Fitter placement was successful
Info (170192): Fitter placement operations ending: elapsed time is 00:00:04
Info (170193): Fitter routing operations beginning
Info (170195): Router estimated average interconnect usage is 1% of the available device resources
    Info (170196): Router estimated peak interconnect usage is 19% of the available device resources in the region that extends from location X46_Y37 to location X57_Y48
Info (170199): The Fitter performed an Auto Fit compilation.  Optimizations were skipped to reduce compilation time.
    Info (170201): Optimizations that may affect the design's routability were skipped
    Info (170200): Optimizations that may affect the design's timing were skipped
Info (170194): Fitter routing operations ending: elapsed time is 00:00:06
Info (11888): Total time spent on timing analysis during the Fitter is 2.78 seconds.
Info (334003): Started post-fitting delay annotation
Info (334004): Delay annotation completed successfully
Info (334003): Started post-fitting delay annotation
Info (334004): Delay annotation completed successfully
Info (11218): Fitter post-fit operations ending: elapsed time is 00:00:02
Info (144001): Generated suppressed messages file /home/abrahimt/CPR E 381/Project 1/cpr-e-381/internal/QuartusWork/output_files/toolflow.fit.smsg
Info: Quartus Prime Fitter was successful. 0 errors, 81 warnings
    Info: Peak virtual memory: 1459 megabytes
    Info: Processing ended: Wed Apr 24 10:20:44 2024
    Info: Elapsed time: 00:00:30
    Info: Total CPU time (on all processors): 00:00:37
Info: *******************************************************************
Info: Running Quartus Prime Assembler
    Info: Version 20.1.1 Build 720 11/11/2020 SJ Standard Edition
    Info: Copyright (C) 2020  Intel Corporation. All rights reserved.
    Info: Your use of Intel Corporation's design tools, logic functions 
    Info: and other software and tools, and any partner logic 
    Info: functions, and any output files from any of the foregoing 
    Info: (including device programming or simulation files), and any 
    Info: associated documentation or information are expressly subject 
    Info: to the terms and conditions of the Intel Program License 
    Info: Subscription Agreement, the Intel Quartus Prime License Agreement,
    Info: the Intel FPGA IP License Agreement, or other applicable license
    Info: agreement, including, without limitation, that your use is for
    Info: the sole purpose of programming logic devices manufactured by
    Info: Intel and sold by Intel or its authorized distributors.  Please
    Info: refer to the applicable agreement for further details, at
    Info: https://fpgasoftware.intel.com/eula.
    Info: Processing started: Wed Apr 24 10:20:45 2024
Info: Command: quartus_asm --read_settings_files=on --write_settings_files=off toolflow -c toolflow
Warning (18236): Number of processors has not been specified which may cause overloading on shared machines.  Set the global assignment NUM_PARALLEL_PROCESSORS in your QSF to an appropriate value for best performance.
Info (115031): Writing out detailed assembly data for power analysis
Info (115030): Assembler is generating device programming files
Info: Quartus Prime Assembler was successful. 0 errors, 1 warning
    Info: Peak virtual memory: 635 megabytes
    Info: Processing ended: Wed Apr 24 10:20:49 2024
    Info: Elapsed time: 00:00:04
    Info: Total CPU time (on all processors): 00:00:04
