QuestaSim-64 vcom 2023.2_2 Compiler 2023.06 Jun  9 2023
Start time: 17:58:53 on Mar 27,2024
vcom -2008 -work internal/ModelSimContainer/work proj/src/MIPS_types.vhd internal/testpy/tb.vhd proj/src/MIPS_types.vhd proj/src/TopLevel/MIPS_Processor.vhd proj/src/TopLevel/nBitNor.vhd proj/src/TopLevel/setLessThan.vhd proj/src/TopLevel/Nbit_reg.vhd proj/src/TopLevel/nBitAdder.vhd proj/src/TopLevel/nBitAddSub.vhd proj/src/TopLevel/mem.vhd proj/src/TopLevel/tb_shift.vhd proj/src/TopLevel/mux2t1_dataflow.vhd proj/src/TopLevel/dffg_PC.vhd proj/src/TopLevel/extendSign.vhd proj/src/TopLevel/andg2N.vhd proj/src/TopLevel/jump.vhd proj/src/TopLevel/andg2.vhd proj/src/TopLevel/tb_branch.vhd proj/src/TopLevel/tb_jump.vhd proj/src/TopLevel/decoder.vhd proj/src/TopLevel/nBitXor.vhd proj/src/TopLevel/dffg_set.vhd proj/src/TopLevel/Barrel_Shifter.vhd proj/src/TopLevel/fetchLogic.vhd proj/src/TopLevel/pcRegister.vhd proj/src/TopLevel/org2.vhd proj/src/TopLevel/mux2t1_5bit.vhd proj/src/TopLevel/dffg.vhd proj/src/TopLevel/fullAdder.vhd proj/src/TopLevel/nBitOr.vhd proj/src/TopLevel/MIPSregister.vhd proj/src/TopLevel/mux2t1_N.vhd proj/src/TopLevel/addToStart.vhd proj/src/TopLevel/selectOperation.vhd proj/src/TopLevel/tb_fetchLogic.vhd proj/src/TopLevel/tb_alu.vhd proj/src/TopLevel/branch.vhd proj/src/TopLevel/alu.vhd proj/src/TopLevel/addToEnd.vhd proj/src/TopLevel/xorg2.vhd proj/src/TopLevel/Extender.vhd proj/src/TopLevel/invg.vhd proj/src/TopLevel/tb_control.vhd proj/src/TopLevel/my_32t1_mux.vhd proj/src/TopLevel/mux2t1.vhd proj/src/TopLevel/onesComp.vhd proj/src/TopLevel/Nbit_reg_PC.vhd proj/src/TopLevel/tb_MIPS_Processor.vhd proj/src/TopLevel/branchALU.vhd proj/src/TopLevel/nBitAnd.vhd proj/src/TopLevel/Control.vhd proj/src/TopLevel/shift.vhd 
-- Loading package STANDARD
-- Loading package TEXTIO
-- Loading package std_logic_1164
-- Compiling package MIPS_types
-- Compiling package body MIPS_types
-- Loading package MIPS_types
-- Loading package std_logic_textio
-- Loading package ENV
-- Compiling entity tb
-- Compiling architecture mixed of tb
** Warning: proj/src/MIPS_types.vhd(15): (vcom-1615) Existing package 'MIPS_types' at line 15 will be overwritten.
-- Compiling package MIPS_types
** Warning: proj/src/MIPS_types.vhd(31): (vcom-1615) Existing package body 'MIPS_types(body)' at line 31 will be overwritten.
-- Compiling package body MIPS_types
-- Loading package MIPS_types
-- Loading package MIPS_types
-- Compiling entity MIPS_Processor
-- Compiling architecture structure of MIPS_Processor
-- Compiling entity nBitNor
-- Compiling architecture dataflow of nBitNor
-- Loading package NUMERIC_STD
-- Compiling entity setLessThan
-- Compiling architecture dataflow of setLessThan
-- Compiling entity Nbit_reg
-- Compiling architecture structural of Nbit_reg
-- Compiling entity nBitAdder
-- Compiling architecture structure of nBitAdder
-- Compiling entity nBitAddSub
-- Compiling architecture structure of nBitAddSub
-- Compiling entity mem
-- Compiling architecture rtl of mem
-- Compiling entity tb_shift
-- Compiling architecture tb of tb_shift
-- Compiling entity mux2t1_dataflow
-- Compiling architecture dataflow of mux2t1_dataflow
-- Compiling entity dffg_PC
-- Compiling architecture mixed of dffg_PC
-- Compiling entity extendSign
-- Compiling architecture behavioral of extendSign
-- Compiling entity andg2N
-- Compiling architecture structural of andg2N
-- Compiling entity jump
-- Compiling architecture structural of jump
-- Compiling entity andg2
-- Compiling architecture dataflow of andg2
-- Compiling entity tb_branch
-- Compiling architecture tb of tb_branch
-- Compiling entity tb_jump
-- Compiling architecture tb of tb_jump
-- Compiling entity decoder
-- Compiling architecture decode of decoder
-- Compiling entity nBitXor
-- Compiling architecture structure of nBitXor
-- Compiling entity dffg_set
-- Compiling architecture mixed of dffg_set
-- Compiling entity Barrel_Shifter
-- Compiling architecture structural of Barrel_Shifter
-- Compiling entity fetchLogic
-- Compiling architecture structural of fetchLogic
-- Compiling entity pcRegister
-- Compiling architecture structure of pcRegister
-- Compiling entity org2
-- Compiling architecture dataflow of org2
-- Compiling entity mux2t1_5bit
-- Compiling architecture structural of mux2t1_5bit
-- Compiling entity dffg
-- Compiling architecture mixed of dffg
-- Compiling entity fullAdder
-- Compiling architecture structure of fullAdder
-- Compiling entity nBitOr
-- Compiling architecture structure of nBitOr
-- Compiling entity MIPSregister
-- Compiling architecture structural of MIPSregister
-- Compiling entity mux2t1_N
-- Compiling architecture structural of mux2t1_N
-- Compiling entity addToStart
-- Compiling architecture behavioral of addToStart
-- Compiling entity selectOperation
-- Compiling architecture dataflow of selectOperation
-- Compiling entity tb_fetchLogic
-- Compiling architecture tb of tb_fetchLogic
-- Compiling entity tb_alu
-- Compiling architecture structure of tb_alu
-- Compiling entity branch
-- Compiling architecture structural of branch
-- Compiling entity alu
-- Compiling architecture structure of alu
-- Compiling entity addToEnd
-- Compiling architecture behavioral of addToEnd
-- Compiling entity xorg2
-- Compiling architecture dataflow of xorg2
-- Compiling entity Extender
-- Compiling architecture behavior of Extender
-- Compiling entity invg
-- Compiling architecture dataflow of invg
-- Compiling entity tb_control
-- Compiling architecture structure of tb_control
-- Compiling entity my_32t1_mux
-- Compiling architecture mux32t1 of my_32t1_mux
-- Compiling entity mux2t1
-- Compiling architecture structural of mux2t1
-- Compiling entity onesComp
-- Compiling architecture structure of onesComp
-- Compiling entity Nbit_reg_PC
-- Compiling architecture structural of Nbit_reg_PC
-- Compiling entity tb_MIPS_Processor
-- Compiling architecture structure of tb_MIPS_Processor
-- Compiling entity branchALU
-- Compiling architecture dataflow of branchALU
-- Compiling entity nBitAnd
-- Compiling architecture structure of nBitAnd
-- Compiling entity control
-- Compiling architecture behavioral of control
-- Compiling entity shift
-- Compiling architecture behavioral of shift
End time: 17:58:53 on Mar 27,2024, Elapsed time: 0:00:00
Errors: 0, Warnings: 2
