Reading pref.tcl

# 2023.2_2

# vsim -postsimdataflow -debugdb -c -voptargs=""+acc"" tb -do "modelsim_framework.do" -gOUTPUT_TRACE=ms.trace 
# Start time: 14:34:04 on Mar 26,2024
# ** Note: (vsim-3812) Design is being optimized...
# ** Note: (vsim-8611) Generating debug db.
# ** Warning: (vopt-10587) Some optimizations are turned off because the +acc switch is in effect. This will cause your simulation to run slowly. Please use -access/-debug to maintain needed visibility.
# ** Note: (vopt-4301) Memory core inferred for signal 'ram' width=32, depth=1024, type=RAM at location proj/src/TopLevel/mem.vhd:35
# ** Note: (vsim-12126) Error and warning message counts have been restored: Errors=0, Warnings=1.
# //  Questa Sim-64
# //  Version 2023.2_2 linux_x86_64 Jun  9 2023
# //
# //  Copyright 1991-2023 Mentor Graphics Corporation
# //  All Rights Reserved.
# //
# //  QuestaSim and its associated documentation contain trade
# //  secrets and commercial or financial information that are the property of
# //  Mentor Graphics Corporation and are privileged, confidential,
# //  and exempt from disclosure under the Freedom of Information Act,
# //  5 U.S.C. Section 552. Furthermore, this information
# //  is prohibited from disclosure under the Trade Secrets Act,
# //  18 U.S.C. Section 1905.
# //
# Loading std.standard
# Loading std.textio(body)
# Loading ieee.std_logic_1164(body)
# Loading ieee.std_logic_textio(body)
# Loading std.env(body)
# Loading work.tb(mixed)#1
# Loading work.mips_types(body)
# Loading work.mips_processor(structure)#1
# Loading ieee.numeric_std(body)
# Loading work.mem(rtl)#1
# Loading work.mux2t1_5bit(structural)#1
# Loading work.mux2t1_dataflow(dataflow)#1
# Loading work.mipsregister(structural)#1
# Loading work.decoder(decode)#1
# Loading work.andg2n(structural)#1
# Loading work.andg2(dataflow)#1
# Loading work.nbit_reg(structural)#1
# Loading work.dffg(mixed)#1
# Loading work.nbit_reg(structural)#2
# Loading work.dffg(mixed)#2
# Loading work.my_32t1_mux(mux32t1)#1
# Loading work.control(behavioral)#1
# Loading work.alu(structure)#1
# Loading work.mux2t1_n(structural)#1
# Loading work.nbitor(structure)#1
# Loading work.org2(dataflow)#1
# Loading work.nbitand(structure)#1
# Loading work.nbitxor(structure)#1
# Loading work.xorg2(dataflow)#1
# Loading work.nbitnor(dataflow)#1
# Loading work.setlessthan(dataflow)#1
# Loading work.nbitaddsub(structure)#1
# Loading work.onescomp(structure)#1
# Loading work.invg(dataflow)#1
# Loading work.nbitadder(structure)#1
# Loading work.fulladder(structure)#1
# Loading work.barrel_shifter(structural)#1
# Loading work.mux2t1(structural)#1
# Loading work.branchalu(dataflow)#1
# Loading work.selectoperation(dataflow)#1
# Loading work.fetchlogic(structural)#1
# Loading work.jump(structural)#1
# Loading work.barrel_shifter(structural)#2
# Loading work.branch(structural)#1
# Loading work.extender(structural)#1
# Loading work.shift(behavioral)#1
# ** Note: (vsim-8900) Creating design debug database vsim.dbg.
# do modelsim_framework.do
# ** Warning: NUMERIC_STD."<": metavalue detected, returning FALSE
#    Time: 0 ns  Iteration: 0  Instance: /tb/MyMips/G_ALU/G_SLT
# ** Warning: NUMERIC_STD.TO_INTEGER: metavalue detected, returning 0
#    Time: 0 ns  Iteration: 0  Instance: /tb/MyMips/DMem
# ** Warning: NUMERIC_STD.TO_INTEGER: metavalue detected, returning 0
#    Time: 0 ns  Iteration: 0  Instance: /tb/MyMips/IMem
# ** Warning: NUMERIC_STD."<": metavalue detected, returning FALSE
#    Time: 0 ns  Iteration: 3  Instance: /tb/MyMips/G_ALU/G_SLT
# ** Warning: NUMERIC_STD."<": metavalue detected, returning FALSE
#    Time: 0 ns  Iteration: 4  Instance: /tb/MyMips/G_ALU/G_SLT
#############  Autofindloop Analysis  ###############
#############  Loop found at time 25 ns ###############
#       Signal: /tb/MyMips/G_FETCHLOGIC/s_muxJAL @ sub-iteration 0 at Value Z (/home/mdd1/Desktop/Project1/cpr-e-381/proj/src/TopLevel/fetchLogic.vhd:109)
#       Signal: /tb/MyMips/s_nextPC @ sub-iteration 0 at Value X (/home/mdd1/Desktop/Project1/cpr-e-381/proj/src/TopLevel/MIPS_Processor.vhd:218)
#       Signal: /tb/MyMips/G_FETCHLOGIC/INCREMENT_PC/G_NBit_Adder(2)/ADDI1/a_and_b @ sub-iteration 0 at Value X (/home/mdd1/Desktop/Project1/cpr-e-381/proj/src/TopLevel/fullAdder.vhd:46)
#       Signal: /tb/MyMips/G_FETCHLOGIC/INCREMENT_PC/G_NBit_Adder(2)/ADDI1/a_xor_b @ sub-iteration 0 at Value Z (/home/mdd1/Desktop/Project1/cpr-e-381/proj/src/TopLevel/fullAdder.vhd:46)
#       Signal: /tb/MyMips/G_FETCHLOGIC/G_BRANCH/G_ADD/G_NBit_Adder(2)/ADDI1/a_and_b @ sub-iteration 0 at Value X (/home/mdd1/Desktop/Project1/cpr-e-381/proj/src/TopLevel/fullAdder.vhd:46)
#       Signal: /tb/MyMips/G_FETCHLOGIC/G_BRANCH/G_ADD/G_NBit_Adder(2)/ADDI1/a_xor_b @ sub-iteration 0 at Value Z (/home/mdd1/Desktop/Project1/cpr-e-381/proj/src/TopLevel/fullAdder.vhd:46)
#       Signal: /tb/MyMips/G_FETCHLOGIC/G_ADD/G_NBit_Adder(2)/ADDI1/a_xor_b @ sub-iteration 0 at Value X (/home/mdd1/Desktop/Project1/cpr-e-381/proj/src/TopLevel/fullAdder.vhd:46)
#       Signal: /tb/MyMips/G_FETCHLOGIC/JUMP1/G_ADD/G_NBit_Adder(2)/ADDI1/a_and_b @ sub-iteration 0 at Value X (/home/mdd1/Desktop/Project1/cpr-e-381/proj/src/TopLevel/fullAdder.vhd:46)
#       Signal: /tb/MyMips/G_FETCHLOGIC/JUMP1/G_ADD/G_NBit_Adder(2)/ADDI1/a_xor_b @ sub-iteration 0 at Value Z (/home/mdd1/Desktop/Project1/cpr-e-381/proj/src/TopLevel/fullAdder.vhd:46)
#       Signal: /tb/MyMips/G_FETCHLOGIC/G_BRANCH/G_ADD2/G_NBit_Adder(5)/ADDI1/c_and_a_xor_b @ sub-iteration 0 at Value Z (/home/mdd1/Desktop/Project1/cpr-e-381/proj/src/TopLevel/fullAdder.vhd:46)
#       Signal: /tb/MyMips/G_FETCHLOGIC/s_bPC @ sub-iteration 0 at Value X (/home/mdd1/Desktop/Project1/cpr-e-381/proj/src/TopLevel/fetchLogic.vhd:105)
#       Signal: /tb/MyMips/G_FETCHLOGIC/JUMP1/G_RIGHT_SHIFT_PC/s_shift_1 @ sub-iteration 0 at Value Z (/home/mdd1/Desktop/Project1/cpr-e-381/proj/src/TopLevel/Barrel_Shifter.vhd:44)
#       Signal: /tb/MyMips/G_FETCHLOGIC/JUMP1/G_RIGHT_SHIFT_PC/s_shift_2 @ sub-iteration 0 at Value X (/home/mdd1/Desktop/Project1/cpr-e-381/proj/src/TopLevel/Barrel_Shifter.vhd:45)
#   Active process: /tb/MyMips/G_FETCHLOGIC/JUMP1/G_RIGHT_SHIFT_PC/G_MUX_4_SHIFT_INPUTS(3)/MUXI/g_And2/line__34 @ sub-iteration 1
#     Source: /home/mdd1/Desktop/Project1/cpr-e-381/proj/src/TopLevel/mux2t1.vhd:55
#   Active process: /tb/MyMips/G_FETCHLOGIC/JUMP1/G_RIGHT_SHIFT_PC/G_MUX_2_SHIFT_INPUTS(2)/MUXI/g_And1/line__34 @ sub-iteration 1
#     Source: /home/mdd1/Desktop/Project1/cpr-e-381/proj/src/TopLevel/mux2t1.vhd:49
#   Active process: /tb/MyMips/G_FETCHLOGIC/JUMP1/G_RIGHT_SHIFT_PC/G_MUX_2_SHIFT_INPUTS(4)/MUXI/g_And2/line__34 @ sub-iteration 1
#     Source: /home/mdd1/Desktop/Project1/cpr-e-381/proj/src/TopLevel/mux2t1.vhd:55
#   Active process: /tb/MyMips/G_FETCHLOGIC/G_MUX_BRANCH/G_NBit_MUX(5)/MUXI/line__30 @ sub-iteration 1
#     Source: /home/mdd1/Desktop/Project1/cpr-e-381/proj/src/TopLevel/mux2t1_N.vhd:43
#   Active process: /tb/MyMips/G_FETCHLOGIC/G_BRANCH/G_ADD2/G_NBit_Adder(5)/ADDI1/OR1/line__34 @ sub-iteration 1
#     Source: /home/mdd1/Desktop/Project1/cpr-e-381/proj/src/TopLevel/fullAdder.vhd:76
#   Active process: /tb/MyMips/G_FETCHLOGIC/JUMP1/G_ADD/G_NBit_Adder(2)/ADDI1/XOR2/line__34 @ sub-iteration 1
#     Source: /home/mdd1/Desktop/Project1/cpr-e-381/proj/src/TopLevel/fullAdder.vhd:57
#   Active process: /tb/MyMips/G_FETCHLOGIC/JUMP1/G_ADD/G_NBit_Adder(2)/ADDI1/AND2/line__34 @ sub-iteration 1
#     Source: /home/mdd1/Desktop/Project1/cpr-e-381/proj/src/TopLevel/fullAdder.vhd:70
#   Active process: /tb/MyMips/G_FETCHLOGIC/JUMP1/G_ADD/G_NBit_Adder(2)/ADDI1/OR1/line__34 @ sub-iteration 1
#     Source: /home/mdd1/Desktop/Project1/cpr-e-381/proj/src/TopLevel/fullAdder.vhd:76
#   Active process: /tb/MyMips/G_FETCHLOGIC/G_ADD/G_NBit_Adder(2)/ADDI1/XOR2/line__34 @ sub-iteration 1
#     Source: /home/mdd1/Desktop/Project1/cpr-e-381/proj/src/TopLevel/fullAdder.vhd:57
#   Active process: /tb/MyMips/G_FETCHLOGIC/G_ADD/G_NBit_Adder(2)/ADDI1/AND2/line__34 @ sub-iteration 1
#     Source: /home/mdd1/Desktop/Project1/cpr-e-381/proj/src/TopLevel/fullAdder.vhd:70
#   Active process: /tb/MyMips/G_FETCHLOGIC/G_BRANCH/G_ADD/G_NBit_Adder(2)/ADDI1/XOR2/line__34 @ sub-iteration 1
#     Source: /home/mdd1/Desktop/Project1/cpr-e-381/proj/src/TopLevel/fullAdder.vhd:57
#   Active process: /tb/MyMips/G_FETCHLOGIC/G_BRANCH/G_ADD/G_NBit_Adder(2)/ADDI1/AND2/line__34 @ sub-iteration 1
#     Source: /home/mdd1/Desktop/Project1/cpr-e-381/proj/src/TopLevel/fullAdder.vhd:70
#   Active process: /tb/MyMips/G_FETCHLOGIC/G_BRANCH/G_ADD/G_NBit_Adder(2)/ADDI1/OR1/line__34 @ sub-iteration 1
#     Source: /home/mdd1/Desktop/Project1/cpr-e-381/proj/src/TopLevel/fullAdder.vhd:76
#   Active process: /tb/MyMips/G_FETCHLOGIC/INCREMENT_PC/G_NBit_Adder(2)/ADDI1/XOR2/line__34 @ sub-iteration 1
#     Source: /home/mdd1/Desktop/Project1/cpr-e-381/proj/src/TopLevel/fullAdder.vhd:57
#   Active process: /tb/MyMips/G_FETCHLOGIC/INCREMENT_PC/G_NBit_Adder(2)/ADDI1/AND2/line__34 @ sub-iteration 1
#     Source: /home/mdd1/Desktop/Project1/cpr-e-381/proj/src/TopLevel/fullAdder.vhd:70
#   Active process: /tb/MyMips/G_FETCHLOGIC/INCREMENT_PC/G_NBit_Adder(2)/ADDI1/OR1/line__34 @ sub-iteration 1
#     Source: /home/mdd1/Desktop/Project1/cpr-e-381/proj/src/TopLevel/fullAdder.vhd:76
#   Active process: /tb/MyMips/G_FETCHLOGIC/JUMP1/G_ADD/G_NBit_Adder(3)/ADDI1/XOR1/line__34 @ sub-iteration 1
#     Source: /home/mdd1/Desktop/Project1/cpr-e-381/proj/src/TopLevel/fullAdder.vhd:51
#   Active process: /tb/MyMips/G_FETCHLOGIC/JUMP1/G_ADD/G_NBit_Adder(3)/ADDI1/AND1/line__34 @ sub-iteration 1
#     Source: /home/mdd1/Desktop/Project1/cpr-e-381/proj/src/TopLevel/fullAdder.vhd:64
#   Active process: /tb/MyMips/G_FETCHLOGIC/G_ADD/G_NBit_Adder(3)/ADDI1/XOR1/line__34 @ sub-iteration 1
#     Source: /home/mdd1/Desktop/Project1/cpr-e-381/proj/src/TopLevel/fullAdder.vhd:51
#   Active process: /tb/MyMips/G_FETCHLOGIC/G_ADD/G_NBit_Adder(3)/ADDI1/AND1/line__34 @ sub-iteration 1
#     Source: /home/mdd1/Desktop/Project1/cpr-e-381/proj/src/TopLevel/fullAdder.vhd:64
#   Active process: /tb/MyMips/G_FETCHLOGIC/G_BRANCH/G_ADD/G_NBit_Adder(3)/ADDI1/XOR1/line__34 @ sub-iteration 1
#     Source: /home/mdd1/Desktop/Project1/cpr-e-381/proj/src/TopLevel/fullAdder.vhd:51
#   Active process: /tb/MyMips/G_FETCHLOGIC/G_BRANCH/G_ADD/G_NBit_Adder(3)/ADDI1/AND1/line__34 @ sub-iteration 1
#     Source: /home/mdd1/Desktop/Project1/cpr-e-381/proj/src/TopLevel/fullAdder.vhd:64
#   Active process: /tb/MyMips/G_FETCHLOGIC/INCREMENT_PC/G_NBit_Adder(3)/ADDI1/XOR1/line__34 @ sub-iteration 1
#     Source: /home/mdd1/Desktop/Project1/cpr-e-381/proj/src/TopLevel/fullAdder.vhd:51
#   Active process: /tb/MyMips/G_FETCHLOGIC/INCREMENT_PC/G_NBit_Adder(3)/ADDI1/AND1/line__34 @ sub-iteration 1
#     Source: /home/mdd1/Desktop/Project1/cpr-e-381/proj/src/TopLevel/fullAdder.vhd:64
#   Active process: /tb/MyMips/G_FETCHLOGIC/G_MUX_JR/G_NBit_MUX(4)/MUXI/line__30 @ sub-iteration 1
#     Source: /home/mdd1/Desktop/Project1/cpr-e-381/proj/src/TopLevel/mux2t1_N.vhd:43
#       Signal: /tb/MyMips/G_FETCHLOGIC/s_muxJR @ sub-iteration 2 at Value Z (/home/mdd1/Desktop/Project1/cpr-e-381/proj/src/TopLevel/fetchLogic.vhd:110)
#       Signal: /tb/MyMips/G_FETCHLOGIC/INCREMENT_PC/G_NBit_Adder(3)/ADDI1/a_xor_b @ sub-iteration 2 at Value X (/home/mdd1/Desktop/Project1/cpr-e-381/proj/src/TopLevel/fullAdder.vhd:46)
#       Signal: /tb/MyMips/G_FETCHLOGIC/G_BRANCH/G_ADD/G_NBit_Adder(3)/ADDI1/a_xor_b @ sub-iteration 2 at Value X (/home/mdd1/Desktop/Project1/cpr-e-381/proj/src/TopLevel/fullAdder.vhd:46)
#       Signal: /tb/MyMips/G_FETCHLOGIC/G_ADD/G_NBit_Adder(3)/ADDI1/a_and_b @ sub-iteration 2 at Value X (/home/mdd1/Desktop/Project1/cpr-e-381/proj/src/TopLevel/fullAdder.vhd:46)
#       Signal: /tb/MyMips/G_FETCHLOGIC/G_ADD/G_NBit_Adder(3)/ADDI1/a_xor_b @ sub-iteration 2 at Value Z (/home/mdd1/Desktop/Project1/cpr-e-381/proj/src/TopLevel/fullAdder.vhd:46)
#       Signal: /tb/MyMips/G_FETCHLOGIC/JUMP1/G_ADD/G_NBit_Adder(3)/ADDI1/a_xor_b @ sub-iteration 2 at Value X (/home/mdd1/Desktop/Project1/cpr-e-381/proj/src/TopLevel/fullAdder.vhd:46)
#       Signal: /tb/MyMips/G_FETCHLOGIC/INCREMENT_PC/s_Carry @ sub-iteration 2 at Value X (/home/mdd1/Desktop/Project1/cpr-e-381/proj/src/TopLevel/nBitAdder.vhd:39)
#       Signal: /tb/MyMips/G_FETCHLOGIC/s_PC4 @ sub-iteration 2 at Value Z (/home/mdd1/Desktop/Project1/cpr-e-381/proj/src/TopLevel/fetchLogic.vhd:106)
#       Signal: /tb/MyMips/G_FETCHLOGIC/G_BRANCH/G_ADD/s_Carry @ sub-iteration 2 at Value X (/home/mdd1/Desktop/Project1/cpr-e-381/proj/src/TopLevel/nBitAdder.vhd:39)
#       Signal: /tb/MyMips/G_FETCHLOGIC/G_BRANCH/PC_4 @ sub-iteration 2 at Value Z (/home/mdd1/Desktop/Project1/cpr-e-381/proj/src/TopLevel/branch.vhd:57)
#       Signal: /tb/MyMips/G_FETCHLOGIC/RA @ sub-iteration 2 at Value X (/home/mdd1/Desktop/Project1/cpr-e-381/proj/src/TopLevel/fetchLogic.vhd:102)
#       Signal: /tb/MyMips/G_FETCHLOGIC/JUMP1/G_ADD/s_Carry @ sub-iteration 2 at Value X (/home/mdd1/Desktop/Project1/cpr-e-381/proj/src/TopLevel/nBitAdder.vhd:39)
#       Signal: /tb/MyMips/G_FETCHLOGIC/JUMP1/PC_4 @ sub-iteration 2 at Value Z (/home/mdd1/Desktop/Project1/cpr-e-381/proj/src/TopLevel/jump.vhd:63)
#       Signal: /tb/MyMips/G_FETCHLOGIC/G_BRANCH/G_ADD2/s_Carry @ sub-iteration 2 at Value Z (/home/mdd1/Desktop/Project1/cpr-e-381/proj/src/TopLevel/nBitAdder.vhd:39)
#       Signal: /tb/MyMips/G_FETCHLOGIC/JUMP1/G_RIGHT_SHIFT_PC/G_MUX_2_SHIFT_INPUTS(4)/MUXI/s_and2 @ sub-iteration 2 at Value Z (/home/mdd1/Desktop/Project1/cpr-e-381/proj/src/TopLevel/mux2t1.vhd:39)
#   Active process: /tb/MyMips/G_FETCHLOGIC/JUMP1/G_RIGHT_SHIFT_PC/G_MUX_2_SHIFT_INPUTS(4)/MUXI/g_or/line__34 @ sub-iteration 3
#     Source: /home/mdd1/Desktop/Project1/cpr-e-381/proj/src/TopLevel/mux2t1.vhd:61
#   Active process: /tb/MyMips/G_FETCHLOGIC/G_BRANCH/G_ADD2/G_NBit_Adder(6)/ADDI1/XOR2/line__34 @ sub-iteration 3
#     Source: /home/mdd1/Desktop/Project1/cpr-e-381/proj/src/TopLevel/fullAdder.vhd:57
#   Active process: /tb/MyMips/G_FETCHLOGIC/G_BRANCH/G_ADD2/G_NBit_Adder(6)/ADDI1/AND2/line__34 @ sub-iteration 3
#     Source: /home/mdd1/Desktop/Project1/cpr-e-381/proj/src/TopLevel/fullAdder.vhd:70
#   Active process: /tb/MyMips/G_FETCHLOGIC/JUMP1/G_RIGHT_SHIFT_PC/G_REVERSE_INPUT_BITS(29)/line__55 @ sub-iteration 3
#     Source: /home/mdd1/Desktop/Project1/cpr-e-381/proj/src/TopLevel/Barrel_Shifter.vhd:54
#   Active process: /tb/MyMips/G_FETCHLOGIC/JUMP1/G_RIGHT_SHIFT_PC/G_INPUT_MUX/G_NBit_MUX(2)/MUXI/line__30 @ sub-iteration 3
#     Source: /home/mdd1/Desktop/Project1/cpr-e-381/proj/src/TopLevel/mux2t1_N.vhd:43
#   Active process: /tb/MyMips/G_FETCHLOGIC/G_MUX_JAL2/G_NBit_MUX(2)/MUXI/line__30 @ sub-iteration 3
#     Source: /home/mdd1/Desktop/Project1/cpr-e-381/proj/src/TopLevel/mux2t1_N.vhd:43
#   Active process: /tb/MyMips/G_FETCHLOGIC/G_BRANCH/G_ADD2/G_NBit_Adder(2)/ADDI1/XOR1/line__34 @ sub-iteration 3
#     Source: /home/mdd1/Desktop/Project1/cpr-e-381/proj/src/TopLevel/fullAdder.vhd:51
#   Active process: /tb/MyMips/G_FETCHLOGIC/G_BRANCH/G_ADD2/G_NBit_Adder(2)/ADDI1/AND1/line__34 @ sub-iteration 3
#     Source: /home/mdd1/Desktop/Project1/cpr-e-381/proj/src/TopLevel/fullAdder.vhd:64
#   Active process: /tb/MyMips/G_FETCHLOGIC/G_MUX_BRANCH/G_NBit_MUX(2)/MUXI/line__30 @ sub-iteration 3
#     Source: /home/mdd1/Desktop/Project1/cpr-e-381/proj/src/TopLevel/mux2t1_N.vhd:43
#   Active process: /tb/MyMips/G_FETCHLOGIC/JUMP1/G_ADD/G_NBit_Adder(3)/ADDI1/XOR2/line__34 @ sub-iteration 3
#     Source: /home/mdd1/Desktop/Project1/cpr-e-381/proj/src/TopLevel/fullAdder.vhd:57
#   Active process: /tb/MyMips/G_FETCHLOGIC/JUMP1/G_ADD/G_NBit_Adder(3)/ADDI1/AND2/line__34 @ sub-iteration 3
#     Source: /home/mdd1/Desktop/Project1/cpr-e-381/proj/src/TopLevel/fullAdder.vhd:70
#   Active process: /tb/MyMips/G_FETCHLOGIC/G_ADD/G_NBit_Adder(3)/ADDI1/XOR2/line__34 @ sub-iteration 3
#     Source: /home/mdd1/Desktop/Project1/cpr-e-381/proj/src/TopLevel/fullAdder.vhd:57
#   Active process: /tb/MyMips/G_FETCHLOGIC/G_ADD/G_NBit_Adder(3)/ADDI1/AND2/line__34 @ sub-iteration 3
#     Source: /home/mdd1/Desktop/Project1/cpr-e-381/proj/src/TopLevel/fullAdder.vhd:70
#   Active process: /tb/MyMips/G_FETCHLOGIC/G_ADD/G_NBit_Adder(3)/ADDI1/OR1/line__34 @ sub-iteration 3
#     Source: /home/mdd1/Desktop/Project1/cpr-e-381/proj/src/TopLevel/fullAdder.vhd:76
#   Active process: /tb/MyMips/G_FETCHLOGIC/G_BRANCH/G_ADD/G_NBit_Adder(3)/ADDI1/XOR2/line__34 @ sub-iteration 3
#     Source: /home/mdd1/Desktop/Project1/cpr-e-381/proj/src/TopLevel/fullAdder.vhd:57
#   Active process: /tb/MyMips/G_FETCHLOGIC/G_BRANCH/G_ADD/G_NBit_Adder(3)/ADDI1/AND2/line__34 @ sub-iteration 3
#     Source: /home/mdd1/Desktop/Project1/cpr-e-381/proj/src/TopLevel/fullAdder.vhd:70
#   Active process: /tb/MyMips/G_FETCHLOGIC/INCREMENT_PC/G_NBit_Adder(3)/ADDI1/XOR2/line__34 @ sub-iteration 3
#     Source: /home/mdd1/Desktop/Project1/cpr-e-381/proj/src/TopLevel/fullAdder.vhd:57
#   Active process: /tb/MyMips/G_FETCHLOGIC/INCREMENT_PC/G_NBit_Adder(3)/ADDI1/AND2/line__34 @ sub-iteration 3
#     Source: /home/mdd1/Desktop/Project1/cpr-e-381/proj/src/TopLevel/fullAdder.vhd:70
#   Active process: /tb/MyMips/G_FETCHLOGIC/G_MUX_RESET/G_NBit_MUX(4)/MUXI/line__30 @ sub-iteration 3
#     Source: /home/mdd1/Desktop/Project1/cpr-e-381/proj/src/TopLevel/mux2t1_N.vhd:43
#       Signal: /tb/MyMips/s_nextPC @ sub-iteration 4 at Value Z (/home/mdd1/Desktop/Project1/cpr-e-381/proj/src/TopLevel/MIPS_Processor.vhd:218)
#       Signal: /tb/MyMips/G_FETCHLOGIC/INCREMENT_PC/G_NBit_Adder(3)/ADDI1/c_and_a_xor_b @ sub-iteration 4 at Value X (/home/mdd1/Desktop/Project1/cpr-e-381/proj/src/TopLevel/fullAdder.vhd:46)
#       Signal: /tb/MyMips/G_FETCHLOGIC/G_BRANCH/G_ADD/G_NBit_Adder(3)/ADDI1/c_and_a_xor_b @ sub-iteration 4 at Value X (/home/mdd1/Desktop/Project1/cpr-e-381/proj/src/TopLevel/fullAdder.vhd:46)
#       Signal: /tb/MyMips/G_FETCHLOGIC/G_ADD/s_Carry @ sub-iteration 4 at Value X (/home/mdd1/Desktop/Project1/cpr-e-381/proj/src/TopLevel/nBitAdder.vhd:39)
#       Signal: /tb/MyMips/G_FETCHLOGIC/RA @ sub-iteration 4 at Value Z (/home/mdd1/Desktop/Project1/cpr-e-381/proj/src/TopLevel/fetchLogic.vhd:102)
#       Signal: /tb/MyMips/G_FETCHLOGIC/JUMP1/G_ADD/G_NBit_Adder(3)/ADDI1/c_and_a_xor_b @ sub-iteration 4 at Value X (/home/mdd1/Desktop/Project1/cpr-e-381/proj/src/TopLevel/fullAdder.vhd:46)
#       Signal: /tb/MyMips/G_FETCHLOGIC/s_muxBranch @ sub-iteration 4 at Value Z (/home/mdd1/Desktop/Project1/cpr-e-381/proj/src/TopLevel/fetchLogic.vhd:107)
#       Signal: /tb/MyMips/G_FETCHLOGIC/G_BRANCH/G_ADD2/G_NBit_Adder(2)/ADDI1/a_xor_b @ sub-iteration 4 at Value Z (/home/mdd1/Desktop/Project1/cpr-e-381/proj/src/TopLevel/fullAdder.vhd:46)
#       Signal: /tb/MyMips/s_ra @ sub-iteration 4 at Value X (/home/mdd1/Desktop/Project1/cpr-e-381/proj/src/TopLevel/MIPS_Processor.vhd:217)
#       Signal: /tb/MyMips/G_FETCHLOGIC/JUMP1/G_RIGHT_SHIFT_PC/s_i_D @ sub-iteration 4 at Value Z (/home/mdd1/Desktop/Project1/cpr-e-381/proj/src/TopLevel/Barrel_Shifter.vhd:42)
#       Signal: /tb/MyMips/G_FETCHLOGIC/JUMP1/G_RIGHT_SHIFT_PC/s_i_D_reverse @ sub-iteration 4 at Value Z (/home/mdd1/Desktop/Project1/cpr-e-381/proj/src/TopLevel/Barrel_Shifter.vhd:43)
#       Signal: /tb/MyMips/G_FETCHLOGIC/s_bPC @ sub-iteration 4 at Value Z (/home/mdd1/Desktop/Project1/cpr-e-381/proj/src/TopLevel/fetchLogic.vhd:105)
#       Signal: /tb/MyMips/G_FETCHLOGIC/JUMP1/G_RIGHT_SHIFT_PC/s_shift_2 @ sub-iteration 4 at Value Z (/home/mdd1/Desktop/Project1/cpr-e-381/proj/src/TopLevel/Barrel_Shifter.vhd:45)
#   Active process: /tb/MyMips/G_FETCHLOGIC/JUMP1/G_RIGHT_SHIFT_PC/G_MUX_4_SHIFT_INPUTS(0)/MUXI/g_And1/line__34 @ sub-iteration 5
#     Source: /home/mdd1/Desktop/Project1/cpr-e-381/proj/src/TopLevel/mux2t1.vhd:49
#   Active process: /tb/MyMips/G_FETCHLOGIC/JUMP1/G_RIGHT_SHIFT_PC/G_MUX_4_SHIFT_INPUTS(4)/MUXI/g_And2/line__34 @ sub-iteration 5
#     Source: /home/mdd1/Desktop/Project1/cpr-e-381/proj/src/TopLevel/mux2t1.vhd:55
#   Active process: /tb/MyMips/G_FETCHLOGIC/G_MUX_BRANCH/G_NBit_MUX(6)/MUXI/line__30 @ sub-iteration 5
#     Source: /home/mdd1/Desktop/Project1/cpr-e-381/proj/src/TopLevel/mux2t1_N.vhd:43
#   Active process: /tb/MyMips/G_FETCHLOGIC/JUMP1/G_RIGHT_SHIFT_PC/G_INPUT_MUX/G_NBit_MUX(29)/MUXI/line__30 @ sub-iteration 5
#     Source: /home/mdd1/Desktop/Project1/cpr-e-381/proj/src/TopLevel/mux2t1_N.vhd:43
#   Active process: /tb/MyMips/G_FETCHLOGIC/JUMP1/G_RIGHT_SHIFT_PC/G_MUX_1_SHIFT(1)/MUXI/g_And1/line__34 @ sub-iteration 5
#     Source: /home/mdd1/Desktop/Project1/cpr-e-381/proj/src/TopLevel/mux2t1.vhd:49
#   Active process: /tb/MyMips/G_FETCHLOGIC/JUMP1/G_RIGHT_SHIFT_PC/G_MUX_1_SHIFT(2)/MUXI/g_And2/line__34 @ sub-iteration 5
#     Source: /home/mdd1/Desktop/Project1/cpr-e-381/proj/src/TopLevel/mux2t1.vhd:55
#   Active process: /tb/MyMips/G_FETCHLOGIC/G_BRANCH/G_ADD2/G_NBit_Adder(2)/ADDI1/XOR2/line__34 @ sub-iteration 5
#     Source: /home/mdd1/Desktop/Project1/cpr-e-381/proj/src/TopLevel/fullAdder.vhd:57
#   Active process: /tb/MyMips/G_FETCHLOGIC/G_BRANCH/G_ADD2/G_NBit_Adder(2)/ADDI1/AND2/line__34 @ sub-iteration 5
#     Source: /home/mdd1/Desktop/Project1/cpr-e-381/proj/src/TopLevel/fullAdder.vhd:70
#   Active process: /tb/MyMips/G_FETCHLOGIC/G_MUX_JUMP/G_NBit_MUX(2)/MUXI/line__30 @ sub-iteration 5
#     Source: /home/mdd1/Desktop/Project1/cpr-e-381/proj/src/TopLevel/mux2t1_N.vhd:43
#   Active process: /tb/MyMips/G_FETCHLOGIC/JUMP1/G_ADD/G_NBit_Adder(3)/ADDI1/OR1/line__34 @ sub-iteration 5
#     Source: /home/mdd1/Desktop/Project1/cpr-e-381/proj/src/TopLevel/fullAdder.vhd:76
#   Active process: /tb/MyMips/G_FETCHLOGIC/G_MUX_JAL2/G_NBit_MUX(3)/MUXI/line__30 @ sub-iteration 5
#     Source: /home/mdd1/Desktop/Project1/cpr-e-381/proj/src/TopLevel/mux2t1_N.vhd:43
#   Active process: /tb/MyMips/G_FETCHLOGIC/G_ADD/G_NBit_Adder(4)/ADDI1/XOR2/line__34 @ sub-iteration 5
#     Source: /home/mdd1/Desktop/Project1/cpr-e-381/proj/src/TopLevel/fullAdder.vhd:57
#   Active process: /tb/MyMips/G_FETCHLOGIC/G_ADD/G_NBit_Adder(4)/ADDI1/AND2/line__34 @ sub-iteration 5
#     Source: /home/mdd1/Desktop/Project1/cpr-e-381/proj/src/TopLevel/fullAdder.vhd:70
#   Active process: /tb/MyMips/G_FETCHLOGIC/G_BRANCH/G_ADD/G_NBit_Adder(3)/ADDI1/OR1/line__34 @ sub-iteration 5
#     Source: /home/mdd1/Desktop/Project1/cpr-e-381/proj/src/TopLevel/fullAdder.vhd:76
#   Active process: /tb/MyMips/G_FETCHLOGIC/INCREMENT_PC/G_NBit_Adder(3)/ADDI1/OR1/line__34 @ sub-iteration 5
#     Source: /home/mdd1/Desktop/Project1/cpr-e-381/proj/src/TopLevel/fullAdder.vhd:76
#   Active process: /tb/MyMips/G_FETCHLOGIC/JUMP1/G_ADD/G_NBit_Adder(4)/ADDI1/XOR1/line__34 @ sub-iteration 5
#     Source: /home/mdd1/Desktop/Project1/cpr-e-381/proj/src/TopLevel/fullAdder.vhd:51
#   Active process: /tb/MyMips/G_FETCHLOGIC/JUMP1/G_ADD/G_NBit_Adder(4)/ADDI1/AND1/line__34 @ sub-iteration 5
#     Source: /home/mdd1/Desktop/Project1/cpr-e-381/proj/src/TopLevel/fullAdder.vhd:64
#   Active process: /tb/MyMips/G_FETCHLOGIC/G_ADD/G_NBit_Adder(4)/ADDI1/XOR1/line__34 @ sub-iteration 5
#     Source: /home/mdd1/Desktop/Project1/cpr-e-381/proj/src/TopLevel/fullAdder.vhd:51
#   Active process: /tb/MyMips/G_FETCHLOGIC/G_ADD/G_NBit_Adder(4)/ADDI1/AND1/line__34 @ sub-iteration 5
#     Source: /home/mdd1/Desktop/Project1/cpr-e-381/proj/src/TopLevel/fullAdder.vhd:64
#   Active process: /tb/MyMips/G_FETCHLOGIC/G_BRANCH/G_ADD/G_NBit_Adder(4)/ADDI1/XOR1/line__34 @ sub-iteration 5
#     Source: /home/mdd1/Desktop/Project1/cpr-e-381/proj/src/TopLevel/fullAdder.vhd:51
#   Active process: /tb/MyMips/G_FETCHLOGIC/G_BRANCH/G_ADD/G_NBit_Adder(4)/ADDI1/AND1/line__34 @ sub-iteration 5
#     Source: /home/mdd1/Desktop/Project1/cpr-e-381/proj/src/TopLevel/fullAdder.vhd:64
#   Active process: /tb/MyMips/G_FETCHLOGIC/INCREMENT_PC/G_NBit_Adder(4)/ADDI1/XOR1/line__34 @ sub-iteration 5
#     Source: /home/mdd1/Desktop/Project1/cpr-e-381/proj/src/TopLevel/fullAdder.vhd:51
#   Active process: /tb/MyMips/G_FETCHLOGIC/INCREMENT_PC/G_NBit_Adder(4)/ADDI1/AND1/line__34 @ sub-iteration 5
#     Source: /home/mdd1/Desktop/Project1/cpr-e-381/proj/src/TopLevel/fullAdder.vhd:64
#       Signal: /tb/MyMips/G_FETCHLOGIC/INCREMENT_PC/G_NBit_Adder(4)/ADDI1/a_xor_b @ sub-iteration 6 at Value Z (/home/mdd1/Desktop/Project1/cpr-e-381/proj/src/TopLevel/fullAdder.vhd:46)
#       Signal: /tb/MyMips/G_FETCHLOGIC/G_BRANCH/G_ADD/G_NBit_Adder(4)/ADDI1/a_xor_b @ sub-iteration 6 at Value Z (/home/mdd1/Desktop/Project1/cpr-e-381/proj/src/TopLevel/fullAdder.vhd:46)
#       Signal: /tb/MyMips/G_FETCHLOGIC/G_ADD/G_NBit_Adder(4)/ADDI1/a_xor_b @ sub-iteration 6 at Value Z (/home/mdd1/Desktop/Project1/cpr-e-381/proj/src/TopLevel/fullAdder.vhd:46)
#       Signal: /tb/MyMips/G_FETCHLOGIC/JUMP1/G_ADD/G_NBit_Adder(4)/ADDI1/a_xor_b @ sub-iteration 6 at Value Z (/home/mdd1/Desktop/Project1/cpr-e-381/proj/src/TopLevel/fullAdder.vhd:46)
#       Signal: /tb/MyMips/G_FETCHLOGIC/INCREMENT_PC/s_Carry @ sub-iteration 6 at Value X (/home/mdd1/Desktop/Project1/cpr-e-381/proj/src/TopLevel/nBitAdder.vhd:39)
#       Signal: /tb/MyMips/G_FETCHLOGIC/G_BRANCH/G_ADD/s_Carry @ sub-iteration 6 at Value X (/home/mdd1/Desktop/Project1/cpr-e-381/proj/src/TopLevel/nBitAdder.vhd:39)
#       Signal: /tb/MyMips/G_FETCHLOGIC/RA @ sub-iteration 6 at Value X (/home/mdd1/Desktop/Project1/cpr-e-381/proj/src/TopLevel/fetchLogic.vhd:102)
#       Signal: /tb/MyMips/s_ra @ sub-iteration 6 at Value Z (/home/mdd1/Desktop/Project1/cpr-e-381/proj/src/TopLevel/MIPS_Processor.vhd:217)
#       Signal: /tb/MyMips/G_FETCHLOGIC/JUMP1/G_ADD/s_Carry @ sub-iteration 6 at Value X (/home/mdd1/Desktop/Project1/cpr-e-381/proj/src/TopLevel/nBitAdder.vhd:39)
#       Signal: /tb/MyMips/G_FETCHLOGIC/s_muxJump @ sub-iteration 6 at Value Z (/home/mdd1/Desktop/Project1/cpr-e-381/proj/src/TopLevel/fetchLogic.vhd:108)
#       Signal: /tb/MyMips/G_FETCHLOGIC/s_bPC @ sub-iteration 6 at Value Z (/home/mdd1/Desktop/Project1/cpr-e-381/proj/src/TopLevel/fetchLogic.vhd:105)
#       Signal: /tb/MyMips/G_FETCHLOGIC/JUMP1/G_RIGHT_SHIFT_PC/G_MUX_1_SHIFT(2)/MUXI/s_and2 @ sub-iteration 6 at Value Z (/home/mdd1/Desktop/Project1/cpr-e-381/proj/src/TopLevel/mux2t1.vhd:39)
#       Signal: /tb/MyMips/G_FETCHLOGIC/JUMP1/G_RIGHT_SHIFT_PC/G_MUX_4_SHIFT_INPUTS(0)/MUXI/s_and1 @ sub-iteration 6 at Value Z (/home/mdd1/Desktop/Project1/cpr-e-381/proj/src/TopLevel/mux2t1.vhd:38)
#   Active process: /tb/MyMips/G_FETCHLOGIC/JUMP1/G_RIGHT_SHIFT_PC/G_MUX_4_SHIFT_INPUTS(0)/MUXI/g_or/line__34 @ sub-iteration 7
#     Source: /home/mdd1/Desktop/Project1/cpr-e-381/proj/src/TopLevel/mux2t1.vhd:61
#   Active process: /tb/MyMips/G_FETCHLOGIC/JUMP1/G_RIGHT_SHIFT_PC/G_MUX_1_SHIFT(2)/MUXI/g_or/line__34 @ sub-iteration 7
#     Source: /home/mdd1/Desktop/Project1/cpr-e-381/proj/src/TopLevel/mux2t1.vhd:61
#   Active process: /tb/MyMips/G_FETCHLOGIC/G_MUX_BRANCH/G_NBit_MUX(2)/MUXI/line__30 @ sub-iteration 7
#     Source: /home/mdd1/Desktop/Project1/cpr-e-381/proj/src/TopLevel/mux2t1_N.vhd:43
################# END OF LOOP #################
# ** Error (suppressible): (vsim-3601) Iteration limit 10000000 reached at time 25 ns.
# End time: 14:34:14 on Mar 26,2024, Elapsed time: 0:00:10
# Errors: 1, Warnings: 6
