In clock cycle: 3
Register Write to Reg: 0x00 Val: 0x00000000
In clock cycle: 4
Register Write to Reg: 0x01 Val: 0x10010000
In clock cycle: 5
Register Write to Reg: 0x10 Val: 0x10010000
In clock cycle: 6
Register Write to Reg: 0x01 Val: 0x10010000
In clock cycle: 7
Register Write to Reg: 0x15 Val: 0x1001004C
In clock cycle: 8
Register Write to Reg: 0x15 Val: 0x00000013
In clock cycle: 9
Register Write to Reg: 0x12 Val: 0x00000001
In clock cycle: 11
Memory Write to Addr: 0x10010000 Val: 0x00000001
In clock cycle: 12
Memory Write to Addr: 0x10010004 Val: 0x00000001
In clock cycle: 14
Register Write to Reg: 0x11 Val: 0x00000011
In clock cycle: 15
Register Write to Reg: 0x13 Val: 0x00000001
In clock cycle: 16
Register Write to Reg: 0x14 Val: 0x00000001
In clock cycle: 18
Register Write to Reg: 0x12 Val: 0x00000002
In clock cycle: 19
Memory Write to Addr: 0x10010008 Val: 0x00000001
In clock cycle: 21
Register Write to Reg: 0x10 Val: 0x10010004
In clock cycle: 22
Register Write to Reg: 0x11 Val: 0x00000010
In clock cycle: 27
Register Write to Reg: 0x00 Val: 0x00000000
In clock cycle: 28
Register Write to Reg: 0x13 Val: 0x00000001
In clock cycle: 29
Register Write to Reg: 0x14 Val: 0x00000001
In clock cycle: 31
Register Write to Reg: 0x12 Val: 0x00000002
In clock cycle: 32
Memory Write to Addr: 0x1001000C Val: 0x00000002
In clock cycle: 34
Register Write to Reg: 0x10 Val: 0x10010008
In clock cycle: 35
Register Write to Reg: 0x11 Val: 0x0000000F
In clock cycle: 40
Register Write to Reg: 0x00 Val: 0x00000000
In clock cycle: 41
Register Write to Reg: 0x13 Val: 0x00000001
In clock cycle: 42
Register Write to Reg: 0x14 Val: 0x00000002
In clock cycle: 44
Register Write to Reg: 0x12 Val: 0x00000003
In clock cycle: 45
Memory Write to Addr: 0x10010010 Val: 0x00000002
In clock cycle: 47
Register Write to Reg: 0x10 Val: 0x1001000C
In clock cycle: 48
Register Write to Reg: 0x11 Val: 0x0000000E
In clock cycle: 53
Register Write to Reg: 0x00 Val: 0x00000000
In clock cycle: 54
Register Write to Reg: 0x13 Val: 0x00000002
In clock cycle: 55
Register Write to Reg: 0x14 Val: 0x00000002
In clock cycle: 57
Register Write to Reg: 0x12 Val: 0x00000004
In clock cycle: 58
Memory Write to Addr: 0x10010014 Val: 0x00000003
In clock cycle: 60
Register Write to Reg: 0x10 Val: 0x10010010
In clock cycle: 61
Register Write to Reg: 0x11 Val: 0x0000000D
In clock cycle: 66
Register Write to Reg: 0x00 Val: 0x00000000
In clock cycle: 67
Register Write to Reg: 0x13 Val: 0x00000002
In clock cycle: 68
Register Write to Reg: 0x14 Val: 0x00000003
In clock cycle: 70
Register Write to Reg: 0x12 Val: 0x00000005
In clock cycle: 71
Memory Write to Addr: 0x10010018 Val: 0x00000004
In clock cycle: 73
Register Write to Reg: 0x10 Val: 0x10010014
In clock cycle: 74
Register Write to Reg: 0x11 Val: 0x0000000C
In clock cycle: 79
Register Write to Reg: 0x00 Val: 0x00000000
In clock cycle: 80
Register Write to Reg: 0x13 Val: 0x00000003
In clock cycle: 81
Register Write to Reg: 0x14 Val: 0x00000004
In clock cycle: 83
Register Write to Reg: 0x12 Val: 0x00000007
In clock cycle: 84
Memory Write to Addr: 0x1001001C Val: 0x00000005
In clock cycle: 86
Register Write to Reg: 0x10 Val: 0x10010018
In clock cycle: 87
Register Write to Reg: 0x11 Val: 0x0000000B
In clock cycle: 92
Register Write to Reg: 0x00 Val: 0x00000000
In clock cycle: 93
Register Write to Reg: 0x13 Val: 0x00000004
In clock cycle: 94
Register Write to Reg: 0x14 Val: 0x00000005
In clock cycle: 96
Register Write to Reg: 0x12 Val: 0x00000009
In clock cycle: 97
Memory Write to Addr: 0x10010020 Val: 0x00000007
In clock cycle: 99
Register Write to Reg: 0x10 Val: 0x1001001C
In clock cycle: 100
Register Write to Reg: 0x11 Val: 0x0000000A
In clock cycle: 105
Register Write to Reg: 0x00 Val: 0x00000000
In clock cycle: 106
Register Write to Reg: 0x13 Val: 0x00000005
In clock cycle: 107
Register Write to Reg: 0x14 Val: 0x00000007
In clock cycle: 109
Register Write to Reg: 0x12 Val: 0x0000000C
In clock cycle: 110
Memory Write to Addr: 0x10010024 Val: 0x00000009
In clock cycle: 112
Register Write to Reg: 0x10 Val: 0x10010020
In clock cycle: 113
Register Write to Reg: 0x11 Val: 0x00000009
In clock cycle: 118
Register Write to Reg: 0x00 Val: 0x00000000
In clock cycle: 119
Register Write to Reg: 0x13 Val: 0x00000007
In clock cycle: 120
Register Write to Reg: 0x14 Val: 0x00000009
In clock cycle: 122
Register Write to Reg: 0x12 Val: 0x00000010
In clock cycle: 123
Memory Write to Addr: 0x10010028 Val: 0x0000000C
In clock cycle: 125
Register Write to Reg: 0x10 Val: 0x10010024
In clock cycle: 126
Register Write to Reg: 0x11 Val: 0x00000008
In clock cycle: 131
Register Write to Reg: 0x00 Val: 0x00000000
In clock cycle: 132
Register Write to Reg: 0x13 Val: 0x00000009
In clock cycle: 133
Register Write to Reg: 0x14 Val: 0x0000000C
In clock cycle: 135
Register Write to Reg: 0x12 Val: 0x00000015
In clock cycle: 136
Memory Write to Addr: 0x1001002C Val: 0x00000010
In clock cycle: 138
Register Write to Reg: 0x10 Val: 0x10010028
In clock cycle: 139
Register Write to Reg: 0x11 Val: 0x00000007
In clock cycle: 144
Register Write to Reg: 0x00 Val: 0x00000000
In clock cycle: 145
Register Write to Reg: 0x13 Val: 0x0000000C
In clock cycle: 146
Register Write to Reg: 0x14 Val: 0x00000010
In clock cycle: 148
Register Write to Reg: 0x12 Val: 0x0000001C
In clock cycle: 149
Memory Write to Addr: 0x10010030 Val: 0x00000015
In clock cycle: 151
Register Write to Reg: 0x10 Val: 0x1001002C
In clock cycle: 152
Register Write to Reg: 0x11 Val: 0x00000006
In clock cycle: 157
Register Write to Reg: 0x00 Val: 0x00000000
In clock cycle: 158
Register Write to Reg: 0x13 Val: 0x00000010
In clock cycle: 159
Register Write to Reg: 0x14 Val: 0x00000015
In clock cycle: 161
Register Write to Reg: 0x12 Val: 0x00000025
In clock cycle: 162
Memory Write to Addr: 0x10010034 Val: 0x0000001C
In clock cycle: 164
Register Write to Reg: 0x10 Val: 0x10010030
In clock cycle: 165
Register Write to Reg: 0x11 Val: 0x00000005
In clock cycle: 170
Register Write to Reg: 0x00 Val: 0x00000000
In clock cycle: 171
Register Write to Reg: 0x13 Val: 0x00000015
In clock cycle: 172
Register Write to Reg: 0x14 Val: 0x0000001C
In clock cycle: 174
Register Write to Reg: 0x12 Val: 0x00000031
In clock cycle: 175
Memory Write to Addr: 0x10010038 Val: 0x00000025
In clock cycle: 177
Register Write to Reg: 0x10 Val: 0x10010034
In clock cycle: 178
Register Write to Reg: 0x11 Val: 0x00000004
In clock cycle: 183
Register Write to Reg: 0x00 Val: 0x00000000
In clock cycle: 184
Register Write to Reg: 0x13 Val: 0x0000001C
In clock cycle: 185
Register Write to Reg: 0x14 Val: 0x00000025
In clock cycle: 187
Register Write to Reg: 0x12 Val: 0x00000041
In clock cycle: 188
Memory Write to Addr: 0x1001003C Val: 0x00000031
In clock cycle: 190
Register Write to Reg: 0x10 Val: 0x10010038
In clock cycle: 191
Register Write to Reg: 0x11 Val: 0x00000003
In clock cycle: 196
Register Write to Reg: 0x00 Val: 0x00000000
In clock cycle: 197
Register Write to Reg: 0x13 Val: 0x00000025
In clock cycle: 198
Register Write to Reg: 0x14 Val: 0x00000031
In clock cycle: 200
Register Write to Reg: 0x12 Val: 0x00000056
In clock cycle: 201
Memory Write to Addr: 0x10010040 Val: 0x00000041
In clock cycle: 203
Register Write to Reg: 0x10 Val: 0x1001003C
In clock cycle: 204
Register Write to Reg: 0x11 Val: 0x00000002
In clock cycle: 209
Register Write to Reg: 0x00 Val: 0x00000000
In clock cycle: 210
Register Write to Reg: 0x13 Val: 0x00000031
In clock cycle: 211
Register Write to Reg: 0x14 Val: 0x00000041
In clock cycle: 213
Register Write to Reg: 0x12 Val: 0x00000072
In clock cycle: 214
Memory Write to Addr: 0x10010044 Val: 0x00000056
In clock cycle: 216
Register Write to Reg: 0x10 Val: 0x10010040
In clock cycle: 217
Register Write to Reg: 0x11 Val: 0x00000001
In clock cycle: 222
Register Write to Reg: 0x00 Val: 0x00000000
In clock cycle: 223
Register Write to Reg: 0x13 Val: 0x00000041
In clock cycle: 224
Register Write to Reg: 0x14 Val: 0x00000056
In clock cycle: 226
Register Write to Reg: 0x12 Val: 0x00000097
In clock cycle: 227
Memory Write to Addr: 0x10010048 Val: 0x00000072
In clock cycle: 229
Register Write to Reg: 0x10 Val: 0x10010044
In clock cycle: 230
Register Write to Reg: 0x11 Val: 0x00000000
In clock cycle: 235
Register Write to Reg: 0x01 Val: 0x10010000
In clock cycle: 236
Register Write to Reg: 0x04 Val: 0x10010000
In clock cycle: 237
Register Write to Reg: 0x05 Val: 0x00000013
In clock cycle: 238
Register Write to Reg: 0x1F Val: 0x00400050
In clock cycle: 239
Register Write to Reg: 0x00 Val: 0x00000000
In clock cycle: 240
Register Write to Reg: 0x08 Val: 0x10010000
In clock cycle: 241
Register Write to Reg: 0x09 Val: 0x00000013
In clock cycle: 242
Register Write to Reg: 0x01 Val: 0x10010000
In clock cycle: 243
Register Write to Reg: 0x04 Val: 0x10010089
In clock cycle: 244
Register Write to Reg: 0x02 Val: 0x00000004
In clock cycle: 246
Register Write to Reg: 0x04 Val: 0x00000001
In clock cycle: 247
Register Write to Reg: 0x02 Val: 0x00000001
In clock cycle: 249
Register Write to Reg: 0x01 Val: 0x10010000
In clock cycle: 250
Register Write to Reg: 0x04 Val: 0x10010087
In clock cycle: 251
Register Write to Reg: 0x02 Val: 0x00000004
In clock cycle: 253
Register Write to Reg: 0x08 Val: 0x10010004
In clock cycle: 254
Register Write to Reg: 0x09 Val: 0x00000012
In clock cycle: 259
Register Write to Reg: 0x00 Val: 0x00000000
In clock cycle: 260
Register Write to Reg: 0x04 Val: 0x00000001
In clock cycle: 261
Register Write to Reg: 0x02 Val: 0x00000001
In clock cycle: 263
Register Write to Reg: 0x01 Val: 0x10010000
In clock cycle: 264
Register Write to Reg: 0x04 Val: 0x10010087
In clock cycle: 265
Register Write to Reg: 0x02 Val: 0x00000004
In clock cycle: 267
Register Write to Reg: 0x08 Val: 0x10010008
In clock cycle: 268
Register Write to Reg: 0x09 Val: 0x00000011
In clock cycle: 273
Register Write to Reg: 0x00 Val: 0x00000000
In clock cycle: 274
Register Write to Reg: 0x04 Val: 0x00000001
In clock cycle: 275
Register Write to Reg: 0x02 Val: 0x00000001
In clock cycle: 277
Register Write to Reg: 0x01 Val: 0x10010000
In clock cycle: 278
Register Write to Reg: 0x04 Val: 0x10010087
In clock cycle: 279
Register Write to Reg: 0x02 Val: 0x00000004
In clock cycle: 281
Register Write to Reg: 0x08 Val: 0x1001000C
In clock cycle: 282
Register Write to Reg: 0x09 Val: 0x00000010
In clock cycle: 287
Register Write to Reg: 0x00 Val: 0x00000000
In clock cycle: 288
Register Write to Reg: 0x04 Val: 0x00000002
In clock cycle: 289
Register Write to Reg: 0x02 Val: 0x00000001
In clock cycle: 291
Register Write to Reg: 0x01 Val: 0x10010000
In clock cycle: 292
Register Write to Reg: 0x04 Val: 0x10010087
In clock cycle: 293
Register Write to Reg: 0x02 Val: 0x00000004
In clock cycle: 295
Register Write to Reg: 0x08 Val: 0x10010010
In clock cycle: 296
Register Write to Reg: 0x09 Val: 0x0000000F
In clock cycle: 301
Register Write to Reg: 0x00 Val: 0x00000000
In clock cycle: 302
Register Write to Reg: 0x04 Val: 0x00000002
In clock cycle: 303
Register Write to Reg: 0x02 Val: 0x00000001
In clock cycle: 305
Register Write to Reg: 0x01 Val: 0x10010000
In clock cycle: 306
Register Write to Reg: 0x04 Val: 0x10010087
In clock cycle: 307
Register Write to Reg: 0x02 Val: 0x00000004
In clock cycle: 309
Register Write to Reg: 0x08 Val: 0x10010014
In clock cycle: 310
Register Write to Reg: 0x09 Val: 0x0000000E
In clock cycle: 315
Register Write to Reg: 0x00 Val: 0x00000000
In clock cycle: 316
Register Write to Reg: 0x04 Val: 0x00000003
In clock cycle: 317
Register Write to Reg: 0x02 Val: 0x00000001
In clock cycle: 319
Register Write to Reg: 0x01 Val: 0x10010000
In clock cycle: 320
Register Write to Reg: 0x04 Val: 0x10010087
In clock cycle: 321
Register Write to Reg: 0x02 Val: 0x00000004
In clock cycle: 323
Register Write to Reg: 0x08 Val: 0x10010018
In clock cycle: 324
Register Write to Reg: 0x09 Val: 0x0000000D
In clock cycle: 329
Register Write to Reg: 0x00 Val: 0x00000000
In clock cycle: 330
Register Write to Reg: 0x04 Val: 0x00000004
In clock cycle: 331
Register Write to Reg: 0x02 Val: 0x00000001
In clock cycle: 333
Register Write to Reg: 0x01 Val: 0x10010000
In clock cycle: 334
Register Write to Reg: 0x04 Val: 0x10010087
In clock cycle: 335
Register Write to Reg: 0x02 Val: 0x00000004
In clock cycle: 337
Register Write to Reg: 0x08 Val: 0x1001001C
In clock cycle: 338
Register Write to Reg: 0x09 Val: 0x0000000C
In clock cycle: 343
Register Write to Reg: 0x00 Val: 0x00000000
In clock cycle: 344
Register Write to Reg: 0x04 Val: 0x00000005
In clock cycle: 345
Register Write to Reg: 0x02 Val: 0x00000001
In clock cycle: 347
Register Write to Reg: 0x01 Val: 0x10010000
In clock cycle: 348
Register Write to Reg: 0x04 Val: 0x10010087
In clock cycle: 349
Register Write to Reg: 0x02 Val: 0x00000004
In clock cycle: 351
Register Write to Reg: 0x08 Val: 0x10010020
In clock cycle: 352
Register Write to Reg: 0x09 Val: 0x0000000B
In clock cycle: 357
Register Write to Reg: 0x00 Val: 0x00000000
In clock cycle: 358
Register Write to Reg: 0x04 Val: 0x00000007
In clock cycle: 359
Register Write to Reg: 0x02 Val: 0x00000001
In clock cycle: 361
Register Write to Reg: 0x01 Val: 0x10010000
In clock cycle: 362
Register Write to Reg: 0x04 Val: 0x10010087
In clock cycle: 363
Register Write to Reg: 0x02 Val: 0x00000004
In clock cycle: 365
Register Write to Reg: 0x08 Val: 0x10010024
In clock cycle: 366
Register Write to Reg: 0x09 Val: 0x0000000A
In clock cycle: 371
Register Write to Reg: 0x00 Val: 0x00000000
In clock cycle: 372
Register Write to Reg: 0x04 Val: 0x00000009
In clock cycle: 373
Register Write to Reg: 0x02 Val: 0x00000001
In clock cycle: 375
Register Write to Reg: 0x01 Val: 0x10010000
In clock cycle: 376
Register Write to Reg: 0x04 Val: 0x10010087
In clock cycle: 377
Register Write to Reg: 0x02 Val: 0x00000004
In clock cycle: 379
Register Write to Reg: 0x08 Val: 0x10010028
In clock cycle: 380
Register Write to Reg: 0x09 Val: 0x00000009
In clock cycle: 385
Register Write to Reg: 0x00 Val: 0x00000000
In clock cycle: 386
Register Write to Reg: 0x04 Val: 0x0000000C
In clock cycle: 387
Register Write to Reg: 0x02 Val: 0x00000001
In clock cycle: 389
Register Write to Reg: 0x01 Val: 0x10010000
In clock cycle: 390
Register Write to Reg: 0x04 Val: 0x10010087
In clock cycle: 391
Register Write to Reg: 0x02 Val: 0x00000004
In clock cycle: 393
Register Write to Reg: 0x08 Val: 0x1001002C
In clock cycle: 394
Register Write to Reg: 0x09 Val: 0x00000008
In clock cycle: 399
Register Write to Reg: 0x00 Val: 0x00000000
In clock cycle: 400
Register Write to Reg: 0x04 Val: 0x00000010
In clock cycle: 401
Register Write to Reg: 0x02 Val: 0x00000001
In clock cycle: 403
Register Write to Reg: 0x01 Val: 0x10010000
In clock cycle: 404
Register Write to Reg: 0x04 Val: 0x10010087
In clock cycle: 405
Register Write to Reg: 0x02 Val: 0x00000004
In clock cycle: 407
Register Write to Reg: 0x08 Val: 0x10010030
In clock cycle: 408
Register Write to Reg: 0x09 Val: 0x00000007
In clock cycle: 413
Register Write to Reg: 0x00 Val: 0x00000000
In clock cycle: 414
Register Write to Reg: 0x04 Val: 0x00000015
In clock cycle: 415
Register Write to Reg: 0x02 Val: 0x00000001
In clock cycle: 417
Register Write to Reg: 0x01 Val: 0x10010000
In clock cycle: 418
Register Write to Reg: 0x04 Val: 0x10010087
In clock cycle: 419
Register Write to Reg: 0x02 Val: 0x00000004
In clock cycle: 421
Register Write to Reg: 0x08 Val: 0x10010034
In clock cycle: 422
Register Write to Reg: 0x09 Val: 0x00000006
In clock cycle: 427
Register Write to Reg: 0x00 Val: 0x00000000
In clock cycle: 428
Register Write to Reg: 0x04 Val: 0x0000001C
In clock cycle: 429
Register Write to Reg: 0x02 Val: 0x00000001
In clock cycle: 431
Register Write to Reg: 0x01 Val: 0x10010000
In clock cycle: 432
Register Write to Reg: 0x04 Val: 0x10010087
In clock cycle: 433
Register Write to Reg: 0x02 Val: 0x00000004
In clock cycle: 435
Register Write to Reg: 0x08 Val: 0x10010038
In clock cycle: 436
Register Write to Reg: 0x09 Val: 0x00000005
In clock cycle: 441
Register Write to Reg: 0x00 Val: 0x00000000
In clock cycle: 442
Register Write to Reg: 0x04 Val: 0x00000025
In clock cycle: 443
Register Write to Reg: 0x02 Val: 0x00000001
In clock cycle: 445
Register Write to Reg: 0x01 Val: 0x10010000
In clock cycle: 446
Register Write to Reg: 0x04 Val: 0x10010087
In clock cycle: 447
Register Write to Reg: 0x02 Val: 0x00000004
In clock cycle: 449
Register Write to Reg: 0x08 Val: 0x1001003C
In clock cycle: 450
Register Write to Reg: 0x09 Val: 0x00000004
In clock cycle: 455
Register Write to Reg: 0x00 Val: 0x00000000
In clock cycle: 456
Register Write to Reg: 0x04 Val: 0x00000031
In clock cycle: 457
Register Write to Reg: 0x02 Val: 0x00000001
In clock cycle: 459
Register Write to Reg: 0x01 Val: 0x10010000
In clock cycle: 460
Register Write to Reg: 0x04 Val: 0x10010087
In clock cycle: 461
Register Write to Reg: 0x02 Val: 0x00000004
In clock cycle: 463
Register Write to Reg: 0x08 Val: 0x10010040
In clock cycle: 464
Register Write to Reg: 0x09 Val: 0x00000003
In clock cycle: 469
Register Write to Reg: 0x00 Val: 0x00000000
In clock cycle: 470
Register Write to Reg: 0x04 Val: 0x00000041
In clock cycle: 471
Register Write to Reg: 0x02 Val: 0x00000001
In clock cycle: 473
Register Write to Reg: 0x01 Val: 0x10010000
In clock cycle: 474
Register Write to Reg: 0x04 Val: 0x10010087
In clock cycle: 475
Register Write to Reg: 0x02 Val: 0x00000004
In clock cycle: 477
Register Write to Reg: 0x08 Val: 0x10010044
In clock cycle: 478
Register Write to Reg: 0x09 Val: 0x00000002
In clock cycle: 483
Register Write to Reg: 0x00 Val: 0x00000000
In clock cycle: 484
Register Write to Reg: 0x04 Val: 0x00000056
In clock cycle: 485
Register Write to Reg: 0x02 Val: 0x00000001
In clock cycle: 487
Register Write to Reg: 0x01 Val: 0x10010000
In clock cycle: 488
Register Write to Reg: 0x04 Val: 0x10010087
In clock cycle: 489
Register Write to Reg: 0x02 Val: 0x00000004
In clock cycle: 491
Register Write to Reg: 0x08 Val: 0x10010048
In clock cycle: 492
Register Write to Reg: 0x09 Val: 0x00000001
In clock cycle: 497
Register Write to Reg: 0x00 Val: 0x00000000
In clock cycle: 498
Register Write to Reg: 0x04 Val: 0x00000072
In clock cycle: 499
Register Write to Reg: 0x02 Val: 0x00000001
In clock cycle: 501
Register Write to Reg: 0x01 Val: 0x10010000
In clock cycle: 502
Register Write to Reg: 0x04 Val: 0x10010087
In clock cycle: 503
Register Write to Reg: 0x02 Val: 0x00000004
In clock cycle: 505
Register Write to Reg: 0x08 Val: 0x1001004C
In clock cycle: 506
Register Write to Reg: 0x09 Val: 0x00000000
In clock cycle: 512
Register Write to Reg: 0x00 Val: 0x00000000
Execution is stopping! Clock Cycle: 513
