[inst #1] lui $16,4097
Register Write to Reg: 0x10 Val: 0x10010000
[inst #2] addiu $8,$0,0
Register Write to Reg: 0x08 Val: 0x00000000
[inst #3] addiu $9,$0,0
Register Write to Reg: 0x09 Val: 0x00000000
[inst #4] addiu $17,$0,11
Register Write to Reg: 0x11 Val: 0x0000000B
[inst #5] addiu $18,$0,11
Register Write to Reg: 0x12 Val: 0x0000000B
[inst #6] add $10,$0,$16
Register Write to Reg: 0x0A Val: 0x10010000
[inst #7] add $11,$0,$16
Register Write to Reg: 0x0B Val: 0x10010000
[inst #8] addi $17,$17,-1
Register Write to Reg: 0x11 Val: 0x0000000A
[inst #9] addiu $9,$0,0
Register Write to Reg: 0x09 Val: 0x00000000
[inst #10] addi $18,$18,-1
Register Write to Reg: 0x12 Val: 0x0000000A
[inst #11] add $11,$0,$16
Register Write to Reg: 0x0B Val: 0x10010000
[inst #12] lw $19,0($11)
Register Write to Reg: 0x13 Val: 0x0000001D
[inst #13] addi $11,$11,4
Register Write to Reg: 0x0B Val: 0x10010004
[inst #14] lw $20,0($11)
Register Write to Reg: 0x14 Val: 0x0000000E
[inst #15] addi $9,$9,1
Register Write to Reg: 0x09 Val: 0x00000001
[inst #16] slt $12,$19,$20
Register Write to Reg: 0x0C Val: 0x00000000
[inst #17] bne $12,$0,3
[inst #18] sw $19,0($11)
Memory Write to Addr: 0x10010004 Val: 0x0000001D
[inst #19] sw $20,-4($11)
Memory Write to Addr: 0x10010000 Val: 0x0000000E
[inst #20] lw $20,0($11)
Register Write to Reg: 0x14 Val: 0x0000001D
[inst #21] bne $9,$18,-10
[inst #22] lw $19,0($11)
Register Write to Reg: 0x13 Val: 0x0000001D
[inst #23] addi $11,$11,4
Register Write to Reg: 0x0B Val: 0x10010008
[inst #24] lw $20,0($11)
Register Write to Reg: 0x14 Val: 0x00000039
[inst #25] addi $9,$9,1
Register Write to Reg: 0x09 Val: 0x00000002
[inst #26] slt $12,$19,$20
Register Write to Reg: 0x0C Val: 0x00000001
[inst #27] bne $12,$0,3
[inst #28] bne $9,$18,-10
[inst #29] lw $19,0($11)
Register Write to Reg: 0x13 Val: 0x00000039
[inst #30] addi $11,$11,4
Register Write to Reg: 0x0B Val: 0x1001000C
[inst #31] lw $20,0($11)
Register Write to Reg: 0x14 Val: 0x00000024
[inst #32] addi $9,$9,1
Register Write to Reg: 0x09 Val: 0x00000003
[inst #33] slt $12,$19,$20
Register Write to Reg: 0x0C Val: 0x00000000
[inst #34] bne $12,$0,3
[inst #35] sw $19,0($11)
Memory Write to Addr: 0x1001000C Val: 0x00000039
[inst #36] sw $20,-4($11)
Memory Write to Addr: 0x10010008 Val: 0x00000024
[inst #37] lw $20,0($11)
Register Write to Reg: 0x14 Val: 0x00000039
[inst #38] bne $9,$18,-10
[inst #39] lw $19,0($11)
Register Write to Reg: 0x13 Val: 0x00000039
[inst #40] addi $11,$11,4
Register Write to Reg: 0x0B Val: 0x10010010
[inst #41] lw $20,0($11)
Register Write to Reg: 0x14 Val: 0x0000005B
[inst #42] addi $9,$9,1
Register Write to Reg: 0x09 Val: 0x00000004
[inst #43] slt $12,$19,$20
Register Write to Reg: 0x0C Val: 0x00000001
[inst #44] bne $12,$0,3
[inst #45] bne $9,$18,-10
[inst #46] lw $19,0($11)
Register Write to Reg: 0x13 Val: 0x0000005B
[inst #47] addi $11,$11,4
Register Write to Reg: 0x0B Val: 0x10010014
[inst #48] lw $20,0($11)
Register Write to Reg: 0x14 Val: 0x00000012
[inst #49] addi $9,$9,1
Register Write to Reg: 0x09 Val: 0x00000005
[inst #50] slt $12,$19,$20
Register Write to Reg: 0x0C Val: 0x00000000
[inst #51] bne $12,$0,3
[inst #52] sw $19,0($11)
Memory Write to Addr: 0x10010014 Val: 0x0000005B
[inst #53] sw $20,-4($11)
Memory Write to Addr: 0x10010010 Val: 0x00000012
[inst #54] lw $20,0($11)
Register Write to Reg: 0x14 Val: 0x0000005B
[inst #55] bne $9,$18,-10
[inst #56] lw $19,0($11)
Register Write to Reg: 0x13 Val: 0x0000005B
[inst #57] addi $11,$11,4
Register Write to Reg: 0x0B Val: 0x10010018
[inst #58] lw $20,0($11)
Register Write to Reg: 0x14 Val: 0x0000002A
[inst #59] addi $9,$9,1
Register Write to Reg: 0x09 Val: 0x00000006
[inst #60] slt $12,$19,$20
Register Write to Reg: 0x0C Val: 0x00000000
[inst #61] bne $12,$0,3
[inst #62] sw $19,0($11)
Memory Write to Addr: 0x10010018 Val: 0x0000005B
[inst #63] sw $20,-4($11)
Memory Write to Addr: 0x10010014 Val: 0x0000002A
[inst #64] lw $20,0($11)
Register Write to Reg: 0x14 Val: 0x0000005B
[inst #65] bne $9,$18,-10
[inst #66] lw $19,0($11)
Register Write to Reg: 0x13 Val: 0x0000005B
[inst #67] addi $11,$11,4
Register Write to Reg: 0x0B Val: 0x1001001C
[inst #68] lw $20,0($11)
Register Write to Reg: 0x14 Val: 0x00000044
[inst #69] addi $9,$9,1
Register Write to Reg: 0x09 Val: 0x00000007
[inst #70] slt $12,$19,$20
Register Write to Reg: 0x0C Val: 0x00000000
[inst #71] bne $12,$0,3
[inst #72] sw $19,0($11)
Memory Write to Addr: 0x1001001C Val: 0x0000005B
[inst #73] sw $20,-4($11)
Memory Write to Addr: 0x10010018 Val: 0x00000044
[inst #74] lw $20,0($11)
Register Write to Reg: 0x14 Val: 0x0000005B
[inst #75] bne $9,$18,-10
[inst #76] lw $19,0($11)
Register Write to Reg: 0x13 Val: 0x0000005B
[inst #77] addi $11,$11,4
Register Write to Reg: 0x0B Val: 0x10010020
[inst #78] lw $20,0($11)
Register Write to Reg: 0x14 Val: 0x00000005
[inst #79] addi $9,$9,1
Register Write to Reg: 0x09 Val: 0x00000008
[inst #80] slt $12,$19,$20
Register Write to Reg: 0x0C Val: 0x00000000
[inst #81] bne $12,$0,3
[inst #82] sw $19,0($11)
Memory Write to Addr: 0x10010020 Val: 0x0000005B
[inst #83] sw $20,-4($11)
Memory Write to Addr: 0x1001001C Val: 0x00000005
[inst #84] lw $20,0($11)
Register Write to Reg: 0x14 Val: 0x0000005B
[inst #85] bne $9,$18,-10
[inst #86] lw $19,0($11)
Register Write to Reg: 0x13 Val: 0x0000005B
[inst #87] addi $11,$11,4
Register Write to Reg: 0x0B Val: 0x10010024
[inst #88] lw $20,0($11)
Register Write to Reg: 0x14 Val: 0x0000004D
[inst #89] addi $9,$9,1
Register Write to Reg: 0x09 Val: 0x00000009
[inst #90] slt $12,$19,$20
Register Write to Reg: 0x0C Val: 0x00000000
[inst #91] bne $12,$0,3
[inst #92] sw $19,0($11)
Memory Write to Addr: 0x10010024 Val: 0x0000005B
[inst #93] sw $20,-4($11)
Memory Write to Addr: 0x10010020 Val: 0x0000004D
[inst #94] lw $20,0($11)
Register Write to Reg: 0x14 Val: 0x0000005B
[inst #95] bne $9,$18,-10
[inst #96] lw $19,0($11)
Register Write to Reg: 0x13 Val: 0x0000005B
[inst #97] addi $11,$11,4
Register Write to Reg: 0x0B Val: 0x10010028
[inst #98] lw $20,0($11)
Register Write to Reg: 0x14 Val: 0x00000035
[inst #99] addi $9,$9,1
Register Write to Reg: 0x09 Val: 0x0000000A
[inst #100] slt $12,$19,$20
Register Write to Reg: 0x0C Val: 0x00000000
[inst #101] bne $12,$0,3
[inst #102] sw $19,0($11)
Memory Write to Addr: 0x10010028 Val: 0x0000005B
[inst #103] sw $20,-4($11)
Memory Write to Addr: 0x10010024 Val: 0x00000035
[inst #104] lw $20,0($11)
Register Write to Reg: 0x14 Val: 0x0000005B
[inst #105] bne $9,$18,-10
[inst #106] addi $8,$8,1
Register Write to Reg: 0x08 Val: 0x00000001
[inst #107] bne $8,$17,-15
[inst #108] addiu $9,$0,0
Register Write to Reg: 0x09 Val: 0x00000000
[inst #109] addi $18,$18,-1
Register Write to Reg: 0x12 Val: 0x00000009
[inst #110] add $11,$0,$16
Register Write to Reg: 0x0B Val: 0x10010000
[inst #111] lw $19,0($11)
Register Write to Reg: 0x13 Val: 0x0000000E
[inst #112] addi $11,$11,4
Register Write to Reg: 0x0B Val: 0x10010004
[inst #113] lw $20,0($11)
Register Write to Reg: 0x14 Val: 0x0000001D
[inst #114] addi $9,$9,1
Register Write to Reg: 0x09 Val: 0x00000001
[inst #115] slt $12,$19,$20
Register Write to Reg: 0x0C Val: 0x00000001
[inst #116] bne $12,$0,3
[inst #117] bne $9,$18,-10
[inst #118] lw $19,0($11)
Register Write to Reg: 0x13 Val: 0x0000001D
[inst #119] addi $11,$11,4
Register Write to Reg: 0x0B Val: 0x10010008
[inst #120] lw $20,0($11)
Register Write to Reg: 0x14 Val: 0x00000024
[inst #121] addi $9,$9,1
Register Write to Reg: 0x09 Val: 0x00000002
[inst #122] slt $12,$19,$20
Register Write to Reg: 0x0C Val: 0x00000001
[inst #123] bne $12,$0,3
[inst #124] bne $9,$18,-10
[inst #125] lw $19,0($11)
Register Write to Reg: 0x13 Val: 0x00000024
[inst #126] addi $11,$11,4
Register Write to Reg: 0x0B Val: 0x1001000C
[inst #127] lw $20,0($11)
Register Write to Reg: 0x14 Val: 0x00000039
[inst #128] addi $9,$9,1
Register Write to Reg: 0x09 Val: 0x00000003
[inst #129] slt $12,$19,$20
Register Write to Reg: 0x0C Val: 0x00000001
[inst #130] bne $12,$0,3
[inst #131] bne $9,$18,-10
[inst #132] lw $19,0($11)
Register Write to Reg: 0x13 Val: 0x00000039
[inst #133] addi $11,$11,4
Register Write to Reg: 0x0B Val: 0x10010010
[inst #134] lw $20,0($11)
Register Write to Reg: 0x14 Val: 0x00000012
[inst #135] addi $9,$9,1
Register Write to Reg: 0x09 Val: 0x00000004
[inst #136] slt $12,$19,$20
Register Write to Reg: 0x0C Val: 0x00000000
[inst #137] bne $12,$0,3
[inst #138] sw $19,0($11)
Memory Write to Addr: 0x10010010 Val: 0x00000039
[inst #139] sw $20,-4($11)
Memory Write to Addr: 0x1001000C Val: 0x00000012
[inst #140] lw $20,0($11)
Register Write to Reg: 0x14 Val: 0x00000039
[inst #141] bne $9,$18,-10
[inst #142] lw $19,0($11)
Register Write to Reg: 0x13 Val: 0x00000039
[inst #143] addi $11,$11,4
Register Write to Reg: 0x0B Val: 0x10010014
[inst #144] lw $20,0($11)
Register Write to Reg: 0x14 Val: 0x0000002A
[inst #145] addi $9,$9,1
Register Write to Reg: 0x09 Val: 0x00000005
[inst #146] slt $12,$19,$20
Register Write to Reg: 0x0C Val: 0x00000000
[inst #147] bne $12,$0,3
[inst #148] sw $19,0($11)
Memory Write to Addr: 0x10010014 Val: 0x00000039
[inst #149] sw $20,-4($11)
Memory Write to Addr: 0x10010010 Val: 0x0000002A
[inst #150] lw $20,0($11)
Register Write to Reg: 0x14 Val: 0x00000039
[inst #151] bne $9,$18,-10
[inst #152] lw $19,0($11)
Register Write to Reg: 0x13 Val: 0x00000039
[inst #153] addi $11,$11,4
Register Write to Reg: 0x0B Val: 0x10010018
[inst #154] lw $20,0($11)
Register Write to Reg: 0x14 Val: 0x00000044
[inst #155] addi $9,$9,1
Register Write to Reg: 0x09 Val: 0x00000006
[inst #156] slt $12,$19,$20
Register Write to Reg: 0x0C Val: 0x00000001
[inst #157] bne $12,$0,3
[inst #158] bne $9,$18,-10
[inst #159] lw $19,0($11)
Register Write to Reg: 0x13 Val: 0x00000044
[inst #160] addi $11,$11,4
Register Write to Reg: 0x0B Val: 0x1001001C
[inst #161] lw $20,0($11)
Register Write to Reg: 0x14 Val: 0x00000005
[inst #162] addi $9,$9,1
Register Write to Reg: 0x09 Val: 0x00000007
[inst #163] slt $12,$19,$20
Register Write to Reg: 0x0C Val: 0x00000000
[inst #164] bne $12,$0,3
[inst #165] sw $19,0($11)
Memory Write to Addr: 0x1001001C Val: 0x00000044
[inst #166] sw $20,-4($11)
Memory Write to Addr: 0x10010018 Val: 0x00000005
[inst #167] lw $20,0($11)
Register Write to Reg: 0x14 Val: 0x00000044
[inst #168] bne $9,$18,-10
[inst #169] lw $19,0($11)
Register Write to Reg: 0x13 Val: 0x00000044
[inst #170] addi $11,$11,4
Register Write to Reg: 0x0B Val: 0x10010020
[inst #171] lw $20,0($11)
Register Write to Reg: 0x14 Val: 0x0000004D
[inst #172] addi $9,$9,1
Register Write to Reg: 0x09 Val: 0x00000008
[inst #173] slt $12,$19,$20
Register Write to Reg: 0x0C Val: 0x00000001
[inst #174] bne $12,$0,3
[inst #175] bne $9,$18,-10
[inst #176] lw $19,0($11)
Register Write to Reg: 0x13 Val: 0x0000004D
[inst #177] addi $11,$11,4
Register Write to Reg: 0x0B Val: 0x10010024
[inst #178] lw $20,0($11)
Register Write to Reg: 0x14 Val: 0x00000035
[inst #179] addi $9,$9,1
Register Write to Reg: 0x09 Val: 0x00000009
[inst #180] slt $12,$19,$20
Register Write to Reg: 0x0C Val: 0x00000000
[inst #181] bne $12,$0,3
[inst #182] sw $19,0($11)
Memory Write to Addr: 0x10010024 Val: 0x0000004D
[inst #183] sw $20,-4($11)
Memory Write to Addr: 0x10010020 Val: 0x00000035
[inst #184] lw $20,0($11)
Register Write to Reg: 0x14 Val: 0x0000004D
[inst #185] bne $9,$18,-10
[inst #186] addi $8,$8,1
Register Write to Reg: 0x08 Val: 0x00000002
[inst #187] bne $8,$17,-15
[inst #188] addiu $9,$0,0
Register Write to Reg: 0x09 Val: 0x00000000
[inst #189] addi $18,$18,-1
Register Write to Reg: 0x12 Val: 0x00000008
[inst #190] add $11,$0,$16
Register Write to Reg: 0x0B Val: 0x10010000
[inst #191] lw $19,0($11)
Register Write to Reg: 0x13 Val: 0x0000000E
[inst #192] addi $11,$11,4
Register Write to Reg: 0x0B Val: 0x10010004
[inst #193] lw $20,0($11)
Register Write to Reg: 0x14 Val: 0x0000001D
[inst #194] addi $9,$9,1
Register Write to Reg: 0x09 Val: 0x00000001
[inst #195] slt $12,$19,$20
Register Write to Reg: 0x0C Val: 0x00000001
[inst #196] bne $12,$0,3
[inst #197] bne $9,$18,-10
[inst #198] lw $19,0($11)
Register Write to Reg: 0x13 Val: 0x0000001D
[inst #199] addi $11,$11,4
Register Write to Reg: 0x0B Val: 0x10010008
[inst #200] lw $20,0($11)
Register Write to Reg: 0x14 Val: 0x00000024
[inst #201] addi $9,$9,1
Register Write to Reg: 0x09 Val: 0x00000002
[inst #202] slt $12,$19,$20
Register Write to Reg: 0x0C Val: 0x00000001
[inst #203] bne $12,$0,3
[inst #204] bne $9,$18,-10
[inst #205] lw $19,0($11)
Register Write to Reg: 0x13 Val: 0x00000024
[inst #206] addi $11,$11,4
Register Write to Reg: 0x0B Val: 0x1001000C
[inst #207] lw $20,0($11)
Register Write to Reg: 0x14 Val: 0x00000012
[inst #208] addi $9,$9,1
Register Write to Reg: 0x09 Val: 0x00000003
[inst #209] slt $12,$19,$20
Register Write to Reg: 0x0C Val: 0x00000000
[inst #210] bne $12,$0,3
[inst #211] sw $19,0($11)
Memory Write to Addr: 0x1001000C Val: 0x00000024
[inst #212] sw $20,-4($11)
Memory Write to Addr: 0x10010008 Val: 0x00000012
[inst #213] lw $20,0($11)
Register Write to Reg: 0x14 Val: 0x00000024
[inst #214] bne $9,$18,-10
[inst #215] lw $19,0($11)
Register Write to Reg: 0x13 Val: 0x00000024
[inst #216] addi $11,$11,4
Register Write to Reg: 0x0B Val: 0x10010010
[inst #217] lw $20,0($11)
Register Write to Reg: 0x14 Val: 0x0000002A
[inst #218] addi $9,$9,1
Register Write to Reg: 0x09 Val: 0x00000004
[inst #219] slt $12,$19,$20
Register Write to Reg: 0x0C Val: 0x00000001
[inst #220] bne $12,$0,3
[inst #221] bne $9,$18,-10
[inst #222] lw $19,0($11)
Register Write to Reg: 0x13 Val: 0x0000002A
[inst #223] addi $11,$11,4
Register Write to Reg: 0x0B Val: 0x10010014
[inst #224] lw $20,0($11)
Register Write to Reg: 0x14 Val: 0x00000039
[inst #225] addi $9,$9,1
Register Write to Reg: 0x09 Val: 0x00000005
[inst #226] slt $12,$19,$20
Register Write to Reg: 0x0C Val: 0x00000001
[inst #227] bne $12,$0,3
[inst #228] bne $9,$18,-10
[inst #229] lw $19,0($11)
Register Write to Reg: 0x13 Val: 0x00000039
[inst #230] addi $11,$11,4
Register Write to Reg: 0x0B Val: 0x10010018
[inst #231] lw $20,0($11)
Register Write to Reg: 0x14 Val: 0x00000005
[inst #232] addi $9,$9,1
Register Write to Reg: 0x09 Val: 0x00000006
[inst #233] slt $12,$19,$20
Register Write to Reg: 0x0C Val: 0x00000000
[inst #234] bne $12,$0,3
[inst #235] sw $19,0($11)
Memory Write to Addr: 0x10010018 Val: 0x00000039
[inst #236] sw $20,-4($11)
Memory Write to Addr: 0x10010014 Val: 0x00000005
[inst #237] lw $20,0($11)
Register Write to Reg: 0x14 Val: 0x00000039
[inst #238] bne $9,$18,-10
[inst #239] lw $19,0($11)
Register Write to Reg: 0x13 Val: 0x00000039
[inst #240] addi $11,$11,4
Register Write to Reg: 0x0B Val: 0x1001001C
[inst #241] lw $20,0($11)
Register Write to Reg: 0x14 Val: 0x00000044
[inst #242] addi $9,$9,1
Register Write to Reg: 0x09 Val: 0x00000007
[inst #243] slt $12,$19,$20
Register Write to Reg: 0x0C Val: 0x00000001
[inst #244] bne $12,$0,3
[inst #245] bne $9,$18,-10
[inst #246] lw $19,0($11)
Register Write to Reg: 0x13 Val: 0x00000044
[inst #247] addi $11,$11,4
Register Write to Reg: 0x0B Val: 0x10010020
[inst #248] lw $20,0($11)
Register Write to Reg: 0x14 Val: 0x00000035
[inst #249] addi $9,$9,1
Register Write to Reg: 0x09 Val: 0x00000008
[inst #250] slt $12,$19,$20
Register Write to Reg: 0x0C Val: 0x00000000
[inst #251] bne $12,$0,3
[inst #252] sw $19,0($11)
Memory Write to Addr: 0x10010020 Val: 0x00000044
[inst #253] sw $20,-4($11)
Memory Write to Addr: 0x1001001C Val: 0x00000035
[inst #254] lw $20,0($11)
Register Write to Reg: 0x14 Val: 0x00000044
[inst #255] bne $9,$18,-10
[inst #256] addi $8,$8,1
Register Write to Reg: 0x08 Val: 0x00000003
[inst #257] bne $8,$17,-15
[inst #258] addiu $9,$0,0
Register Write to Reg: 0x09 Val: 0x00000000
[inst #259] addi $18,$18,-1
Register Write to Reg: 0x12 Val: 0x00000007
[inst #260] add $11,$0,$16
Register Write to Reg: 0x0B Val: 0x10010000
[inst #261] lw $19,0($11)
Register Write to Reg: 0x13 Val: 0x0000000E
[inst #262] addi $11,$11,4
Register Write to Reg: 0x0B Val: 0x10010004
[inst #263] lw $20,0($11)
Register Write to Reg: 0x14 Val: 0x0000001D
[inst #264] addi $9,$9,1
Register Write to Reg: 0x09 Val: 0x00000001
[inst #265] slt $12,$19,$20
Register Write to Reg: 0x0C Val: 0x00000001
[inst #266] bne $12,$0,3
[inst #267] bne $9,$18,-10
[inst #268] lw $19,0($11)
Register Write to Reg: 0x13 Val: 0x0000001D
[inst #269] addi $11,$11,4
Register Write to Reg: 0x0B Val: 0x10010008
[inst #270] lw $20,0($11)
Register Write to Reg: 0x14 Val: 0x00000012
[inst #271] addi $9,$9,1
Register Write to Reg: 0x09 Val: 0x00000002
[inst #272] slt $12,$19,$20
Register Write to Reg: 0x0C Val: 0x00000000
[inst #273] bne $12,$0,3
[inst #274] sw $19,0($11)
Memory Write to Addr: 0x10010008 Val: 0x0000001D
[inst #275] sw $20,-4($11)
Memory Write to Addr: 0x10010004 Val: 0x00000012
[inst #276] lw $20,0($11)
Register Write to Reg: 0x14 Val: 0x0000001D
[inst #277] bne $9,$18,-10
[inst #278] lw $19,0($11)
Register Write to Reg: 0x13 Val: 0x0000001D
[inst #279] addi $11,$11,4
Register Write to Reg: 0x0B Val: 0x1001000C
[inst #280] lw $20,0($11)
Register Write to Reg: 0x14 Val: 0x00000024
[inst #281] addi $9,$9,1
Register Write to Reg: 0x09 Val: 0x00000003
[inst #282] slt $12,$19,$20
Register Write to Reg: 0x0C Val: 0x00000001
[inst #283] bne $12,$0,3
[inst #284] bne $9,$18,-10
[inst #285] lw $19,0($11)
Register Write to Reg: 0x13 Val: 0x00000024
[inst #286] addi $11,$11,4
Register Write to Reg: 0x0B Val: 0x10010010
[inst #287] lw $20,0($11)
Register Write to Reg: 0x14 Val: 0x0000002A
[inst #288] addi $9,$9,1
Register Write to Reg: 0x09 Val: 0x00000004
[inst #289] slt $12,$19,$20
Register Write to Reg: 0x0C Val: 0x00000001
[inst #290] bne $12,$0,3
[inst #291] bne $9,$18,-10
[inst #292] lw $19,0($11)
Register Write to Reg: 0x13 Val: 0x0000002A
[inst #293] addi $11,$11,4
Register Write to Reg: 0x0B Val: 0x10010014
[inst #294] lw $20,0($11)
Register Write to Reg: 0x14 Val: 0x00000005
[inst #295] addi $9,$9,1
Register Write to Reg: 0x09 Val: 0x00000005
[inst #296] slt $12,$19,$20
Register Write to Reg: 0x0C Val: 0x00000000
[inst #297] bne $12,$0,3
[inst #298] sw $19,0($11)
Memory Write to Addr: 0x10010014 Val: 0x0000002A
[inst #299] sw $20,-4($11)
Memory Write to Addr: 0x10010010 Val: 0x00000005
[inst #300] lw $20,0($11)
Register Write to Reg: 0x14 Val: 0x0000002A
[inst #301] bne $9,$18,-10
[inst #302] lw $19,0($11)
Register Write to Reg: 0x13 Val: 0x0000002A
[inst #303] addi $11,$11,4
Register Write to Reg: 0x0B Val: 0x10010018
[inst #304] lw $20,0($11)
Register Write to Reg: 0x14 Val: 0x00000039
[inst #305] addi $9,$9,1
Register Write to Reg: 0x09 Val: 0x00000006
[inst #306] slt $12,$19,$20
Register Write to Reg: 0x0C Val: 0x00000001
[inst #307] bne $12,$0,3
[inst #308] bne $9,$18,-10
[inst #309] lw $19,0($11)
Register Write to Reg: 0x13 Val: 0x00000039
[inst #310] addi $11,$11,4
Register Write to Reg: 0x0B Val: 0x1001001C
[inst #311] lw $20,0($11)
Register Write to Reg: 0x14 Val: 0x00000035
[inst #312] addi $9,$9,1
Register Write to Reg: 0x09 Val: 0x00000007
[inst #313] slt $12,$19,$20
Register Write to Reg: 0x0C Val: 0x00000000
[inst #314] bne $12,$0,3
[inst #315] sw $19,0($11)
Memory Write to Addr: 0x1001001C Val: 0x00000039
[inst #316] sw $20,-4($11)
Memory Write to Addr: 0x10010018 Val: 0x00000035
[inst #317] lw $20,0($11)
Register Write to Reg: 0x14 Val: 0x00000039
[inst #318] bne $9,$18,-10
[inst #319] addi $8,$8,1
Register Write to Reg: 0x08 Val: 0x00000004
[inst #320] bne $8,$17,-15
[inst #321] addiu $9,$0,0
Register Write to Reg: 0x09 Val: 0x00000000
[inst #322] addi $18,$18,-1
Register Write to Reg: 0x12 Val: 0x00000006
[inst #323] add $11,$0,$16
Register Write to Reg: 0x0B Val: 0x10010000
[inst #324] lw $19,0($11)
Register Write to Reg: 0x13 Val: 0x0000000E
[inst #325] addi $11,$11,4
Register Write to Reg: 0x0B Val: 0x10010004
[inst #326] lw $20,0($11)
Register Write to Reg: 0x14 Val: 0x00000012
[inst #327] addi $9,$9,1
Register Write to Reg: 0x09 Val: 0x00000001
[inst #328] slt $12,$19,$20
Register Write to Reg: 0x0C Val: 0x00000001
[inst #329] bne $12,$0,3
[inst #330] bne $9,$18,-10
[inst #331] lw $19,0($11)
Register Write to Reg: 0x13 Val: 0x00000012
[inst #332] addi $11,$11,4
Register Write to Reg: 0x0B Val: 0x10010008
[inst #333] lw $20,0($11)
Register Write to Reg: 0x14 Val: 0x0000001D
[inst #334] addi $9,$9,1
Register Write to Reg: 0x09 Val: 0x00000002
[inst #335] slt $12,$19,$20
Register Write to Reg: 0x0C Val: 0x00000001
[inst #336] bne $12,$0,3
[inst #337] bne $9,$18,-10
[inst #338] lw $19,0($11)
Register Write to Reg: 0x13 Val: 0x0000001D
[inst #339] addi $11,$11,4
Register Write to Reg: 0x0B Val: 0x1001000C
[inst #340] lw $20,0($11)
Register Write to Reg: 0x14 Val: 0x00000024
[inst #341] addi $9,$9,1
Register Write to Reg: 0x09 Val: 0x00000003
[inst #342] slt $12,$19,$20
Register Write to Reg: 0x0C Val: 0x00000001
[inst #343] bne $12,$0,3
[inst #344] bne $9,$18,-10
[inst #345] lw $19,0($11)
Register Write to Reg: 0x13 Val: 0x00000024
[inst #346] addi $11,$11,4
Register Write to Reg: 0x0B Val: 0x10010010
[inst #347] lw $20,0($11)
Register Write to Reg: 0x14 Val: 0x00000005
[inst #348] addi $9,$9,1
Register Write to Reg: 0x09 Val: 0x00000004
[inst #349] slt $12,$19,$20
Register Write to Reg: 0x0C Val: 0x00000000
[inst #350] bne $12,$0,3
[inst #351] sw $19,0($11)
Memory Write to Addr: 0x10010010 Val: 0x00000024
[inst #352] sw $20,-4($11)
Memory Write to Addr: 0x1001000C Val: 0x00000005
[inst #353] lw $20,0($11)
Register Write to Reg: 0x14 Val: 0x00000024
[inst #354] bne $9,$18,-10
[inst #355] lw $19,0($11)
Register Write to Reg: 0x13 Val: 0x00000024
[inst #356] addi $11,$11,4
Register Write to Reg: 0x0B Val: 0x10010014
[inst #357] lw $20,0($11)
Register Write to Reg: 0x14 Val: 0x0000002A
[inst #358] addi $9,$9,1
Register Write to Reg: 0x09 Val: 0x00000005
[inst #359] slt $12,$19,$20
Register Write to Reg: 0x0C Val: 0x00000001
[inst #360] bne $12,$0,3
[inst #361] bne $9,$18,-10
[inst #362] lw $19,0($11)
Register Write to Reg: 0x13 Val: 0x0000002A
[inst #363] addi $11,$11,4
Register Write to Reg: 0x0B Val: 0x10010018
[inst #364] lw $20,0($11)
Register Write to Reg: 0x14 Val: 0x00000035
[inst #365] addi $9,$9,1
Register Write to Reg: 0x09 Val: 0x00000006
[inst #366] slt $12,$19,$20
Register Write to Reg: 0x0C Val: 0x00000001
[inst #367] bne $12,$0,3
[inst #368] bne $9,$18,-10
[inst #369] addi $8,$8,1
Register Write to Reg: 0x08 Val: 0x00000005
[inst #370] bne $8,$17,-15
[inst #371] addiu $9,$0,0
Register Write to Reg: 0x09 Val: 0x00000000
[inst #372] addi $18,$18,-1
Register Write to Reg: 0x12 Val: 0x00000005
[inst #373] add $11,$0,$16
Register Write to Reg: 0x0B Val: 0x10010000
[inst #374] lw $19,0($11)
Register Write to Reg: 0x13 Val: 0x0000000E
[inst #375] addi $11,$11,4
Register Write to Reg: 0x0B Val: 0x10010004
[inst #376] lw $20,0($11)
Register Write to Reg: 0x14 Val: 0x00000012
[inst #377] addi $9,$9,1
Register Write to Reg: 0x09 Val: 0x00000001
[inst #378] slt $12,$19,$20
Register Write to Reg: 0x0C Val: 0x00000001
[inst #379] bne $12,$0,3
[inst #380] bne $9,$18,-10
[inst #381] lw $19,0($11)
Register Write to Reg: 0x13 Val: 0x00000012
[inst #382] addi $11,$11,4
Register Write to Reg: 0x0B Val: 0x10010008
[inst #383] lw $20,0($11)
Register Write to Reg: 0x14 Val: 0x0000001D
[inst #384] addi $9,$9,1
Register Write to Reg: 0x09 Val: 0x00000002
[inst #385] slt $12,$19,$20
Register Write to Reg: 0x0C Val: 0x00000001
[inst #386] bne $12,$0,3
[inst #387] bne $9,$18,-10
[inst #388] lw $19,0($11)
Register Write to Reg: 0x13 Val: 0x0000001D
[inst #389] addi $11,$11,4
Register Write to Reg: 0x0B Val: 0x1001000C
[inst #390] lw $20,0($11)
Register Write to Reg: 0x14 Val: 0x00000005
[inst #391] addi $9,$9,1
Register Write to Reg: 0x09 Val: 0x00000003
[inst #392] slt $12,$19,$20
Register Write to Reg: 0x0C Val: 0x00000000
[inst #393] bne $12,$0,3
[inst #394] sw $19,0($11)
Memory Write to Addr: 0x1001000C Val: 0x0000001D
[inst #395] sw $20,-4($11)
Memory Write to Addr: 0x10010008 Val: 0x00000005
[inst #396] lw $20,0($11)
Register Write to Reg: 0x14 Val: 0x0000001D
[inst #397] bne $9,$18,-10
[inst #398] lw $19,0($11)
Register Write to Reg: 0x13 Val: 0x0000001D
[inst #399] addi $11,$11,4
Register Write to Reg: 0x0B Val: 0x10010010
[inst #400] lw $20,0($11)
Register Write to Reg: 0x14 Val: 0x00000024
[inst #401] addi $9,$9,1
Register Write to Reg: 0x09 Val: 0x00000004
[inst #402] slt $12,$19,$20
Register Write to Reg: 0x0C Val: 0x00000001
[inst #403] bne $12,$0,3
[inst #404] bne $9,$18,-10
[inst #405] lw $19,0($11)
Register Write to Reg: 0x13 Val: 0x00000024
[inst #406] addi $11,$11,4
Register Write to Reg: 0x0B Val: 0x10010014
[inst #407] lw $20,0($11)
Register Write to Reg: 0x14 Val: 0x0000002A
[inst #408] addi $9,$9,1
Register Write to Reg: 0x09 Val: 0x00000005
[inst #409] slt $12,$19,$20
Register Write to Reg: 0x0C Val: 0x00000001
[inst #410] bne $12,$0,3
[inst #411] bne $9,$18,-10
[inst #412] addi $8,$8,1
Register Write to Reg: 0x08 Val: 0x00000006
[inst #413] bne $8,$17,-15
[inst #414] addiu $9,$0,0
Register Write to Reg: 0x09 Val: 0x00000000
[inst #415] addi $18,$18,-1
Register Write to Reg: 0x12 Val: 0x00000004
[inst #416] add $11,$0,$16
Register Write to Reg: 0x0B Val: 0x10010000
[inst #417] lw $19,0($11)
Register Write to Reg: 0x13 Val: 0x0000000E
[inst #418] addi $11,$11,4
Register Write to Reg: 0x0B Val: 0x10010004
[inst #419] lw $20,0($11)
Register Write to Reg: 0x14 Val: 0x00000012
[inst #420] addi $9,$9,1
Register Write to Reg: 0x09 Val: 0x00000001
[inst #421] slt $12,$19,$20
Register Write to Reg: 0x0C Val: 0x00000001
[inst #422] bne $12,$0,3
[inst #423] bne $9,$18,-10
[inst #424] lw $19,0($11)
Register Write to Reg: 0x13 Val: 0x00000012
[inst #425] addi $11,$11,4
Register Write to Reg: 0x0B Val: 0x10010008
[inst #426] lw $20,0($11)
Register Write to Reg: 0x14 Val: 0x00000005
[inst #427] addi $9,$9,1
Register Write to Reg: 0x09 Val: 0x00000002
[inst #428] slt $12,$19,$20
Register Write to Reg: 0x0C Val: 0x00000000
[inst #429] bne $12,$0,3
[inst #430] sw $19,0($11)
Memory Write to Addr: 0x10010008 Val: 0x00000012
[inst #431] sw $20,-4($11)
Memory Write to Addr: 0x10010004 Val: 0x00000005
[inst #432] lw $20,0($11)
Register Write to Reg: 0x14 Val: 0x00000012
[inst #433] bne $9,$18,-10
[inst #434] lw $19,0($11)
Register Write to Reg: 0x13 Val: 0x00000012
[inst #435] addi $11,$11,4
Register Write to Reg: 0x0B Val: 0x1001000C
[inst #436] lw $20,0($11)
Register Write to Reg: 0x14 Val: 0x0000001D
[inst #437] addi $9,$9,1
Register Write to Reg: 0x09 Val: 0x00000003
[inst #438] slt $12,$19,$20
Register Write to Reg: 0x0C Val: 0x00000001
[inst #439] bne $12,$0,3
[inst #440] bne $9,$18,-10
[inst #441] lw $19,0($11)
Register Write to Reg: 0x13 Val: 0x0000001D
[inst #442] addi $11,$11,4
Register Write to Reg: 0x0B Val: 0x10010010
[inst #443] lw $20,0($11)
Register Write to Reg: 0x14 Val: 0x00000024
[inst #444] addi $9,$9,1
Register Write to Reg: 0x09 Val: 0x00000004
[inst #445] slt $12,$19,$20
Register Write to Reg: 0x0C Val: 0x00000001
[inst #446] bne $12,$0,3
[inst #447] bne $9,$18,-10
[inst #448] addi $8,$8,1
Register Write to Reg: 0x08 Val: 0x00000007
[inst #449] bne $8,$17,-15
[inst #450] addiu $9,$0,0
Register Write to Reg: 0x09 Val: 0x00000000
[inst #451] addi $18,$18,-1
Register Write to Reg: 0x12 Val: 0x00000003
[inst #452] add $11,$0,$16
Register Write to Reg: 0x0B Val: 0x10010000
[inst #453] lw $19,0($11)
Register Write to Reg: 0x13 Val: 0x0000000E
[inst #454] addi $11,$11,4
Register Write to Reg: 0x0B Val: 0x10010004
[inst #455] lw $20,0($11)
Register Write to Reg: 0x14 Val: 0x00000005
[inst #456] addi $9,$9,1
Register Write to Reg: 0x09 Val: 0x00000001
[inst #457] slt $12,$19,$20
Register Write to Reg: 0x0C Val: 0x00000000
[inst #458] bne $12,$0,3
[inst #459] sw $19,0($11)
Memory Write to Addr: 0x10010004 Val: 0x0000000E
[inst #460] sw $20,-4($11)
Memory Write to Addr: 0x10010000 Val: 0x00000005
[inst #461] lw $20,0($11)
Register Write to Reg: 0x14 Val: 0x0000000E
[inst #462] bne $9,$18,-10
[inst #463] lw $19,0($11)
Register Write to Reg: 0x13 Val: 0x0000000E
[inst #464] addi $11,$11,4
Register Write to Reg: 0x0B Val: 0x10010008
[inst #465] lw $20,0($11)
Register Write to Reg: 0x14 Val: 0x00000012
[inst #466] addi $9,$9,1
Register Write to Reg: 0x09 Val: 0x00000002
[inst #467] slt $12,$19,$20
Register Write to Reg: 0x0C Val: 0x00000001
[inst #468] bne $12,$0,3
[inst #469] bne $9,$18,-10
[inst #470] lw $19,0($11)
Register Write to Reg: 0x13 Val: 0x00000012
[inst #471] addi $11,$11,4
Register Write to Reg: 0x0B Val: 0x1001000C
[inst #472] lw $20,0($11)
Register Write to Reg: 0x14 Val: 0x0000001D
[inst #473] addi $9,$9,1
Register Write to Reg: 0x09 Val: 0x00000003
[inst #474] slt $12,$19,$20
Register Write to Reg: 0x0C Val: 0x00000001
[inst #475] bne $12,$0,3
[inst #476] bne $9,$18,-10
[inst #477] addi $8,$8,1
Register Write to Reg: 0x08 Val: 0x00000008
[inst #478] bne $8,$17,-15
[inst #479] addiu $9,$0,0
Register Write to Reg: 0x09 Val: 0x00000000
[inst #480] addi $18,$18,-1
Register Write to Reg: 0x12 Val: 0x00000002
[inst #481] add $11,$0,$16
Register Write to Reg: 0x0B Val: 0x10010000
[inst #482] lw $19,0($11)
Register Write to Reg: 0x13 Val: 0x00000005
[inst #483] addi $11,$11,4
Register Write to Reg: 0x0B Val: 0x10010004
[inst #484] lw $20,0($11)
Register Write to Reg: 0x14 Val: 0x0000000E
[inst #485] addi $9,$9,1
Register Write to Reg: 0x09 Val: 0x00000001
[inst #486] slt $12,$19,$20
Register Write to Reg: 0x0C Val: 0x00000001
[inst #487] bne $12,$0,3
[inst #488] bne $9,$18,-10
[inst #489] lw $19,0($11)
Register Write to Reg: 0x13 Val: 0x0000000E
[inst #490] addi $11,$11,4
Register Write to Reg: 0x0B Val: 0x10010008
[inst #491] lw $20,0($11)
Register Write to Reg: 0x14 Val: 0x00000012
[inst #492] addi $9,$9,1
Register Write to Reg: 0x09 Val: 0x00000002
[inst #493] slt $12,$19,$20
Register Write to Reg: 0x0C Val: 0x00000001
[inst #494] bne $12,$0,3
[inst #495] bne $9,$18,-10
[inst #496] addi $8,$8,1
Register Write to Reg: 0x08 Val: 0x00000009
[inst #497] bne $8,$17,-15
[inst #498] addiu $9,$0,0
Register Write to Reg: 0x09 Val: 0x00000000
[inst #499] addi $18,$18,-1
Register Write to Reg: 0x12 Val: 0x00000001
[inst #500] add $11,$0,$16
Register Write to Reg: 0x0B Val: 0x10010000
[inst #501] lw $19,0($11)
Register Write to Reg: 0x13 Val: 0x00000005
[inst #502] addi $11,$11,4
Register Write to Reg: 0x0B Val: 0x10010004
[inst #503] lw $20,0($11)
Register Write to Reg: 0x14 Val: 0x0000000E
[inst #504] addi $9,$9,1
Register Write to Reg: 0x09 Val: 0x00000001
[inst #505] slt $12,$19,$20
Register Write to Reg: 0x0C Val: 0x00000001
[inst #506] bne $12,$0,3
[inst #507] bne $9,$18,-10
[inst #508] addi $8,$8,1
Register Write to Reg: 0x08 Val: 0x0000000A
[inst #509] bne $8,$17,-15
[inst #510] addiu $8,$0,0
Register Write to Reg: 0x08 Val: 0x00000000
[inst #511] addi $17,$17,1
Register Write to Reg: 0x11 Val: 0x0000000B
[inst #512] addiu $2,$0,10
Register Write to Reg: 0x02 Val: 0x0000000A
[inst #513] syscall 

