In clock cycle: 0
Register Write to Reg: 0x10 Val: 0x10010000
In clock cycle: 1
Register Write to Reg: 0x08 Val: 0x00000000
In clock cycle: 2
Register Write to Reg: 0x09 Val: 0x00000000
In clock cycle: 3
Register Write to Reg: 0x11 Val: 0x0000000B
In clock cycle: 4
Register Write to Reg: 0x12 Val: 0x0000000B
In clock cycle: 5
Register Write to Reg: 0x0A Val: 0x10010000
In clock cycle: 6
Register Write to Reg: 0x0B Val: 0x10010000
In clock cycle: 7
Register Write to Reg: 0x11 Val: 0x0000000A
In clock cycle: 8
Register Write to Reg: 0x09 Val: 0x00000000
In clock cycle: 9
Register Write to Reg: 0x12 Val: 0x0000000A
In clock cycle: 10
Register Write to Reg: 0x0B Val: 0x10010000
In clock cycle: 11
Register Write to Reg: 0x13 Val: 0x0000001D
In clock cycle: 12
Register Write to Reg: 0x0B Val: 0x10010004
In clock cycle: 13
Register Write to Reg: 0x14 Val: 0x0000000E
In clock cycle: 14
Register Write to Reg: 0x09 Val: 0x00000001
In clock cycle: 15
Register Write to Reg: 0x0C Val: 0x00000000
In clock cycle: 17
Memory Write to Addr: 0x10010004 Val: 0x0000001D
In clock cycle: 18
Memory Write to Addr: 0x10010000 Val: 0x0000000E
In clock cycle: 19
Register Write to Reg: 0x14 Val: 0x0000001D
In clock cycle: 21
Register Write to Reg: 0x13 Val: 0x0000001D
In clock cycle: 22
Register Write to Reg: 0x0B Val: 0x10010008
In clock cycle: 23
Register Write to Reg: 0x14 Val: 0x00000039
In clock cycle: 24
Register Write to Reg: 0x09 Val: 0x00000002
In clock cycle: 25
Register Write to Reg: 0x0C Val: 0x00000001
In clock cycle: 28
Register Write to Reg: 0x13 Val: 0x00000039
In clock cycle: 29
Register Write to Reg: 0x0B Val: 0x1001000C
In clock cycle: 30
Register Write to Reg: 0x14 Val: 0x00000024
In clock cycle: 31
Register Write to Reg: 0x09 Val: 0x00000003
In clock cycle: 32
Register Write to Reg: 0x0C Val: 0x00000000
In clock cycle: 34
Memory Write to Addr: 0x1001000C Val: 0x00000039
In clock cycle: 35
Memory Write to Addr: 0x10010008 Val: 0x00000024
In clock cycle: 36
Register Write to Reg: 0x14 Val: 0x00000039
In clock cycle: 38
Register Write to Reg: 0x13 Val: 0x00000039
In clock cycle: 39
Register Write to Reg: 0x0B Val: 0x10010010
In clock cycle: 40
Register Write to Reg: 0x14 Val: 0x0000005B
In clock cycle: 41
Register Write to Reg: 0x09 Val: 0x00000004
In clock cycle: 42
Register Write to Reg: 0x0C Val: 0x00000001
In clock cycle: 45
Register Write to Reg: 0x13 Val: 0x0000005B
In clock cycle: 46
Register Write to Reg: 0x0B Val: 0x10010014
In clock cycle: 47
Register Write to Reg: 0x14 Val: 0x00000012
In clock cycle: 48
Register Write to Reg: 0x09 Val: 0x00000005
In clock cycle: 49
Register Write to Reg: 0x0C Val: 0x00000000
In clock cycle: 51
Memory Write to Addr: 0x10010014 Val: 0x0000005B
In clock cycle: 52
Memory Write to Addr: 0x10010010 Val: 0x00000012
In clock cycle: 53
Register Write to Reg: 0x14 Val: 0x0000005B
In clock cycle: 55
Register Write to Reg: 0x13 Val: 0x0000005B
In clock cycle: 56
Register Write to Reg: 0x0B Val: 0x10010018
In clock cycle: 57
Register Write to Reg: 0x14 Val: 0x0000002A
In clock cycle: 58
Register Write to Reg: 0x09 Val: 0x00000006
In clock cycle: 59
Register Write to Reg: 0x0C Val: 0x00000000
In clock cycle: 61
Memory Write to Addr: 0x10010018 Val: 0x0000005B
In clock cycle: 62
Memory Write to Addr: 0x10010014 Val: 0x0000002A
In clock cycle: 63
Register Write to Reg: 0x14 Val: 0x0000005B
In clock cycle: 65
Register Write to Reg: 0x13 Val: 0x0000005B
In clock cycle: 66
Register Write to Reg: 0x0B Val: 0x1001001C
In clock cycle: 67
Register Write to Reg: 0x14 Val: 0x00000044
In clock cycle: 68
Register Write to Reg: 0x09 Val: 0x00000007
In clock cycle: 69
Register Write to Reg: 0x0C Val: 0x00000000
In clock cycle: 71
Memory Write to Addr: 0x1001001C Val: 0x0000005B
In clock cycle: 72
Memory Write to Addr: 0x10010018 Val: 0x00000044
In clock cycle: 73
Register Write to Reg: 0x14 Val: 0x0000005B
In clock cycle: 75
Register Write to Reg: 0x13 Val: 0x0000005B
In clock cycle: 76
Register Write to Reg: 0x0B Val: 0x10010020
In clock cycle: 77
Register Write to Reg: 0x14 Val: 0x00000005
In clock cycle: 78
Register Write to Reg: 0x09 Val: 0x00000008
In clock cycle: 79
Register Write to Reg: 0x0C Val: 0x00000000
In clock cycle: 81
Memory Write to Addr: 0x10010020 Val: 0x0000005B
In clock cycle: 82
Memory Write to Addr: 0x1001001C Val: 0x00000005
In clock cycle: 83
Register Write to Reg: 0x14 Val: 0x0000005B
In clock cycle: 85
Register Write to Reg: 0x13 Val: 0x0000005B
In clock cycle: 86
Register Write to Reg: 0x0B Val: 0x10010024
In clock cycle: 87
Register Write to Reg: 0x14 Val: 0x0000004D
In clock cycle: 88
Register Write to Reg: 0x09 Val: 0x00000009
In clock cycle: 89
Register Write to Reg: 0x0C Val: 0x00000000
In clock cycle: 91
Memory Write to Addr: 0x10010024 Val: 0x0000005B
In clock cycle: 92
Memory Write to Addr: 0x10010020 Val: 0x0000004D
In clock cycle: 93
Register Write to Reg: 0x14 Val: 0x0000005B
In clock cycle: 95
Register Write to Reg: 0x13 Val: 0x0000005B
In clock cycle: 96
Register Write to Reg: 0x0B Val: 0x10010028
In clock cycle: 97
Register Write to Reg: 0x14 Val: 0x00000035
In clock cycle: 98
Register Write to Reg: 0x09 Val: 0x0000000A
In clock cycle: 99
Register Write to Reg: 0x0C Val: 0x00000000
In clock cycle: 101
Memory Write to Addr: 0x10010028 Val: 0x0000005B
In clock cycle: 102
Memory Write to Addr: 0x10010024 Val: 0x00000035
In clock cycle: 103
Register Write to Reg: 0x14 Val: 0x0000005B
In clock cycle: 105
Register Write to Reg: 0x08 Val: 0x00000001
In clock cycle: 107
Register Write to Reg: 0x09 Val: 0x00000000
In clock cycle: 108
Register Write to Reg: 0x12 Val: 0x00000009
In clock cycle: 109
Register Write to Reg: 0x0B Val: 0x10010000
In clock cycle: 110
Register Write to Reg: 0x13 Val: 0x0000000E
In clock cycle: 111
Register Write to Reg: 0x0B Val: 0x10010004
In clock cycle: 112
Register Write to Reg: 0x14 Val: 0x0000001D
In clock cycle: 113
Register Write to Reg: 0x09 Val: 0x00000001
In clock cycle: 114
Register Write to Reg: 0x0C Val: 0x00000001
In clock cycle: 117
Register Write to Reg: 0x13 Val: 0x0000001D
In clock cycle: 118
Register Write to Reg: 0x0B Val: 0x10010008
In clock cycle: 119
Register Write to Reg: 0x14 Val: 0x00000024
In clock cycle: 120
Register Write to Reg: 0x09 Val: 0x00000002
In clock cycle: 121
Register Write to Reg: 0x0C Val: 0x00000001
In clock cycle: 124
Register Write to Reg: 0x13 Val: 0x00000024
In clock cycle: 125
Register Write to Reg: 0x0B Val: 0x1001000C
In clock cycle: 126
Register Write to Reg: 0x14 Val: 0x00000039
In clock cycle: 127
Register Write to Reg: 0x09 Val: 0x00000003
In clock cycle: 128
Register Write to Reg: 0x0C Val: 0x00000001
In clock cycle: 131
Register Write to Reg: 0x13 Val: 0x00000039
In clock cycle: 132
Register Write to Reg: 0x0B Val: 0x10010010
In clock cycle: 133
Register Write to Reg: 0x14 Val: 0x00000012
In clock cycle: 134
Register Write to Reg: 0x09 Val: 0x00000004
In clock cycle: 135
Register Write to Reg: 0x0C Val: 0x00000000
In clock cycle: 137
Memory Write to Addr: 0x10010010 Val: 0x00000039
In clock cycle: 138
Memory Write to Addr: 0x1001000C Val: 0x00000012
In clock cycle: 139
Register Write to Reg: 0x14 Val: 0x00000039
In clock cycle: 141
Register Write to Reg: 0x13 Val: 0x00000039
In clock cycle: 142
Register Write to Reg: 0x0B Val: 0x10010014
In clock cycle: 143
Register Write to Reg: 0x14 Val: 0x0000002A
In clock cycle: 144
Register Write to Reg: 0x09 Val: 0x00000005
In clock cycle: 145
Register Write to Reg: 0x0C Val: 0x00000000
In clock cycle: 147
Memory Write to Addr: 0x10010014 Val: 0x00000039
In clock cycle: 148
Memory Write to Addr: 0x10010010 Val: 0x0000002A
In clock cycle: 149
Register Write to Reg: 0x14 Val: 0x00000039
In clock cycle: 151
Register Write to Reg: 0x13 Val: 0x00000039
In clock cycle: 152
Register Write to Reg: 0x0B Val: 0x10010018
In clock cycle: 153
Register Write to Reg: 0x14 Val: 0x00000044
In clock cycle: 154
Register Write to Reg: 0x09 Val: 0x00000006
In clock cycle: 155
Register Write to Reg: 0x0C Val: 0x00000001
In clock cycle: 158
Register Write to Reg: 0x13 Val: 0x00000044
In clock cycle: 159
Register Write to Reg: 0x0B Val: 0x1001001C
In clock cycle: 160
Register Write to Reg: 0x14 Val: 0x00000005
In clock cycle: 161
Register Write to Reg: 0x09 Val: 0x00000007
In clock cycle: 162
Register Write to Reg: 0x0C Val: 0x00000000
In clock cycle: 164
Memory Write to Addr: 0x1001001C Val: 0x00000044
In clock cycle: 165
Memory Write to Addr: 0x10010018 Val: 0x00000005
In clock cycle: 166
Register Write to Reg: 0x14 Val: 0x00000044
In clock cycle: 168
Register Write to Reg: 0x13 Val: 0x00000044
In clock cycle: 169
Register Write to Reg: 0x0B Val: 0x10010020
In clock cycle: 170
Register Write to Reg: 0x14 Val: 0x0000004D
In clock cycle: 171
Register Write to Reg: 0x09 Val: 0x00000008
In clock cycle: 172
Register Write to Reg: 0x0C Val: 0x00000001
In clock cycle: 175
Register Write to Reg: 0x13 Val: 0x0000004D
In clock cycle: 176
Register Write to Reg: 0x0B Val: 0x10010024
In clock cycle: 177
Register Write to Reg: 0x14 Val: 0x00000035
In clock cycle: 178
Register Write to Reg: 0x09 Val: 0x00000009
In clock cycle: 179
Register Write to Reg: 0x0C Val: 0x00000000
In clock cycle: 181
Memory Write to Addr: 0x10010024 Val: 0x0000004D
In clock cycle: 182
Memory Write to Addr: 0x10010020 Val: 0x00000035
In clock cycle: 183
Register Write to Reg: 0x14 Val: 0x0000004D
In clock cycle: 185
Register Write to Reg: 0x08 Val: 0x00000002
In clock cycle: 187
Register Write to Reg: 0x09 Val: 0x00000000
In clock cycle: 188
Register Write to Reg: 0x12 Val: 0x00000008
In clock cycle: 189
Register Write to Reg: 0x0B Val: 0x10010000
In clock cycle: 190
Register Write to Reg: 0x13 Val: 0x0000000E
In clock cycle: 191
Register Write to Reg: 0x0B Val: 0x10010004
In clock cycle: 192
Register Write to Reg: 0x14 Val: 0x0000001D
In clock cycle: 193
Register Write to Reg: 0x09 Val: 0x00000001
In clock cycle: 194
Register Write to Reg: 0x0C Val: 0x00000001
In clock cycle: 197
Register Write to Reg: 0x13 Val: 0x0000001D
In clock cycle: 198
Register Write to Reg: 0x0B Val: 0x10010008
In clock cycle: 199
Register Write to Reg: 0x14 Val: 0x00000024
In clock cycle: 200
Register Write to Reg: 0x09 Val: 0x00000002
In clock cycle: 201
Register Write to Reg: 0x0C Val: 0x00000001
In clock cycle: 204
Register Write to Reg: 0x13 Val: 0x00000024
In clock cycle: 205
Register Write to Reg: 0x0B Val: 0x1001000C
In clock cycle: 206
Register Write to Reg: 0x14 Val: 0x00000012
In clock cycle: 207
Register Write to Reg: 0x09 Val: 0x00000003
In clock cycle: 208
Register Write to Reg: 0x0C Val: 0x00000000
In clock cycle: 210
Memory Write to Addr: 0x1001000C Val: 0x00000024
In clock cycle: 211
Memory Write to Addr: 0x10010008 Val: 0x00000012
In clock cycle: 212
Register Write to Reg: 0x14 Val: 0x00000024
In clock cycle: 214
Register Write to Reg: 0x13 Val: 0x00000024
In clock cycle: 215
Register Write to Reg: 0x0B Val: 0x10010010
In clock cycle: 216
Register Write to Reg: 0x14 Val: 0x0000002A
In clock cycle: 217
Register Write to Reg: 0x09 Val: 0x00000004
In clock cycle: 218
Register Write to Reg: 0x0C Val: 0x00000001
In clock cycle: 221
Register Write to Reg: 0x13 Val: 0x0000002A
In clock cycle: 222
Register Write to Reg: 0x0B Val: 0x10010014
In clock cycle: 223
Register Write to Reg: 0x14 Val: 0x00000039
In clock cycle: 224
Register Write to Reg: 0x09 Val: 0x00000005
In clock cycle: 225
Register Write to Reg: 0x0C Val: 0x00000001
In clock cycle: 228
Register Write to Reg: 0x13 Val: 0x00000039
In clock cycle: 229
Register Write to Reg: 0x0B Val: 0x10010018
In clock cycle: 230
Register Write to Reg: 0x14 Val: 0x00000005
In clock cycle: 231
Register Write to Reg: 0x09 Val: 0x00000006
In clock cycle: 232
Register Write to Reg: 0x0C Val: 0x00000000
In clock cycle: 234
Memory Write to Addr: 0x10010018 Val: 0x00000039
In clock cycle: 235
Memory Write to Addr: 0x10010014 Val: 0x00000005
In clock cycle: 236
Register Write to Reg: 0x14 Val: 0x00000039
In clock cycle: 238
Register Write to Reg: 0x13 Val: 0x00000039
In clock cycle: 239
Register Write to Reg: 0x0B Val: 0x1001001C
In clock cycle: 240
Register Write to Reg: 0x14 Val: 0x00000044
In clock cycle: 241
Register Write to Reg: 0x09 Val: 0x00000007
In clock cycle: 242
Register Write to Reg: 0x0C Val: 0x00000001
In clock cycle: 245
Register Write to Reg: 0x13 Val: 0x00000044
In clock cycle: 246
Register Write to Reg: 0x0B Val: 0x10010020
In clock cycle: 247
Register Write to Reg: 0x14 Val: 0x00000035
In clock cycle: 248
Register Write to Reg: 0x09 Val: 0x00000008
In clock cycle: 249
Register Write to Reg: 0x0C Val: 0x00000000
In clock cycle: 251
Memory Write to Addr: 0x10010020 Val: 0x00000044
In clock cycle: 252
Memory Write to Addr: 0x1001001C Val: 0x00000035
In clock cycle: 253
Register Write to Reg: 0x14 Val: 0x00000044
In clock cycle: 255
Register Write to Reg: 0x08 Val: 0x00000003
In clock cycle: 257
Register Write to Reg: 0x09 Val: 0x00000000
In clock cycle: 258
Register Write to Reg: 0x12 Val: 0x00000007
In clock cycle: 259
Register Write to Reg: 0x0B Val: 0x10010000
In clock cycle: 260
Register Write to Reg: 0x13 Val: 0x0000000E
In clock cycle: 261
Register Write to Reg: 0x0B Val: 0x10010004
In clock cycle: 262
Register Write to Reg: 0x14 Val: 0x0000001D
In clock cycle: 263
Register Write to Reg: 0x09 Val: 0x00000001
In clock cycle: 264
Register Write to Reg: 0x0C Val: 0x00000001
In clock cycle: 267
Register Write to Reg: 0x13 Val: 0x0000001D
In clock cycle: 268
Register Write to Reg: 0x0B Val: 0x10010008
In clock cycle: 269
Register Write to Reg: 0x14 Val: 0x00000012
In clock cycle: 270
Register Write to Reg: 0x09 Val: 0x00000002
In clock cycle: 271
Register Write to Reg: 0x0C Val: 0x00000000
In clock cycle: 273
Memory Write to Addr: 0x10010008 Val: 0x0000001D
In clock cycle: 274
Memory Write to Addr: 0x10010004 Val: 0x00000012
In clock cycle: 275
Register Write to Reg: 0x14 Val: 0x0000001D
In clock cycle: 277
Register Write to Reg: 0x13 Val: 0x0000001D
In clock cycle: 278
Register Write to Reg: 0x0B Val: 0x1001000C
In clock cycle: 279
Register Write to Reg: 0x14 Val: 0x00000024
In clock cycle: 280
Register Write to Reg: 0x09 Val: 0x00000003
In clock cycle: 281
Register Write to Reg: 0x0C Val: 0x00000001
In clock cycle: 284
Register Write to Reg: 0x13 Val: 0x00000024
In clock cycle: 285
Register Write to Reg: 0x0B Val: 0x10010010
In clock cycle: 286
Register Write to Reg: 0x14 Val: 0x0000002A
In clock cycle: 287
Register Write to Reg: 0x09 Val: 0x00000004
In clock cycle: 288
Register Write to Reg: 0x0C Val: 0x00000001
In clock cycle: 291
Register Write to Reg: 0x13 Val: 0x0000002A
In clock cycle: 292
Register Write to Reg: 0x0B Val: 0x10010014
In clock cycle: 293
Register Write to Reg: 0x14 Val: 0x00000005
In clock cycle: 294
Register Write to Reg: 0x09 Val: 0x00000005
In clock cycle: 295
Register Write to Reg: 0x0C Val: 0x00000000
In clock cycle: 297
Memory Write to Addr: 0x10010014 Val: 0x0000002A
In clock cycle: 298
Memory Write to Addr: 0x10010010 Val: 0x00000005
In clock cycle: 299
Register Write to Reg: 0x14 Val: 0x0000002A
In clock cycle: 301
Register Write to Reg: 0x13 Val: 0x0000002A
In clock cycle: 302
Register Write to Reg: 0x0B Val: 0x10010018
In clock cycle: 303
Register Write to Reg: 0x14 Val: 0x00000039
In clock cycle: 304
Register Write to Reg: 0x09 Val: 0x00000006
In clock cycle: 305
Register Write to Reg: 0x0C Val: 0x00000001
In clock cycle: 308
Register Write to Reg: 0x13 Val: 0x00000039
In clock cycle: 309
Register Write to Reg: 0x0B Val: 0x1001001C
In clock cycle: 310
Register Write to Reg: 0x14 Val: 0x00000035
In clock cycle: 311
Register Write to Reg: 0x09 Val: 0x00000007
In clock cycle: 312
Register Write to Reg: 0x0C Val: 0x00000000
In clock cycle: 314
Memory Write to Addr: 0x1001001C Val: 0x00000039
In clock cycle: 315
Memory Write to Addr: 0x10010018 Val: 0x00000035
In clock cycle: 316
Register Write to Reg: 0x14 Val: 0x00000039
In clock cycle: 318
Register Write to Reg: 0x08 Val: 0x00000004
In clock cycle: 320
Register Write to Reg: 0x09 Val: 0x00000000
In clock cycle: 321
Register Write to Reg: 0x12 Val: 0x00000006
In clock cycle: 322
Register Write to Reg: 0x0B Val: 0x10010000
In clock cycle: 323
Register Write to Reg: 0x13 Val: 0x0000000E
In clock cycle: 324
Register Write to Reg: 0x0B Val: 0x10010004
In clock cycle: 325
Register Write to Reg: 0x14 Val: 0x00000012
In clock cycle: 326
Register Write to Reg: 0x09 Val: 0x00000001
In clock cycle: 327
Register Write to Reg: 0x0C Val: 0x00000001
In clock cycle: 330
Register Write to Reg: 0x13 Val: 0x00000012
In clock cycle: 331
Register Write to Reg: 0x0B Val: 0x10010008
In clock cycle: 332
Register Write to Reg: 0x14 Val: 0x0000001D
In clock cycle: 333
Register Write to Reg: 0x09 Val: 0x00000002
In clock cycle: 334
Register Write to Reg: 0x0C Val: 0x00000001
In clock cycle: 337
Register Write to Reg: 0x13 Val: 0x0000001D
In clock cycle: 338
Register Write to Reg: 0x0B Val: 0x1001000C
In clock cycle: 339
Register Write to Reg: 0x14 Val: 0x00000024
In clock cycle: 340
Register Write to Reg: 0x09 Val: 0x00000003
In clock cycle: 341
Register Write to Reg: 0x0C Val: 0x00000001
In clock cycle: 344
Register Write to Reg: 0x13 Val: 0x00000024
In clock cycle: 345
Register Write to Reg: 0x0B Val: 0x10010010
In clock cycle: 346
Register Write to Reg: 0x14 Val: 0x00000005
In clock cycle: 347
Register Write to Reg: 0x09 Val: 0x00000004
In clock cycle: 348
Register Write to Reg: 0x0C Val: 0x00000000
In clock cycle: 350
Memory Write to Addr: 0x10010010 Val: 0x00000024
In clock cycle: 351
Memory Write to Addr: 0x1001000C Val: 0x00000005
In clock cycle: 352
Register Write to Reg: 0x14 Val: 0x00000024
In clock cycle: 354
Register Write to Reg: 0x13 Val: 0x00000024
In clock cycle: 355
Register Write to Reg: 0x0B Val: 0x10010014
In clock cycle: 356
Register Write to Reg: 0x14 Val: 0x0000002A
In clock cycle: 357
Register Write to Reg: 0x09 Val: 0x00000005
In clock cycle: 358
Register Write to Reg: 0x0C Val: 0x00000001
In clock cycle: 361
Register Write to Reg: 0x13 Val: 0x0000002A
In clock cycle: 362
Register Write to Reg: 0x0B Val: 0x10010018
In clock cycle: 363
Register Write to Reg: 0x14 Val: 0x00000035
In clock cycle: 364
Register Write to Reg: 0x09 Val: 0x00000006
In clock cycle: 365
Register Write to Reg: 0x0C Val: 0x00000001
In clock cycle: 368
Register Write to Reg: 0x08 Val: 0x00000005
In clock cycle: 370
Register Write to Reg: 0x09 Val: 0x00000000
In clock cycle: 371
Register Write to Reg: 0x12 Val: 0x00000005
In clock cycle: 372
Register Write to Reg: 0x0B Val: 0x10010000
In clock cycle: 373
Register Write to Reg: 0x13 Val: 0x0000000E
In clock cycle: 374
Register Write to Reg: 0x0B Val: 0x10010004
In clock cycle: 375
Register Write to Reg: 0x14 Val: 0x00000012
In clock cycle: 376
Register Write to Reg: 0x09 Val: 0x00000001
In clock cycle: 377
Register Write to Reg: 0x0C Val: 0x00000001
In clock cycle: 380
Register Write to Reg: 0x13 Val: 0x00000012
In clock cycle: 381
Register Write to Reg: 0x0B Val: 0x10010008
In clock cycle: 382
Register Write to Reg: 0x14 Val: 0x0000001D
In clock cycle: 383
Register Write to Reg: 0x09 Val: 0x00000002
In clock cycle: 384
Register Write to Reg: 0x0C Val: 0x00000001
In clock cycle: 387
Register Write to Reg: 0x13 Val: 0x0000001D
In clock cycle: 388
Register Write to Reg: 0x0B Val: 0x1001000C
In clock cycle: 389
Register Write to Reg: 0x14 Val: 0x00000005
In clock cycle: 390
Register Write to Reg: 0x09 Val: 0x00000003
In clock cycle: 391
Register Write to Reg: 0x0C Val: 0x00000000
In clock cycle: 393
Memory Write to Addr: 0x1001000C Val: 0x0000001D
In clock cycle: 394
Memory Write to Addr: 0x10010008 Val: 0x00000005
In clock cycle: 395
Register Write to Reg: 0x14 Val: 0x0000001D
In clock cycle: 397
Register Write to Reg: 0x13 Val: 0x0000001D
In clock cycle: 398
Register Write to Reg: 0x0B Val: 0x10010010
In clock cycle: 399
Register Write to Reg: 0x14 Val: 0x00000024
In clock cycle: 400
Register Write to Reg: 0x09 Val: 0x00000004
In clock cycle: 401
Register Write to Reg: 0x0C Val: 0x00000001
In clock cycle: 404
Register Write to Reg: 0x13 Val: 0x00000024
In clock cycle: 405
Register Write to Reg: 0x0B Val: 0x10010014
In clock cycle: 406
Register Write to Reg: 0x14 Val: 0x0000002A
In clock cycle: 407
Register Write to Reg: 0x09 Val: 0x00000005
In clock cycle: 408
Register Write to Reg: 0x0C Val: 0x00000001
In clock cycle: 411
Register Write to Reg: 0x08 Val: 0x00000006
In clock cycle: 413
Register Write to Reg: 0x09 Val: 0x00000000
In clock cycle: 414
Register Write to Reg: 0x12 Val: 0x00000004
In clock cycle: 415
Register Write to Reg: 0x0B Val: 0x10010000
In clock cycle: 416
Register Write to Reg: 0x13 Val: 0x0000000E
In clock cycle: 417
Register Write to Reg: 0x0B Val: 0x10010004
In clock cycle: 418
Register Write to Reg: 0x14 Val: 0x00000012
In clock cycle: 419
Register Write to Reg: 0x09 Val: 0x00000001
In clock cycle: 420
Register Write to Reg: 0x0C Val: 0x00000001
In clock cycle: 423
Register Write to Reg: 0x13 Val: 0x00000012
In clock cycle: 424
Register Write to Reg: 0x0B Val: 0x10010008
In clock cycle: 425
Register Write to Reg: 0x14 Val: 0x00000005
In clock cycle: 426
Register Write to Reg: 0x09 Val: 0x00000002
In clock cycle: 427
Register Write to Reg: 0x0C Val: 0x00000000
In clock cycle: 429
Memory Write to Addr: 0x10010008 Val: 0x00000012
In clock cycle: 430
Memory Write to Addr: 0x10010004 Val: 0x00000005
In clock cycle: 431
Register Write to Reg: 0x14 Val: 0x00000012
In clock cycle: 433
Register Write to Reg: 0x13 Val: 0x00000012
In clock cycle: 434
Register Write to Reg: 0x0B Val: 0x1001000C
In clock cycle: 435
Register Write to Reg: 0x14 Val: 0x0000001D
In clock cycle: 436
Register Write to Reg: 0x09 Val: 0x00000003
In clock cycle: 437
Register Write to Reg: 0x0C Val: 0x00000001
In clock cycle: 440
Register Write to Reg: 0x13 Val: 0x0000001D
In clock cycle: 441
Register Write to Reg: 0x0B Val: 0x10010010
In clock cycle: 442
Register Write to Reg: 0x14 Val: 0x00000024
In clock cycle: 443
Register Write to Reg: 0x09 Val: 0x00000004
In clock cycle: 444
Register Write to Reg: 0x0C Val: 0x00000001
In clock cycle: 447
Register Write to Reg: 0x08 Val: 0x00000007
In clock cycle: 449
Register Write to Reg: 0x09 Val: 0x00000000
In clock cycle: 450
Register Write to Reg: 0x12 Val: 0x00000003
In clock cycle: 451
Register Write to Reg: 0x0B Val: 0x10010000
In clock cycle: 452
Register Write to Reg: 0x13 Val: 0x0000000E
In clock cycle: 453
Register Write to Reg: 0x0B Val: 0x10010004
In clock cycle: 454
Register Write to Reg: 0x14 Val: 0x00000005
In clock cycle: 455
Register Write to Reg: 0x09 Val: 0x00000001
In clock cycle: 456
Register Write to Reg: 0x0C Val: 0x00000000
In clock cycle: 458
Memory Write to Addr: 0x10010004 Val: 0x0000000E
In clock cycle: 459
Memory Write to Addr: 0x10010000 Val: 0x00000005
In clock cycle: 460
Register Write to Reg: 0x14 Val: 0x0000000E
In clock cycle: 462
Register Write to Reg: 0x13 Val: 0x0000000E
In clock cycle: 463
Register Write to Reg: 0x0B Val: 0x10010008
In clock cycle: 464
Register Write to Reg: 0x14 Val: 0x00000012
In clock cycle: 465
Register Write to Reg: 0x09 Val: 0x00000002
In clock cycle: 466
Register Write to Reg: 0x0C Val: 0x00000001
In clock cycle: 469
Register Write to Reg: 0x13 Val: 0x00000012
In clock cycle: 470
Register Write to Reg: 0x0B Val: 0x1001000C
In clock cycle: 471
Register Write to Reg: 0x14 Val: 0x0000001D
In clock cycle: 472
Register Write to Reg: 0x09 Val: 0x00000003
In clock cycle: 473
Register Write to Reg: 0x0C Val: 0x00000001
In clock cycle: 476
Register Write to Reg: 0x08 Val: 0x00000008
In clock cycle: 478
Register Write to Reg: 0x09 Val: 0x00000000
In clock cycle: 479
Register Write to Reg: 0x12 Val: 0x00000002
In clock cycle: 480
Register Write to Reg: 0x0B Val: 0x10010000
In clock cycle: 481
Register Write to Reg: 0x13 Val: 0x00000005
In clock cycle: 482
Register Write to Reg: 0x0B Val: 0x10010004
In clock cycle: 483
Register Write to Reg: 0x14 Val: 0x0000000E
In clock cycle: 484
Register Write to Reg: 0x09 Val: 0x00000001
In clock cycle: 485
Register Write to Reg: 0x0C Val: 0x00000001
In clock cycle: 488
Register Write to Reg: 0x13 Val: 0x0000000E
In clock cycle: 489
Register Write to Reg: 0x0B Val: 0x10010008
In clock cycle: 490
Register Write to Reg: 0x14 Val: 0x00000012
In clock cycle: 491
Register Write to Reg: 0x09 Val: 0x00000002
In clock cycle: 492
Register Write to Reg: 0x0C Val: 0x00000001
In clock cycle: 495
Register Write to Reg: 0x08 Val: 0x00000009
In clock cycle: 497
Register Write to Reg: 0x09 Val: 0x00000000
In clock cycle: 498
Register Write to Reg: 0x12 Val: 0x00000001
In clock cycle: 499
Register Write to Reg: 0x0B Val: 0x10010000
In clock cycle: 500
Register Write to Reg: 0x13 Val: 0x00000005
In clock cycle: 501
Register Write to Reg: 0x0B Val: 0x10010004
In clock cycle: 502
Register Write to Reg: 0x14 Val: 0x0000000E
In clock cycle: 503
Register Write to Reg: 0x09 Val: 0x00000001
In clock cycle: 504
Register Write to Reg: 0x0C Val: 0x00000001
In clock cycle: 507
Register Write to Reg: 0x08 Val: 0x0000000A
In clock cycle: 509
Register Write to Reg: 0x08 Val: 0x00000000
In clock cycle: 510
Register Write to Reg: 0x11 Val: 0x0000000B
In clock cycle: 511
Register Write to Reg: 0x02 Val: 0x0000000A
Execution is stopping! Clock Cycle: 513
