[inst #1] lui $16,4097
Register Write to Reg: 0x10 Val: 0x10010000
[inst #2] addiu $8,$0,0
Register Write to Reg: 0x08 Val: 0x00000000
[inst #3] addiu $9,$0,0
Register Write to Reg: 0x09 Val: 0x00000000
[inst #4] addiu $17,$0,11
Register Write to Reg: 0x11 Val: 0x0000000B
[inst #5] addiu $18,$0,11
Register Write to Reg: 0x12 Val: 0x0000000B
[inst #6] add $10,$0,$16
Register Write to Reg: 0x0A Val: 0x10010000
[inst #7] add $11,$0,$16
Register Write to Reg: 0x0B Val: 0x10010000
[inst #8] addi $17,$17,-1
Register Write to Reg: 0x11 Val: 0x0000000A
[inst #9] addiu $9,$0,0
Register Write to Reg: 0x09 Val: 0x00000000
[inst #10] addi $18,$18,-1
Register Write to Reg: 0x12 Val: 0x0000000A
[inst #11] add $11,$0,$16
Register Write to Reg: 0x0B Val: 0x10010000
[inst #12] addi $9,$9,1
Register Write to Reg: 0x09 Val: 0x00000001
[inst #13] lw $19,0($11)
Register Write to Reg: 0x13 Val: 0x00000001
[inst #14] addi $11,$11,4
Register Write to Reg: 0x0B Val: 0x10010004
[inst #15] lw $20,0($11)
Register Write to Reg: 0x14 Val: 0x00000042
[inst #16] slt $12,$19,$20
Register Write to Reg: 0x0C Val: 0x00000001
[inst #17] bne $12,$0,3
[inst #18] bne $9,$18,-10
[inst #19] addi $9,$9,1
Register Write to Reg: 0x09 Val: 0x00000002
[inst #20] lw $19,0($11)
Register Write to Reg: 0x13 Val: 0x00000042
[inst #21] addi $11,$11,4
Register Write to Reg: 0x0B Val: 0x10010008
[inst #22] lw $20,0($11)
Register Write to Reg: 0x14 Val: 0x0000002C
[inst #23] slt $12,$19,$20
Register Write to Reg: 0x0C Val: 0x00000000
[inst #24] bne $12,$0,3
[inst #25] sw $19,0($11)
Memory Write to Addr: 0x10010008 Val: 0x00000042
[inst #26] sw $20,-4($11)
Memory Write to Addr: 0x10010004 Val: 0x0000002C
[inst #27] lw $20,0($11)
Register Write to Reg: 0x14 Val: 0x00000042
[inst #28] bne $9,$18,-10
[inst #29] addi $9,$9,1
Register Write to Reg: 0x09 Val: 0x00000003
[inst #30] lw $19,0($11)
Register Write to Reg: 0x13 Val: 0x00000042
[inst #31] addi $11,$11,4
Register Write to Reg: 0x0B Val: 0x1001000C
[inst #32] lw $20,0($11)
Register Write to Reg: 0x14 Val: 0x00000049
[inst #33] slt $12,$19,$20
Register Write to Reg: 0x0C Val: 0x00000001
[inst #34] bne $12,$0,3
[inst #35] bne $9,$18,-10
[inst #36] addi $9,$9,1
Register Write to Reg: 0x09 Val: 0x00000004
[inst #37] lw $19,0($11)
Register Write to Reg: 0x13 Val: 0x00000049
[inst #38] addi $11,$11,4
Register Write to Reg: 0x0B Val: 0x10010010
[inst #39] lw $20,0($11)
Register Write to Reg: 0x14 Val: 0x00000018
[inst #40] slt $12,$19,$20
Register Write to Reg: 0x0C Val: 0x00000000
[inst #41] bne $12,$0,3
[inst #42] sw $19,0($11)
Memory Write to Addr: 0x10010010 Val: 0x00000049
[inst #43] sw $20,-4($11)
Memory Write to Addr: 0x1001000C Val: 0x00000018
[inst #44] lw $20,0($11)
Register Write to Reg: 0x14 Val: 0x00000049
[inst #45] bne $9,$18,-10
[inst #46] addi $9,$9,1
Register Write to Reg: 0x09 Val: 0x00000005
[inst #47] lw $19,0($11)
Register Write to Reg: 0x13 Val: 0x00000049
[inst #48] addi $11,$11,4
Register Write to Reg: 0x0B Val: 0x10010014
[inst #49] lw $20,0($11)
Register Write to Reg: 0x14 Val: 0x0000001F
[inst #50] slt $12,$19,$20
Register Write to Reg: 0x0C Val: 0x00000000
[inst #51] bne $12,$0,3
[inst #52] sw $19,0($11)
Memory Write to Addr: 0x10010014 Val: 0x00000049
[inst #53] sw $20,-4($11)
Memory Write to Addr: 0x10010010 Val: 0x0000001F
[inst #54] lw $20,0($11)
Register Write to Reg: 0x14 Val: 0x00000049
[inst #55] bne $9,$18,-10
[inst #56] addi $9,$9,1
Register Write to Reg: 0x09 Val: 0x00000006
[inst #57] lw $19,0($11)
Register Write to Reg: 0x13 Val: 0x00000049
[inst #58] addi $11,$11,4
Register Write to Reg: 0x0B Val: 0x10010018
[inst #59] lw $20,0($11)
Register Write to Reg: 0x14 Val: 0x00000060
[inst #60] slt $12,$19,$20
Register Write to Reg: 0x0C Val: 0x00000001
[inst #61] bne $12,$0,3
[inst #62] bne $9,$18,-10
[inst #63] addi $9,$9,1
Register Write to Reg: 0x09 Val: 0x00000007
[inst #64] lw $19,0($11)
Register Write to Reg: 0x13 Val: 0x00000060
[inst #65] addi $11,$11,4
Register Write to Reg: 0x0B Val: 0x1001001C
[inst #66] lw $20,0($11)
Register Write to Reg: 0x14 Val: 0x00000065
[inst #67] slt $12,$19,$20
Register Write to Reg: 0x0C Val: 0x00000001
[inst #68] bne $12,$0,3
[inst #69] bne $9,$18,-10
[inst #70] addi $9,$9,1
Register Write to Reg: 0x09 Val: 0x00000008
[inst #71] lw $19,0($11)
Register Write to Reg: 0x13 Val: 0x00000065
[inst #72] addi $11,$11,4
Register Write to Reg: 0x0B Val: 0x10010020
[inst #73] lw $20,0($11)
Register Write to Reg: 0x14 Val: 0x00000000
[inst #74] slt $12,$19,$20
Register Write to Reg: 0x0C Val: 0x00000000
[inst #75] bne $12,$0,3
[inst #76] sw $19,0($11)
Memory Write to Addr: 0x10010020 Val: 0x00000065
[inst #77] sw $20,-4($11)
Memory Write to Addr: 0x1001001C Val: 0x00000000
[inst #78] lw $20,0($11)
Register Write to Reg: 0x14 Val: 0x00000065
[inst #79] bne $9,$18,-10
[inst #80] addi $9,$9,1
Register Write to Reg: 0x09 Val: 0x00000009
[inst #81] lw $19,0($11)
Register Write to Reg: 0x13 Val: 0x00000065
[inst #82] addi $11,$11,4
Register Write to Reg: 0x0B Val: 0x10010024
[inst #83] lw $20,0($11)
Register Write to Reg: 0x14 Val: 0x00000053
[inst #84] slt $12,$19,$20
Register Write to Reg: 0x0C Val: 0x00000000
[inst #85] bne $12,$0,3
[inst #86] sw $19,0($11)
Memory Write to Addr: 0x10010024 Val: 0x00000065
[inst #87] sw $20,-4($11)
Memory Write to Addr: 0x10010020 Val: 0x00000053
[inst #88] lw $20,0($11)
Register Write to Reg: 0x14 Val: 0x00000065
[inst #89] bne $9,$18,-10
[inst #90] addi $9,$9,1
Register Write to Reg: 0x09 Val: 0x0000000A
[inst #91] lw $19,0($11)
Register Write to Reg: 0x13 Val: 0x00000065
[inst #92] addi $11,$11,4
Register Write to Reg: 0x0B Val: 0x10010028
[inst #93] lw $20,0($11)
Register Write to Reg: 0x14 Val: 0x00000034
[inst #94] slt $12,$19,$20
Register Write to Reg: 0x0C Val: 0x00000000
[inst #95] bne $12,$0,3
[inst #96] sw $19,0($11)
Memory Write to Addr: 0x10010028 Val: 0x00000065
[inst #97] sw $20,-4($11)
Memory Write to Addr: 0x10010024 Val: 0x00000034
[inst #98] lw $20,0($11)
Register Write to Reg: 0x14 Val: 0x00000065
[inst #99] bne $9,$18,-10
[inst #100] addi $8,$8,1
Register Write to Reg: 0x08 Val: 0x00000001
[inst #101] bne $8,$17,-15
[inst #102] addiu $9,$0,0
Register Write to Reg: 0x09 Val: 0x00000000
[inst #103] addi $18,$18,-1
Register Write to Reg: 0x12 Val: 0x00000009
[inst #104] add $11,$0,$16
Register Write to Reg: 0x0B Val: 0x10010000
[inst #105] addi $9,$9,1
Register Write to Reg: 0x09 Val: 0x00000001
[inst #106] lw $19,0($11)
Register Write to Reg: 0x13 Val: 0x00000001
[inst #107] addi $11,$11,4
Register Write to Reg: 0x0B Val: 0x10010004
[inst #108] lw $20,0($11)
Register Write to Reg: 0x14 Val: 0x0000002C
[inst #109] slt $12,$19,$20
Register Write to Reg: 0x0C Val: 0x00000001
[inst #110] bne $12,$0,3
[inst #111] bne $9,$18,-10
[inst #112] addi $9,$9,1
Register Write to Reg: 0x09 Val: 0x00000002
[inst #113] lw $19,0($11)
Register Write to Reg: 0x13 Val: 0x0000002C
[inst #114] addi $11,$11,4
Register Write to Reg: 0x0B Val: 0x10010008
[inst #115] lw $20,0($11)
Register Write to Reg: 0x14 Val: 0x00000042
[inst #116] slt $12,$19,$20
Register Write to Reg: 0x0C Val: 0x00000001
[inst #117] bne $12,$0,3
[inst #118] bne $9,$18,-10
[inst #119] addi $9,$9,1
Register Write to Reg: 0x09 Val: 0x00000003
[inst #120] lw $19,0($11)
Register Write to Reg: 0x13 Val: 0x00000042
[inst #121] addi $11,$11,4
Register Write to Reg: 0x0B Val: 0x1001000C
[inst #122] lw $20,0($11)
Register Write to Reg: 0x14 Val: 0x00000018
[inst #123] slt $12,$19,$20
Register Write to Reg: 0x0C Val: 0x00000000
[inst #124] bne $12,$0,3
[inst #125] sw $19,0($11)
Memory Write to Addr: 0x1001000C Val: 0x00000042
[inst #126] sw $20,-4($11)
Memory Write to Addr: 0x10010008 Val: 0x00000018
[inst #127] lw $20,0($11)
Register Write to Reg: 0x14 Val: 0x00000042
[inst #128] bne $9,$18,-10
[inst #129] addi $9,$9,1
Register Write to Reg: 0x09 Val: 0x00000004
[inst #130] lw $19,0($11)
Register Write to Reg: 0x13 Val: 0x00000042
[inst #131] addi $11,$11,4
Register Write to Reg: 0x0B Val: 0x10010010
[inst #132] lw $20,0($11)
Register Write to Reg: 0x14 Val: 0x0000001F
[inst #133] slt $12,$19,$20
Register Write to Reg: 0x0C Val: 0x00000000
[inst #134] bne $12,$0,3
[inst #135] sw $19,0($11)
Memory Write to Addr: 0x10010010 Val: 0x00000042
[inst #136] sw $20,-4($11)
Memory Write to Addr: 0x1001000C Val: 0x0000001F
[inst #137] lw $20,0($11)
Register Write to Reg: 0x14 Val: 0x00000042
[inst #138] bne $9,$18,-10
[inst #139] addi $9,$9,1
Register Write to Reg: 0x09 Val: 0x00000005
[inst #140] lw $19,0($11)
Register Write to Reg: 0x13 Val: 0x00000042
[inst #141] addi $11,$11,4
Register Write to Reg: 0x0B Val: 0x10010014
[inst #142] lw $20,0($11)
Register Write to Reg: 0x14 Val: 0x00000049
[inst #143] slt $12,$19,$20
Register Write to Reg: 0x0C Val: 0x00000001
[inst #144] bne $12,$0,3
[inst #145] bne $9,$18,-10
[inst #146] addi $9,$9,1
Register Write to Reg: 0x09 Val: 0x00000006
[inst #147] lw $19,0($11)
Register Write to Reg: 0x13 Val: 0x00000049
[inst #148] addi $11,$11,4
Register Write to Reg: 0x0B Val: 0x10010018
[inst #149] lw $20,0($11)
Register Write to Reg: 0x14 Val: 0x00000060
[inst #150] slt $12,$19,$20
Register Write to Reg: 0x0C Val: 0x00000001
[inst #151] bne $12,$0,3
[inst #152] bne $9,$18,-10
[inst #153] addi $9,$9,1
Register Write to Reg: 0x09 Val: 0x00000007
[inst #154] lw $19,0($11)
Register Write to Reg: 0x13 Val: 0x00000060
[inst #155] addi $11,$11,4
Register Write to Reg: 0x0B Val: 0x1001001C
[inst #156] lw $20,0($11)
Register Write to Reg: 0x14 Val: 0x00000000
[inst #157] slt $12,$19,$20
Register Write to Reg: 0x0C Val: 0x00000000
[inst #158] bne $12,$0,3
[inst #159] sw $19,0($11)
Memory Write to Addr: 0x1001001C Val: 0x00000060
[inst #160] sw $20,-4($11)
Memory Write to Addr: 0x10010018 Val: 0x00000000
[inst #161] lw $20,0($11)
Register Write to Reg: 0x14 Val: 0x00000060
[inst #162] bne $9,$18,-10
[inst #163] addi $9,$9,1
Register Write to Reg: 0x09 Val: 0x00000008
[inst #164] lw $19,0($11)
Register Write to Reg: 0x13 Val: 0x00000060
[inst #165] addi $11,$11,4
Register Write to Reg: 0x0B Val: 0x10010020
[inst #166] lw $20,0($11)
Register Write to Reg: 0x14 Val: 0x00000053
[inst #167] slt $12,$19,$20
Register Write to Reg: 0x0C Val: 0x00000000
[inst #168] bne $12,$0,3
[inst #169] sw $19,0($11)
Memory Write to Addr: 0x10010020 Val: 0x00000060
[inst #170] sw $20,-4($11)
Memory Write to Addr: 0x1001001C Val: 0x00000053
[inst #171] lw $20,0($11)
Register Write to Reg: 0x14 Val: 0x00000060
[inst #172] bne $9,$18,-10
[inst #173] addi $9,$9,1
Register Write to Reg: 0x09 Val: 0x00000009
[inst #174] lw $19,0($11)
Register Write to Reg: 0x13 Val: 0x00000060
[inst #175] addi $11,$11,4
Register Write to Reg: 0x0B Val: 0x10010024
[inst #176] lw $20,0($11)
Register Write to Reg: 0x14 Val: 0x00000034
[inst #177] slt $12,$19,$20
Register Write to Reg: 0x0C Val: 0x00000000
[inst #178] bne $12,$0,3
[inst #179] sw $19,0($11)
Memory Write to Addr: 0x10010024 Val: 0x00000060
[inst #180] sw $20,-4($11)
Memory Write to Addr: 0x10010020 Val: 0x00000034
[inst #181] lw $20,0($11)
Register Write to Reg: 0x14 Val: 0x00000060
[inst #182] bne $9,$18,-10
[inst #183] addi $8,$8,1
Register Write to Reg: 0x08 Val: 0x00000002
[inst #184] bne $8,$17,-15
[inst #185] addiu $9,$0,0
Register Write to Reg: 0x09 Val: 0x00000000
[inst #186] addi $18,$18,-1
Register Write to Reg: 0x12 Val: 0x00000008
[inst #187] add $11,$0,$16
Register Write to Reg: 0x0B Val: 0x10010000
[inst #188] addi $9,$9,1
Register Write to Reg: 0x09 Val: 0x00000001
[inst #189] lw $19,0($11)
Register Write to Reg: 0x13 Val: 0x00000001
[inst #190] addi $11,$11,4
Register Write to Reg: 0x0B Val: 0x10010004
[inst #191] lw $20,0($11)
Register Write to Reg: 0x14 Val: 0x0000002C
[inst #192] slt $12,$19,$20
Register Write to Reg: 0x0C Val: 0x00000001
[inst #193] bne $12,$0,3
[inst #194] bne $9,$18,-10
[inst #195] addi $9,$9,1
Register Write to Reg: 0x09 Val: 0x00000002
[inst #196] lw $19,0($11)
Register Write to Reg: 0x13 Val: 0x0000002C
[inst #197] addi $11,$11,4
Register Write to Reg: 0x0B Val: 0x10010008
[inst #198] lw $20,0($11)
Register Write to Reg: 0x14 Val: 0x00000018
[inst #199] slt $12,$19,$20
Register Write to Reg: 0x0C Val: 0x00000000
[inst #200] bne $12,$0,3
[inst #201] sw $19,0($11)
Memory Write to Addr: 0x10010008 Val: 0x0000002C
[inst #202] sw $20,-4($11)
Memory Write to Addr: 0x10010004 Val: 0x00000018
[inst #203] lw $20,0($11)
Register Write to Reg: 0x14 Val: 0x0000002C
[inst #204] bne $9,$18,-10
[inst #205] addi $9,$9,1
Register Write to Reg: 0x09 Val: 0x00000003
[inst #206] lw $19,0($11)
Register Write to Reg: 0x13 Val: 0x0000002C
[inst #207] addi $11,$11,4
Register Write to Reg: 0x0B Val: 0x1001000C
[inst #208] lw $20,0($11)
Register Write to Reg: 0x14 Val: 0x0000001F
[inst #209] slt $12,$19,$20
Register Write to Reg: 0x0C Val: 0x00000000
[inst #210] bne $12,$0,3
[inst #211] sw $19,0($11)
Memory Write to Addr: 0x1001000C Val: 0x0000002C
[inst #212] sw $20,-4($11)
Memory Write to Addr: 0x10010008 Val: 0x0000001F
[inst #213] lw $20,0($11)
Register Write to Reg: 0x14 Val: 0x0000002C
[inst #214] bne $9,$18,-10
[inst #215] addi $9,$9,1
Register Write to Reg: 0x09 Val: 0x00000004
[inst #216] lw $19,0($11)
Register Write to Reg: 0x13 Val: 0x0000002C
[inst #217] addi $11,$11,4
Register Write to Reg: 0x0B Val: 0x10010010
[inst #218] lw $20,0($11)
Register Write to Reg: 0x14 Val: 0x00000042
[inst #219] slt $12,$19,$20
Register Write to Reg: 0x0C Val: 0x00000001
[inst #220] bne $12,$0,3
[inst #221] bne $9,$18,-10
[inst #222] addi $9,$9,1
Register Write to Reg: 0x09 Val: 0x00000005
[inst #223] lw $19,0($11)
Register Write to Reg: 0x13 Val: 0x00000042
[inst #224] addi $11,$11,4
Register Write to Reg: 0x0B Val: 0x10010014
[inst #225] lw $20,0($11)
Register Write to Reg: 0x14 Val: 0x00000049
[inst #226] slt $12,$19,$20
Register Write to Reg: 0x0C Val: 0x00000001
[inst #227] bne $12,$0,3
[inst #228] bne $9,$18,-10
[inst #229] addi $9,$9,1
Register Write to Reg: 0x09 Val: 0x00000006
[inst #230] lw $19,0($11)
Register Write to Reg: 0x13 Val: 0x00000049
[inst #231] addi $11,$11,4
Register Write to Reg: 0x0B Val: 0x10010018
[inst #232] lw $20,0($11)
Register Write to Reg: 0x14 Val: 0x00000000
[inst #233] slt $12,$19,$20
Register Write to Reg: 0x0C Val: 0x00000000
[inst #234] bne $12,$0,3
[inst #235] sw $19,0($11)
Memory Write to Addr: 0x10010018 Val: 0x00000049
[inst #236] sw $20,-4($11)
Memory Write to Addr: 0x10010014 Val: 0x00000000
[inst #237] lw $20,0($11)
Register Write to Reg: 0x14 Val: 0x00000049
[inst #238] bne $9,$18,-10
[inst #239] addi $9,$9,1
Register Write to Reg: 0x09 Val: 0x00000007
[inst #240] lw $19,0($11)
Register Write to Reg: 0x13 Val: 0x00000049
[inst #241] addi $11,$11,4
Register Write to Reg: 0x0B Val: 0x1001001C
[inst #242] lw $20,0($11)
Register Write to Reg: 0x14 Val: 0x00000053
[inst #243] slt $12,$19,$20
Register Write to Reg: 0x0C Val: 0x00000001
[inst #244] bne $12,$0,3
[inst #245] bne $9,$18,-10
[inst #246] addi $9,$9,1
Register Write to Reg: 0x09 Val: 0x00000008
[inst #247] lw $19,0($11)
Register Write to Reg: 0x13 Val: 0x00000053
[inst #248] addi $11,$11,4
Register Write to Reg: 0x0B Val: 0x10010020
[inst #249] lw $20,0($11)
Register Write to Reg: 0x14 Val: 0x00000034
[inst #250] slt $12,$19,$20
Register Write to Reg: 0x0C Val: 0x00000000
[inst #251] bne $12,$0,3
[inst #252] sw $19,0($11)
Memory Write to Addr: 0x10010020 Val: 0x00000053
[inst #253] sw $20,-4($11)
Memory Write to Addr: 0x1001001C Val: 0x00000034
[inst #254] lw $20,0($11)
Register Write to Reg: 0x14 Val: 0x00000053
[inst #255] bne $9,$18,-10
[inst #256] addi $8,$8,1
Register Write to Reg: 0x08 Val: 0x00000003
[inst #257] bne $8,$17,-15
[inst #258] addiu $9,$0,0
Register Write to Reg: 0x09 Val: 0x00000000
[inst #259] addi $18,$18,-1
Register Write to Reg: 0x12 Val: 0x00000007
[inst #260] add $11,$0,$16
Register Write to Reg: 0x0B Val: 0x10010000
[inst #261] addi $9,$9,1
Register Write to Reg: 0x09 Val: 0x00000001
[inst #262] lw $19,0($11)
Register Write to Reg: 0x13 Val: 0x00000001
[inst #263] addi $11,$11,4
Register Write to Reg: 0x0B Val: 0x10010004
[inst #264] lw $20,0($11)
Register Write to Reg: 0x14 Val: 0x00000018
[inst #265] slt $12,$19,$20
Register Write to Reg: 0x0C Val: 0x00000001
[inst #266] bne $12,$0,3
[inst #267] bne $9,$18,-10
[inst #268] addi $9,$9,1
Register Write to Reg: 0x09 Val: 0x00000002
[inst #269] lw $19,0($11)
Register Write to Reg: 0x13 Val: 0x00000018
[inst #270] addi $11,$11,4
Register Write to Reg: 0x0B Val: 0x10010008
[inst #271] lw $20,0($11)
Register Write to Reg: 0x14 Val: 0x0000001F
[inst #272] slt $12,$19,$20
Register Write to Reg: 0x0C Val: 0x00000001
[inst #273] bne $12,$0,3
[inst #274] bne $9,$18,-10
[inst #275] addi $9,$9,1
Register Write to Reg: 0x09 Val: 0x00000003
[inst #276] lw $19,0($11)
Register Write to Reg: 0x13 Val: 0x0000001F
[inst #277] addi $11,$11,4
Register Write to Reg: 0x0B Val: 0x1001000C
[inst #278] lw $20,0($11)
Register Write to Reg: 0x14 Val: 0x0000002C
[inst #279] slt $12,$19,$20
Register Write to Reg: 0x0C Val: 0x00000001
[inst #280] bne $12,$0,3
[inst #281] bne $9,$18,-10
[inst #282] addi $9,$9,1
Register Write to Reg: 0x09 Val: 0x00000004
[inst #283] lw $19,0($11)
Register Write to Reg: 0x13 Val: 0x0000002C
[inst #284] addi $11,$11,4
Register Write to Reg: 0x0B Val: 0x10010010
[inst #285] lw $20,0($11)
Register Write to Reg: 0x14 Val: 0x00000042
[inst #286] slt $12,$19,$20
Register Write to Reg: 0x0C Val: 0x00000001
[inst #287] bne $12,$0,3
[inst #288] bne $9,$18,-10
[inst #289] addi $9,$9,1
Register Write to Reg: 0x09 Val: 0x00000005
[inst #290] lw $19,0($11)
Register Write to Reg: 0x13 Val: 0x00000042
[inst #291] addi $11,$11,4
Register Write to Reg: 0x0B Val: 0x10010014
[inst #292] lw $20,0($11)
Register Write to Reg: 0x14 Val: 0x00000000
[inst #293] slt $12,$19,$20
Register Write to Reg: 0x0C Val: 0x00000000
[inst #294] bne $12,$0,3
[inst #295] sw $19,0($11)
Memory Write to Addr: 0x10010014 Val: 0x00000042
[inst #296] sw $20,-4($11)
Memory Write to Addr: 0x10010010 Val: 0x00000000
[inst #297] lw $20,0($11)
Register Write to Reg: 0x14 Val: 0x00000042
[inst #298] bne $9,$18,-10
[inst #299] addi $9,$9,1
Register Write to Reg: 0x09 Val: 0x00000006
[inst #300] lw $19,0($11)
Register Write to Reg: 0x13 Val: 0x00000042
[inst #301] addi $11,$11,4
Register Write to Reg: 0x0B Val: 0x10010018
[inst #302] lw $20,0($11)
Register Write to Reg: 0x14 Val: 0x00000049
[inst #303] slt $12,$19,$20
Register Write to Reg: 0x0C Val: 0x00000001
[inst #304] bne $12,$0,3
[inst #305] bne $9,$18,-10
[inst #306] addi $9,$9,1
Register Write to Reg: 0x09 Val: 0x00000007
[inst #307] lw $19,0($11)
Register Write to Reg: 0x13 Val: 0x00000049
[inst #308] addi $11,$11,4
Register Write to Reg: 0x0B Val: 0x1001001C
[inst #309] lw $20,0($11)
Register Write to Reg: 0x14 Val: 0x00000034
[inst #310] slt $12,$19,$20
Register Write to Reg: 0x0C Val: 0x00000000
[inst #311] bne $12,$0,3
[inst #312] sw $19,0($11)
Memory Write to Addr: 0x1001001C Val: 0x00000049
[inst #313] sw $20,-4($11)
Memory Write to Addr: 0x10010018 Val: 0x00000034
[inst #314] lw $20,0($11)
Register Write to Reg: 0x14 Val: 0x00000049
[inst #315] bne $9,$18,-10
[inst #316] addi $8,$8,1
Register Write to Reg: 0x08 Val: 0x00000004
[inst #317] bne $8,$17,-15
[inst #318] addiu $9,$0,0
Register Write to Reg: 0x09 Val: 0x00000000
[inst #319] addi $18,$18,-1
Register Write to Reg: 0x12 Val: 0x00000006
[inst #320] add $11,$0,$16
Register Write to Reg: 0x0B Val: 0x10010000
[inst #321] addi $9,$9,1
Register Write to Reg: 0x09 Val: 0x00000001
[inst #322] lw $19,0($11)
Register Write to Reg: 0x13 Val: 0x00000001
[inst #323] addi $11,$11,4
Register Write to Reg: 0x0B Val: 0x10010004
[inst #324] lw $20,0($11)
Register Write to Reg: 0x14 Val: 0x00000018
[inst #325] slt $12,$19,$20
Register Write to Reg: 0x0C Val: 0x00000001
[inst #326] bne $12,$0,3
[inst #327] bne $9,$18,-10
[inst #328] addi $9,$9,1
Register Write to Reg: 0x09 Val: 0x00000002
[inst #329] lw $19,0($11)
Register Write to Reg: 0x13 Val: 0x00000018
[inst #330] addi $11,$11,4
Register Write to Reg: 0x0B Val: 0x10010008
[inst #331] lw $20,0($11)
Register Write to Reg: 0x14 Val: 0x0000001F
[inst #332] slt $12,$19,$20
Register Write to Reg: 0x0C Val: 0x00000001
[inst #333] bne $12,$0,3
[inst #334] bne $9,$18,-10
[inst #335] addi $9,$9,1
Register Write to Reg: 0x09 Val: 0x00000003
[inst #336] lw $19,0($11)
Register Write to Reg: 0x13 Val: 0x0000001F
[inst #337] addi $11,$11,4
Register Write to Reg: 0x0B Val: 0x1001000C
[inst #338] lw $20,0($11)
Register Write to Reg: 0x14 Val: 0x0000002C
[inst #339] slt $12,$19,$20
Register Write to Reg: 0x0C Val: 0x00000001
[inst #340] bne $12,$0,3
[inst #341] bne $9,$18,-10
[inst #342] addi $9,$9,1
Register Write to Reg: 0x09 Val: 0x00000004
[inst #343] lw $19,0($11)
Register Write to Reg: 0x13 Val: 0x0000002C
[inst #344] addi $11,$11,4
Register Write to Reg: 0x0B Val: 0x10010010
[inst #345] lw $20,0($11)
Register Write to Reg: 0x14 Val: 0x00000000
[inst #346] slt $12,$19,$20
Register Write to Reg: 0x0C Val: 0x00000000
[inst #347] bne $12,$0,3
[inst #348] sw $19,0($11)
Memory Write to Addr: 0x10010010 Val: 0x0000002C
[inst #349] sw $20,-4($11)
Memory Write to Addr: 0x1001000C Val: 0x00000000
[inst #350] lw $20,0($11)
Register Write to Reg: 0x14 Val: 0x0000002C
[inst #351] bne $9,$18,-10
[inst #352] addi $9,$9,1
Register Write to Reg: 0x09 Val: 0x00000005
[inst #353] lw $19,0($11)
Register Write to Reg: 0x13 Val: 0x0000002C
[inst #354] addi $11,$11,4
Register Write to Reg: 0x0B Val: 0x10010014
[inst #355] lw $20,0($11)
Register Write to Reg: 0x14 Val: 0x00000042
[inst #356] slt $12,$19,$20
Register Write to Reg: 0x0C Val: 0x00000001
[inst #357] bne $12,$0,3
[inst #358] bne $9,$18,-10
[inst #359] addi $9,$9,1
Register Write to Reg: 0x09 Val: 0x00000006
[inst #360] lw $19,0($11)
Register Write to Reg: 0x13 Val: 0x00000042
[inst #361] addi $11,$11,4
Register Write to Reg: 0x0B Val: 0x10010018
[inst #362] lw $20,0($11)
Register Write to Reg: 0x14 Val: 0x00000034
[inst #363] slt $12,$19,$20
Register Write to Reg: 0x0C Val: 0x00000000
[inst #364] bne $12,$0,3
[inst #365] sw $19,0($11)
Memory Write to Addr: 0x10010018 Val: 0x00000042
[inst #366] sw $20,-4($11)
Memory Write to Addr: 0x10010014 Val: 0x00000034
[inst #367] lw $20,0($11)
Register Write to Reg: 0x14 Val: 0x00000042
[inst #368] bne $9,$18,-10
[inst #369] addi $8,$8,1
Register Write to Reg: 0x08 Val: 0x00000005
[inst #370] bne $8,$17,-15
[inst #371] addiu $9,$0,0
Register Write to Reg: 0x09 Val: 0x00000000
[inst #372] addi $18,$18,-1
Register Write to Reg: 0x12 Val: 0x00000005
[inst #373] add $11,$0,$16
Register Write to Reg: 0x0B Val: 0x10010000
[inst #374] addi $9,$9,1
Register Write to Reg: 0x09 Val: 0x00000001
[inst #375] lw $19,0($11)
Register Write to Reg: 0x13 Val: 0x00000001
[inst #376] addi $11,$11,4
Register Write to Reg: 0x0B Val: 0x10010004
[inst #377] lw $20,0($11)
Register Write to Reg: 0x14 Val: 0x00000018
[inst #378] slt $12,$19,$20
Register Write to Reg: 0x0C Val: 0x00000001
[inst #379] bne $12,$0,3
[inst #380] bne $9,$18,-10
[inst #381] addi $9,$9,1
Register Write to Reg: 0x09 Val: 0x00000002
[inst #382] lw $19,0($11)
Register Write to Reg: 0x13 Val: 0x00000018
[inst #383] addi $11,$11,4
Register Write to Reg: 0x0B Val: 0x10010008
[inst #384] lw $20,0($11)
Register Write to Reg: 0x14 Val: 0x0000001F
[inst #385] slt $12,$19,$20
Register Write to Reg: 0x0C Val: 0x00000001
[inst #386] bne $12,$0,3
[inst #387] bne $9,$18,-10
[inst #388] addi $9,$9,1
Register Write to Reg: 0x09 Val: 0x00000003
[inst #389] lw $19,0($11)
Register Write to Reg: 0x13 Val: 0x0000001F
[inst #390] addi $11,$11,4
Register Write to Reg: 0x0B Val: 0x1001000C
[inst #391] lw $20,0($11)
Register Write to Reg: 0x14 Val: 0x00000000
[inst #392] slt $12,$19,$20
Register Write to Reg: 0x0C Val: 0x00000000
[inst #393] bne $12,$0,3
[inst #394] sw $19,0($11)
Memory Write to Addr: 0x1001000C Val: 0x0000001F
[inst #395] sw $20,-4($11)
Memory Write to Addr: 0x10010008 Val: 0x00000000
[inst #396] lw $20,0($11)
Register Write to Reg: 0x14 Val: 0x0000001F
[inst #397] bne $9,$18,-10
[inst #398] addi $9,$9,1
Register Write to Reg: 0x09 Val: 0x00000004
[inst #399] lw $19,0($11)
Register Write to Reg: 0x13 Val: 0x0000001F
[inst #400] addi $11,$11,4
Register Write to Reg: 0x0B Val: 0x10010010
[inst #401] lw $20,0($11)
Register Write to Reg: 0x14 Val: 0x0000002C
[inst #402] slt $12,$19,$20
Register Write to Reg: 0x0C Val: 0x00000001
[inst #403] bne $12,$0,3
[inst #404] bne $9,$18,-10
[inst #405] addi $9,$9,1
Register Write to Reg: 0x09 Val: 0x00000005
[inst #406] lw $19,0($11)
Register Write to Reg: 0x13 Val: 0x0000002C
[inst #407] addi $11,$11,4
Register Write to Reg: 0x0B Val: 0x10010014
[inst #408] lw $20,0($11)
Register Write to Reg: 0x14 Val: 0x00000034
[inst #409] slt $12,$19,$20
Register Write to Reg: 0x0C Val: 0x00000001
[inst #410] bne $12,$0,3
[inst #411] bne $9,$18,-10
[inst #412] addi $8,$8,1
Register Write to Reg: 0x08 Val: 0x00000006
[inst #413] bne $8,$17,-15
[inst #414] addiu $9,$0,0
Register Write to Reg: 0x09 Val: 0x00000000
[inst #415] addi $18,$18,-1
Register Write to Reg: 0x12 Val: 0x00000004
[inst #416] add $11,$0,$16
Register Write to Reg: 0x0B Val: 0x10010000
[inst #417] addi $9,$9,1
Register Write to Reg: 0x09 Val: 0x00000001
[inst #418] lw $19,0($11)
Register Write to Reg: 0x13 Val: 0x00000001
[inst #419] addi $11,$11,4
Register Write to Reg: 0x0B Val: 0x10010004
[inst #420] lw $20,0($11)
Register Write to Reg: 0x14 Val: 0x00000018
[inst #421] slt $12,$19,$20
Register Write to Reg: 0x0C Val: 0x00000001
[inst #422] bne $12,$0,3
[inst #423] bne $9,$18,-10
[inst #424] addi $9,$9,1
Register Write to Reg: 0x09 Val: 0x00000002
[inst #425] lw $19,0($11)
Register Write to Reg: 0x13 Val: 0x00000018
[inst #426] addi $11,$11,4
Register Write to Reg: 0x0B Val: 0x10010008
[inst #427] lw $20,0($11)
Register Write to Reg: 0x14 Val: 0x00000000
[inst #428] slt $12,$19,$20
Register Write to Reg: 0x0C Val: 0x00000000
[inst #429] bne $12,$0,3
[inst #430] sw $19,0($11)
Memory Write to Addr: 0x10010008 Val: 0x00000018
[inst #431] sw $20,-4($11)
Memory Write to Addr: 0x10010004 Val: 0x00000000
[inst #432] lw $20,0($11)
Register Write to Reg: 0x14 Val: 0x00000018
[inst #433] bne $9,$18,-10
[inst #434] addi $9,$9,1
Register Write to Reg: 0x09 Val: 0x00000003
[inst #435] lw $19,0($11)
Register Write to Reg: 0x13 Val: 0x00000018
[inst #436] addi $11,$11,4
Register Write to Reg: 0x0B Val: 0x1001000C
[inst #437] lw $20,0($11)
Register Write to Reg: 0x14 Val: 0x0000001F
[inst #438] slt $12,$19,$20
Register Write to Reg: 0x0C Val: 0x00000001
[inst #439] bne $12,$0,3
[inst #440] bne $9,$18,-10
[inst #441] addi $9,$9,1
Register Write to Reg: 0x09 Val: 0x00000004
[inst #442] lw $19,0($11)
Register Write to Reg: 0x13 Val: 0x0000001F
[inst #443] addi $11,$11,4
Register Write to Reg: 0x0B Val: 0x10010010
[inst #444] lw $20,0($11)
Register Write to Reg: 0x14 Val: 0x0000002C
[inst #445] slt $12,$19,$20
Register Write to Reg: 0x0C Val: 0x00000001
[inst #446] bne $12,$0,3
[inst #447] bne $9,$18,-10
[inst #448] addi $8,$8,1
Register Write to Reg: 0x08 Val: 0x00000007
[inst #449] bne $8,$17,-15
[inst #450] addiu $9,$0,0
Register Write to Reg: 0x09 Val: 0x00000000
[inst #451] addi $18,$18,-1
Register Write to Reg: 0x12 Val: 0x00000003
[inst #452] add $11,$0,$16
Register Write to Reg: 0x0B Val: 0x10010000
[inst #453] addi $9,$9,1
Register Write to Reg: 0x09 Val: 0x00000001
[inst #454] lw $19,0($11)
Register Write to Reg: 0x13 Val: 0x00000001
[inst #455] addi $11,$11,4
Register Write to Reg: 0x0B Val: 0x10010004
[inst #456] lw $20,0($11)
Register Write to Reg: 0x14 Val: 0x00000000
[inst #457] slt $12,$19,$20
Register Write to Reg: 0x0C Val: 0x00000000
[inst #458] bne $12,$0,3
[inst #459] sw $19,0($11)
Memory Write to Addr: 0x10010004 Val: 0x00000001
[inst #460] sw $20,-4($11)
Memory Write to Addr: 0x10010000 Val: 0x00000000
[inst #461] lw $20,0($11)
Register Write to Reg: 0x14 Val: 0x00000001
[inst #462] bne $9,$18,-10
[inst #463] addi $9,$9,1
Register Write to Reg: 0x09 Val: 0x00000002
[inst #464] lw $19,0($11)
Register Write to Reg: 0x13 Val: 0x00000001
[inst #465] addi $11,$11,4
Register Write to Reg: 0x0B Val: 0x10010008
[inst #466] lw $20,0($11)
Register Write to Reg: 0x14 Val: 0x00000018
[inst #467] slt $12,$19,$20
Register Write to Reg: 0x0C Val: 0x00000001
[inst #468] bne $12,$0,3
[inst #469] bne $9,$18,-10
[inst #470] addi $9,$9,1
Register Write to Reg: 0x09 Val: 0x00000003
[inst #471] lw $19,0($11)
Register Write to Reg: 0x13 Val: 0x00000018
[inst #472] addi $11,$11,4
Register Write to Reg: 0x0B Val: 0x1001000C
[inst #473] lw $20,0($11)
Register Write to Reg: 0x14 Val: 0x0000001F
[inst #474] slt $12,$19,$20
Register Write to Reg: 0x0C Val: 0x00000001
[inst #475] bne $12,$0,3
[inst #476] bne $9,$18,-10
[inst #477] addi $8,$8,1
Register Write to Reg: 0x08 Val: 0x00000008
[inst #478] bne $8,$17,-15
[inst #479] addiu $9,$0,0
Register Write to Reg: 0x09 Val: 0x00000000
[inst #480] addi $18,$18,-1
Register Write to Reg: 0x12 Val: 0x00000002
[inst #481] add $11,$0,$16
Register Write to Reg: 0x0B Val: 0x10010000
[inst #482] addi $9,$9,1
Register Write to Reg: 0x09 Val: 0x00000001
[inst #483] lw $19,0($11)
Register Write to Reg: 0x13 Val: 0x00000000
[inst #484] addi $11,$11,4
Register Write to Reg: 0x0B Val: 0x10010004
[inst #485] lw $20,0($11)
Register Write to Reg: 0x14 Val: 0x00000001
[inst #486] slt $12,$19,$20
Register Write to Reg: 0x0C Val: 0x00000001
[inst #487] bne $12,$0,3
[inst #488] bne $9,$18,-10
[inst #489] addi $9,$9,1
Register Write to Reg: 0x09 Val: 0x00000002
[inst #490] lw $19,0($11)
Register Write to Reg: 0x13 Val: 0x00000001
[inst #491] addi $11,$11,4
Register Write to Reg: 0x0B Val: 0x10010008
[inst #492] lw $20,0($11)
Register Write to Reg: 0x14 Val: 0x00000018
[inst #493] slt $12,$19,$20
Register Write to Reg: 0x0C Val: 0x00000001
[inst #494] bne $12,$0,3
[inst #495] bne $9,$18,-10
[inst #496] addi $8,$8,1
Register Write to Reg: 0x08 Val: 0x00000009
[inst #497] bne $8,$17,-15
[inst #498] addiu $9,$0,0
Register Write to Reg: 0x09 Val: 0x00000000
[inst #499] addi $18,$18,-1
Register Write to Reg: 0x12 Val: 0x00000001
[inst #500] add $11,$0,$16
Register Write to Reg: 0x0B Val: 0x10010000
[inst #501] addi $9,$9,1
Register Write to Reg: 0x09 Val: 0x00000001
[inst #502] lw $19,0($11)
Register Write to Reg: 0x13 Val: 0x00000000
[inst #503] addi $11,$11,4
Register Write to Reg: 0x0B Val: 0x10010004
[inst #504] lw $20,0($11)
Register Write to Reg: 0x14 Val: 0x00000001
[inst #505] slt $12,$19,$20
Register Write to Reg: 0x0C Val: 0x00000001
[inst #506] bne $12,$0,3
[inst #507] bne $9,$18,-10
[inst #508] addi $8,$8,1
Register Write to Reg: 0x08 Val: 0x0000000A
[inst #509] bne $8,$17,-15
[inst #510] addiu $8,$0,0
Register Write to Reg: 0x08 Val: 0x00000000
[inst #511] addi $17,$17,1
Register Write to Reg: 0x11 Val: 0x0000000B
[inst #512] addiu $2,$0,10
Register Write to Reg: 0x02 Val: 0x0000000A
[inst #513] syscall 

