In clock cycle: 3
Register Write to Reg: 0x00 Val: 0x00000000
In clock cycle: 4
Register Write to Reg: 0x01 Val: 0x10010000
In clock cycle: 5
Register Write to Reg: 0x08 Val: 0x10010000
In clock cycle: 6
Register Write to Reg: 0x09 Val: 0x0000000A
In clock cycle: 11
Register Write to Reg: 0x01 Val: 0x00000001
In clock cycle: 12
Register Write to Reg: 0x09 Val: 0x00000009
In clock cycle: 13
Memory Write to Addr: 0x10010000 Val: 0x0000000A
In clock cycle: 15
Register Write to Reg: 0x01 Val: 0x00400000
In clock cycle: 16
Register Write to Reg: 0x1F Val: 0x0040000C
In clock cycle: 18
Register Write to Reg: 0x00 Val: 0x00000000
In clock cycle: 19
Register Write to Reg: 0x01 Val: 0x10010000
In clock cycle: 20
Register Write to Reg: 0x08 Val: 0x10010000
In clock cycle: 21
Register Write to Reg: 0x09 Val: 0x0000000A
In clock cycle: 26
Register Write to Reg: 0x01 Val: 0x00000001
In clock cycle: 27
Register Write to Reg: 0x09 Val: 0x00000009
In clock cycle: 28
Memory Write to Addr: 0x10010000 Val: 0x0000000A
In clock cycle: 30
Register Write to Reg: 0x01 Val: 0x00400000
In clock cycle: 31
Register Write to Reg: 0x1F Val: 0x0040000C
In clock cycle: 33
Register Write to Reg: 0x00 Val: 0x00000000
In clock cycle: 38
Register Write to Reg: 0x01 Val: 0x00000001
In clock cycle: 39
Register Write to Reg: 0x09 Val: 0x00000008
In clock cycle: 40
Memory Write to Addr: 0x10010000 Val: 0x00000009
In clock cycle: 42
Register Write to Reg: 0x01 Val: 0x00400000
In clock cycle: 43
Register Write to Reg: 0x1F Val: 0x0040000C
In clock cycle: 45
Register Write to Reg: 0x00 Val: 0x00000000
In clock cycle: 50
Register Write to Reg: 0x01 Val: 0x00000001
In clock cycle: 51
Register Write to Reg: 0x09 Val: 0x00000007
In clock cycle: 52
Memory Write to Addr: 0x10010000 Val: 0x00000008
In clock cycle: 54
Register Write to Reg: 0x01 Val: 0x00400000
In clock cycle: 55
Register Write to Reg: 0x1F Val: 0x0040000C
In clock cycle: 57
Register Write to Reg: 0x00 Val: 0x00000000
In clock cycle: 62
Register Write to Reg: 0x01 Val: 0x00000001
In clock cycle: 63
Register Write to Reg: 0x09 Val: 0x00000006
In clock cycle: 64
Memory Write to Addr: 0x10010000 Val: 0x00000007
In clock cycle: 66
Register Write to Reg: 0x01 Val: 0x00400000
In clock cycle: 67
Register Write to Reg: 0x1F Val: 0x0040000C
In clock cycle: 69
Register Write to Reg: 0x00 Val: 0x00000000
In clock cycle: 74
Register Write to Reg: 0x01 Val: 0x00000001
In clock cycle: 75
Register Write to Reg: 0x09 Val: 0x00000005
In clock cycle: 76
Memory Write to Addr: 0x10010000 Val: 0x00000006
In clock cycle: 78
Register Write to Reg: 0x01 Val: 0x00400000
In clock cycle: 79
Register Write to Reg: 0x1F Val: 0x0040000C
In clock cycle: 81
Register Write to Reg: 0x00 Val: 0x00000000
In clock cycle: 86
Register Write to Reg: 0x01 Val: 0x00000001
In clock cycle: 87
Register Write to Reg: 0x09 Val: 0x00000004
In clock cycle: 88
Memory Write to Addr: 0x10010000 Val: 0x00000005
In clock cycle: 90
Register Write to Reg: 0x01 Val: 0x00400000
In clock cycle: 91
Register Write to Reg: 0x1F Val: 0x0040000C
In clock cycle: 93
Register Write to Reg: 0x00 Val: 0x00000000
In clock cycle: 98
Register Write to Reg: 0x01 Val: 0x00000001
In clock cycle: 99
Register Write to Reg: 0x09 Val: 0x00000003
In clock cycle: 100
Memory Write to Addr: 0x10010000 Val: 0x00000004
In clock cycle: 102
Register Write to Reg: 0x01 Val: 0x00400000
In clock cycle: 103
Register Write to Reg: 0x1F Val: 0x0040000C
In clock cycle: 105
Register Write to Reg: 0x00 Val: 0x00000000
In clock cycle: 110
Register Write to Reg: 0x01 Val: 0x00000001
In clock cycle: 111
Register Write to Reg: 0x09 Val: 0x00000002
In clock cycle: 112
Memory Write to Addr: 0x10010000 Val: 0x00000003
In clock cycle: 114
Register Write to Reg: 0x01 Val: 0x00400000
In clock cycle: 115
Register Write to Reg: 0x1F Val: 0x0040000C
In clock cycle: 117
Register Write to Reg: 0x00 Val: 0x00000000
In clock cycle: 122
Register Write to Reg: 0x01 Val: 0x00000001
In clock cycle: 123
Register Write to Reg: 0x09 Val: 0x00000001
In clock cycle: 124
Memory Write to Addr: 0x10010000 Val: 0x00000002
In clock cycle: 126
Register Write to Reg: 0x01 Val: 0x00400000
In clock cycle: 127
Register Write to Reg: 0x1F Val: 0x0040000C
In clock cycle: 129
Register Write to Reg: 0x00 Val: 0x00000000
In clock cycle: 134
Register Write to Reg: 0x01 Val: 0x00000001
In clock cycle: 135
Register Write to Reg: 0x09 Val: 0x00000000
In clock cycle: 136
Memory Write to Addr: 0x10010000 Val: 0x00000001
In clock cycle: 138
Register Write to Reg: 0x01 Val: 0x00400000
In clock cycle: 139
Register Write to Reg: 0x1F Val: 0x0040000C
In clock cycle: 141
Register Write to Reg: 0x00 Val: 0x00000000
In clock cycle: 146
Register Write to Reg: 0x00 Val: 0x00000000
Execution is stopping! Clock Cycle: 147
